#
# There is insufficient memory for the Java Runtime Environment to continue.
# Native memory allocation (malloc) failed to allocate 32744 bytes. Error detail: Chunk::new
# Possible reasons:
#   The system is out of physical RAM or swap space
#   This process is running with CompressedOops enabled, and the Java Heap may be blocking the growth of the native heap
# Possible solutions:
#   Reduce memory load on the system
#   Increase physical memory or swap space
#   Check if swap backing store is full
#   Decrease Java heap size (-Xmx/-Xms)
#   Decrease number of Java threads
#   Decrease Java thread stack sizes (-Xss)
#   Set larger code cache with -XX:ReservedCodeCacheSize=
#   JVM is running with Unscaled Compressed Oops mode in which the Java heap is
#     placed in the first 4GB address space. The Java Heap base address is the
#     maximum limit for the native heap growth. Please use -XX:HeapBaseMinAddress
#     to set the Java Heap base and to place the Java Heap above 4GB virtual address.
# This output file may be truncated or incomplete.
#
#  Out of Memory Error (arena.cpp:149), pid=19020, tid=19420
#
# JRE version: Java(TM) SE Runtime Environment (23.0.1+11) (build 23.0.1+11-39)
# Java VM: Java HotSpot(TM) 64-Bit Server VM (23.0.1+11-39, mixed mode, sharing, tiered, compressed oops, compressed class ptrs, g1 gc, windows-amd64)
# No core dump will be written. Minidumps are not enabled by default on client versions of Windows
#

---------------  S U M M A R Y ------------

Command Line: -ea -Xmx512m -Dfile.encoding=UTF-8 -Dstdout.encoding=UTF-8 -Dstderr.encoding=UTF-8 -XX:+ShowCodeDetailsInExceptionMessages org.testng.remote.RemoteTestNG -serport 61869 -protocol json -d C:\Users\nagar\git\repository\Seleniumfirstprojcet\test-output C:\Users\nagar\AppData\Local\Temp\testng-eclipse--1055379210\testng-customsuite.xml

Host: AMD Athlon Silver 3050U with Radeon Graphics   , 2 cores, 5G,  Windows 11 , 64 bit Build 26100 (10.0.26100.2454)
Time: Wed Dec 25 03:26:20 2024 India Standard Time elapsed time: 1.949704 seconds (0d 0h 0m 1s)

---------------  T H R E A D  ---------------

Current thread (0x000002e2002db3c0):  JavaThread "C1 CompilerThread0" daemon [_thread_in_native, id=19420, stack(0x000000feb5c00000,0x000000feb5d00000) (1024K)]


Current CompileTask:
C1:1949 1166       3       java.net.URLStreamHandler::parseURL (1124 bytes)

Stack: [0x000000feb5c00000,0x000000feb5d00000]
Native frames: (J=compiled Java code, j=interpreted, Vv=VM code, C=native code)
V  [jvm.dll+0x6e08b9]  (no source info available)
V  [jvm.dll+0x87dc83]  (no source info available)
V  [jvm.dll+0x88010e]  (no source info available)
V  [jvm.dll+0x8807e3]  (no source info available)
V  [jvm.dll+0x27aee6]  (no source info available)
V  [jvm.dll+0xbc06f]  (no source info available)
V  [jvm.dll+0xbc2cb]  (no source info available)
V  [jvm.dll+0x1a7be9]  (no source info available)
V  [jvm.dll+0x1a8818]  (no source info available)
V  [jvm.dll+0x1a77ba]  (no source info available)
V  [jvm.dll+0x14fea8]  (no source info available)
V  [jvm.dll+0x150173]  (no source info available)
V  [jvm.dll+0x1504db]  (no source info available)
V  [jvm.dll+0x14f8a8]  (no source info available)
V  [jvm.dll+0x1516ed]  (no source info available)
V  [jvm.dll+0x253cf1]  (no source info available)
V  [jvm.dll+0x251faa]  (no source info available)
V  [jvm.dll+0x3ee036]  (no source info available)
V  [jvm.dll+0x824f8b]  (no source info available)
V  [jvm.dll+0x6df065]  (no source info available)
C  [ucrtbase.dll+0x14ea0]  (no source info available)
C  [KERNEL32.DLL+0x2e8d7]  (no source info available)
C  [ntdll.dll+0xdfbcc]  (no source info available)

Lock stack of current Java thread (top to bottom):


---------------  P R O C E S S  ---------------

Threads class SMR info:
_java_thread_list=0x000002e246030fc0, length=12, elements={
0x000002e263e11760, 0x000002e20025a800, 0x000002e200260bd0, 0x000002e200264fe0,
0x000002e200265a40, 0x000002e2002664a0, 0x000002e200266f00, 0x000002e200267c90,
0x000002e2002db3c0, 0x000002e2003bd850, 0x000002e2003cbfb0, 0x000002e246045ab0
}

Java Threads: ( => current thread )
  0x000002e263e11760 JavaThread "main"                              [_thread_in_Java, id=2816, stack(0x000000feb4c00000,0x000000feb4d00000) (1024K)]
  0x000002e20025a800 JavaThread "Reference Handler"          daemon [_thread_blocked, id=17360, stack(0x000000feb5500000,0x000000feb5600000) (1024K)]
  0x000002e200260bd0 JavaThread "Finalizer"                  daemon [_thread_blocked, id=21984, stack(0x000000feb5600000,0x000000feb5700000) (1024K)]
  0x000002e200264fe0 JavaThread "Signal Dispatcher"          daemon [_thread_blocked, id=18540, stack(0x000000feb5700000,0x000000feb5800000) (1024K)]
  0x000002e200265a40 JavaThread "Attach Listener"            daemon [_thread_blocked, id=15476, stack(0x000000feb5800000,0x000000feb5900000) (1024K)]
  0x000002e2002664a0 JavaThread "Service Thread"             daemon [_thread_blocked, id=8632, stack(0x000000feb5900000,0x000000feb5a00000) (1024K)]
  0x000002e200266f00 JavaThread "Monitor Deflation Thread"   daemon [_thread_blocked, id=17972, stack(0x000000feb5a00000,0x000000feb5b00000) (1024K)]
  0x000002e200267c90 JavaThread "C2 CompilerThread0"         daemon [_thread_blocked, id=11980, stack(0x000000feb5b00000,0x000000feb5c00000) (1024K)]
=>0x000002e2002db3c0 JavaThread "C1 CompilerThread0"         daemon [_thread_in_native, id=19420, stack(0x000000feb5c00000,0x000000feb5d00000) (1024K)]
  0x000002e2003bd850 JavaThread "Notification Thread"        daemon [_thread_blocked, id=23036, stack(0x000000feb5d00000,0x000000feb5e00000) (1024K)]
  0x000002e2003cbfb0 JavaThread "Common-Cleaner"             daemon [_thread_blocked, id=19056, stack(0x000000feb5e00000,0x000000feb5f00000) (1024K)]
  0x000002e246045ab0 JavaThread "ReaderThread"                      [_thread_in_native, id=21160, stack(0x000000feb6100000,0x000000feb6200000) (1024K)]
Total: 12

Other Threads:
  0x000002e26614e6e0 VMThread "VM Thread"                           [id=17500, stack(0x000000feb5400000,0x000000feb5500000) (1024K)]
  0x000002e26613eff0 WatcherThread "VM Periodic Task Thread"        [id=6728, stack(0x000000feb5300000,0x000000feb5400000) (1024K)]
  0x000002e2660bae90 WorkerThread "GC Thread#0"                     [id=17872, stack(0x000000feb4e00000,0x000000feb4f00000) (1024K)]
  0x000002e24600ff50 WorkerThread "GC Thread#1"                     [id=17556, stack(0x000000feb5f00000,0x000000feb6000000) (1024K)]
  0x000002e2660c0ee0 ConcurrentGCThread "G1 Main Marker"            [id=20344, stack(0x000000feb4f00000,0x000000feb5000000) (1024K)]
  0x000002e2660c30b0 WorkerThread "G1 Conc#0"                       [id=22432, stack(0x000000feb5000000,0x000000feb5100000) (1024K)]
  0x000002e266128350 ConcurrentGCThread "G1 Refine#0"               [id=19964, stack(0x000000feb5100000,0x000000feb5200000) (1024K)]
  0x000002e26612a590 ConcurrentGCThread "G1 Service"                [id=1812, stack(0x000000feb5200000,0x000000feb5300000) (1024K)]
Total: 8

Threads with active compile tasks:
C1 CompilerThread0  2067 1166       3       java.net.URLStreamHandler::parseURL (1124 bytes)
Total: 1

VM state: not at safepoint (normal execution)

VM Mutex/Monitor currently owned by a thread: None

Heap address: 0x00000000e0000000, size: 512 MB, Compressed Oops mode: 32-bit

CDS archive(s) mapped at: [0x000002e201000000-0x000002e201d70000-0x000002e201d70000), size 14090240, SharedBaseAddress: 0x000002e201000000, ArchiveRelocationMode: 1.
Compressed class space mapped at: 0x000002e202000000-0x000002e242000000, reserved size: 1073741824
Narrow klass base: 0x000002e201000000, Narrow klass shift: 0, Narrow klass range: 0x41000000

GC Precious Log:
 CardTable entry size: 512
 Card Set container configuration: InlinePtr #cards 5 size 8 Array Of Cards #cards 10 size 36 Howl #buckets 4 coarsen threshold 1843 Howl Bitmap #cards 512 size 80 coarsen threshold 460 Card regions per heap region 1 cards per card region 2048
 CPUs: 2 total, 2 available
 Memory: 6063M
 Large Page Support: Disabled
 NUMA Support: Disabled
 Compressed Oops: Enabled (32-bit)
 Heap Region Size: 1M
 Heap Min Capacity: 8M
 Heap Initial Capacity: 96M
 Heap Max Capacity: 512M
 Pre-touch: Disabled
 Parallel Workers: 2
 Concurrent Workers: 1
 Concurrent Refinement Workers: 2
 Periodic GC: Disabled

Heap:
 garbage-first heap   total reserved 524288K, committed 98304K, used 11802K [0x00000000e0000000, 0x0000000100000000)
  region size 1024K, 3 young (3072K), 1 survivors (1024K)
 Metaspace       used 6251K, committed 6464K, reserved 1114112K
  class space    used 715K, committed 832K, reserved 1048576K

Heap Regions: E=young(eden), S=young(survivor), O=old, HS=humongous(starts), HC=humongous(continues), CS=collection set, F=free, TAMS=top-at-mark-start, PB=parsable bottom
|   0|0x00000000e0000000, 0x00000000e0100000, 0x00000000e0100000|100%|HS|  |TAMS 0x00000000e0000000| PB 0x00000000e0000000| Complete |  0
|   1|0x00000000e0100000, 0x00000000e0200000, 0x00000000e0200000|100%|HC|  |TAMS 0x00000000e0100000| PB 0x00000000e0100000| Complete |  0
|   2|0x00000000e0200000, 0x00000000e0300000, 0x00000000e0300000|100%|HC|  |TAMS 0x00000000e0200000| PB 0x00000000e0200000| Complete |  0
|   3|0x00000000e0300000, 0x00000000e0400000, 0x00000000e0400000|100%|HS|  |TAMS 0x00000000e0300000| PB 0x00000000e0300000| Complete |  0
|   4|0x00000000e0400000, 0x00000000e0500000, 0x00000000e0500000|100%|HS|  |TAMS 0x00000000e0400000| PB 0x00000000e0400000| Complete |  0
|   5|0x00000000e0500000, 0x00000000e0600000, 0x00000000e0600000|100%|HC|  |TAMS 0x00000000e0500000| PB 0x00000000e0500000| Complete |  0
|   6|0x00000000e0600000, 0x00000000e0700000, 0x00000000e0700000|100%| O|  |TAMS 0x00000000e0600000| PB 0x00000000e0600000| Untracked |  0
|   7|0x00000000e0700000, 0x00000000e0800000, 0x00000000e0800000|100%| O|  |TAMS 0x00000000e0700000| PB 0x00000000e0700000| Untracked |  0
|   8|0x00000000e0800000, 0x00000000e0900000, 0x00000000e0900000|100%| O|  |TAMS 0x00000000e0800000| PB 0x00000000e0800000| Untracked |  0
|   9|0x00000000e0900000, 0x00000000e0998ed0, 0x00000000e0a00000| 59%| O|  |TAMS 0x00000000e0900000| PB 0x00000000e0900000| Untracked |  0
|  10|0x00000000e0a00000, 0x00000000e0a00000, 0x00000000e0b00000|  0%| F|  |TAMS 0x00000000e0a00000| PB 0x00000000e0a00000| Untracked |  0
|  11|0x00000000e0b00000, 0x00000000e0b00000, 0x00000000e0c00000|  0%| F|  |TAMS 0x00000000e0b00000| PB 0x00000000e0b00000| Untracked |  0
|  12|0x00000000e0c00000, 0x00000000e0c00000, 0x00000000e0d00000|  0%| F|  |TAMS 0x00000000e0c00000| PB 0x00000000e0c00000| Untracked |  0
|  13|0x00000000e0d00000, 0x00000000e0d00000, 0x00000000e0e00000|  0%| F|  |TAMS 0x00000000e0d00000| PB 0x00000000e0d00000| Untracked |  0
|  14|0x00000000e0e00000, 0x00000000e0e00000, 0x00000000e0f00000|  0%| F|  |TAMS 0x00000000e0e00000| PB 0x00000000e0e00000| Untracked |  0
|  15|0x00000000e0f00000, 0x00000000e0f00000, 0x00000000e1000000|  0%| F|  |TAMS 0x00000000e0f00000| PB 0x00000000e0f00000| Untracked |  0
|  16|0x00000000e1000000, 0x00000000e1000000, 0x00000000e1100000|  0%| F|  |TAMS 0x00000000e1000000| PB 0x00000000e1000000| Untracked |  0
|  17|0x00000000e1100000, 0x00000000e1100000, 0x00000000e1200000|  0%| F|  |TAMS 0x00000000e1100000| PB 0x00000000e1100000| Untracked |  0
|  18|0x00000000e1200000, 0x00000000e1200000, 0x00000000e1300000|  0%| F|  |TAMS 0x00000000e1200000| PB 0x00000000e1200000| Untracked |  0
|  19|0x00000000e1300000, 0x00000000e1300000, 0x00000000e1400000|  0%| F|  |TAMS 0x00000000e1300000| PB 0x00000000e1300000| Untracked |  0
|  20|0x00000000e1400000, 0x00000000e1400000, 0x00000000e1500000|  0%| F|  |TAMS 0x00000000e1400000| PB 0x00000000e1400000| Untracked |  0
|  21|0x00000000e1500000, 0x00000000e1500000, 0x00000000e1600000|  0%| F|  |TAMS 0x00000000e1500000| PB 0x00000000e1500000| Untracked |  0
|  22|0x00000000e1600000, 0x00000000e1600000, 0x00000000e1700000|  0%| F|  |TAMS 0x00000000e1600000| PB 0x00000000e1600000| Untracked |  0
|  23|0x00000000e1700000, 0x00000000e1700000, 0x00000000e1800000|  0%| F|  |TAMS 0x00000000e1700000| PB 0x00000000e1700000| Untracked |  0
|  24|0x00000000e1800000, 0x00000000e1800000, 0x00000000e1900000|  0%| F|  |TAMS 0x00000000e1800000| PB 0x00000000e1800000| Untracked |  0
|  25|0x00000000e1900000, 0x00000000e1900000, 0x00000000e1a00000|  0%| F|  |TAMS 0x00000000e1900000| PB 0x00000000e1900000| Untracked |  0
|  26|0x00000000e1a00000, 0x00000000e1a00000, 0x00000000e1b00000|  0%| F|  |TAMS 0x00000000e1a00000| PB 0x00000000e1a00000| Untracked |  0
|  27|0x00000000e1b00000, 0x00000000e1b00000, 0x00000000e1c00000|  0%| F|  |TAMS 0x00000000e1b00000| PB 0x00000000e1b00000| Untracked |  0
|  28|0x00000000e1c00000, 0x00000000e1c00000, 0x00000000e1d00000|  0%| F|  |TAMS 0x00000000e1c00000| PB 0x00000000e1c00000| Untracked |  0
|  29|0x00000000e1d00000, 0x00000000e1d00000, 0x00000000e1e00000|  0%| F|  |TAMS 0x00000000e1d00000| PB 0x00000000e1d00000| Untracked |  0
|  30|0x00000000e1e00000, 0x00000000e1e00000, 0x00000000e1f00000|  0%| F|  |TAMS 0x00000000e1e00000| PB 0x00000000e1e00000| Untracked |  0
|  31|0x00000000e1f00000, 0x00000000e1f00000, 0x00000000e2000000|  0%| F|  |TAMS 0x00000000e1f00000| PB 0x00000000e1f00000| Untracked |  0
|  32|0x00000000e2000000, 0x00000000e2000000, 0x00000000e2100000|  0%| F|  |TAMS 0x00000000e2000000| PB 0x00000000e2000000| Untracked |  0
|  33|0x00000000e2100000, 0x00000000e2100000, 0x00000000e2200000|  0%| F|  |TAMS 0x00000000e2100000| PB 0x00000000e2100000| Untracked |  0
|  34|0x00000000e2200000, 0x00000000e2200000, 0x00000000e2300000|  0%| F|  |TAMS 0x00000000e2200000| PB 0x00000000e2200000| Untracked |  0
|  35|0x00000000e2300000, 0x00000000e2300000, 0x00000000e2400000|  0%| F|  |TAMS 0x00000000e2300000| PB 0x00000000e2300000| Untracked |  0
|  36|0x00000000e2400000, 0x00000000e2400000, 0x00000000e2500000|  0%| F|  |TAMS 0x00000000e2400000| PB 0x00000000e2400000| Untracked |  0
|  37|0x00000000e2500000, 0x00000000e2500000, 0x00000000e2600000|  0%| F|  |TAMS 0x00000000e2500000| PB 0x00000000e2500000| Untracked |  0
|  38|0x00000000e2600000, 0x00000000e2600000, 0x00000000e2700000|  0%| F|  |TAMS 0x00000000e2600000| PB 0x00000000e2600000| Untracked |  0
|  39|0x00000000e2700000, 0x00000000e2700000, 0x00000000e2800000|  0%| F|  |TAMS 0x00000000e2700000| PB 0x00000000e2700000| Untracked |  0
|  40|0x00000000e2800000, 0x00000000e2800000, 0x00000000e2900000|  0%| F|  |TAMS 0x00000000e2800000| PB 0x00000000e2800000| Untracked |  0
|  41|0x00000000e2900000, 0x00000000e2900000, 0x00000000e2a00000|  0%| F|  |TAMS 0x00000000e2900000| PB 0x00000000e2900000| Untracked |  0
|  42|0x00000000e2a00000, 0x00000000e2a00000, 0x00000000e2b00000|  0%| F|  |TAMS 0x00000000e2a00000| PB 0x00000000e2a00000| Untracked |  0
|  43|0x00000000e2b00000, 0x00000000e2b00000, 0x00000000e2c00000|  0%| F|  |TAMS 0x00000000e2b00000| PB 0x00000000e2b00000| Untracked |  0
|  44|0x00000000e2c00000, 0x00000000e2c00000, 0x00000000e2d00000|  0%| F|  |TAMS 0x00000000e2c00000| PB 0x00000000e2c00000| Untracked |  0
|  45|0x00000000e2d00000, 0x00000000e2d00000, 0x00000000e2e00000|  0%| F|  |TAMS 0x00000000e2d00000| PB 0x00000000e2d00000| Untracked |  0
|  46|0x00000000e2e00000, 0x00000000e2e00000, 0x00000000e2f00000|  0%| F|  |TAMS 0x00000000e2e00000| PB 0x00000000e2e00000| Untracked |  0
|  47|0x00000000e2f00000, 0x00000000e2f00000, 0x00000000e3000000|  0%| F|  |TAMS 0x00000000e2f00000| PB 0x00000000e2f00000| Untracked |  0
|  48|0x00000000e3000000, 0x00000000e3000000, 0x00000000e3100000|  0%| F|  |TAMS 0x00000000e3000000| PB 0x00000000e3000000| Untracked |  0
|  49|0x00000000e3100000, 0x00000000e3100000, 0x00000000e3200000|  0%| F|  |TAMS 0x00000000e3100000| PB 0x00000000e3100000| Untracked |  0
|  50|0x00000000e3200000, 0x00000000e3200000, 0x00000000e3300000|  0%| F|  |TAMS 0x00000000e3200000| PB 0x00000000e3200000| Untracked |  0
|  51|0x00000000e3300000, 0x00000000e3300000, 0x00000000e3400000|  0%| F|  |TAMS 0x00000000e3300000| PB 0x00000000e3300000| Untracked |  0
|  52|0x00000000e3400000, 0x00000000e3400000, 0x00000000e3500000|  0%| F|  |TAMS 0x00000000e3400000| PB 0x00000000e3400000| Untracked |  0
|  53|0x00000000e3500000, 0x00000000e3500000, 0x00000000e3600000|  0%| F|  |TAMS 0x00000000e3500000| PB 0x00000000e3500000| Untracked |  0
|  54|0x00000000e3600000, 0x00000000e3600000, 0x00000000e3700000|  0%| F|  |TAMS 0x00000000e3600000| PB 0x00000000e3600000| Untracked |  0
|  55|0x00000000e3700000, 0x00000000e3700000, 0x00000000e3800000|  0%| F|  |TAMS 0x00000000e3700000| PB 0x00000000e3700000| Untracked |  0
|  56|0x00000000e3800000, 0x00000000e3800000, 0x00000000e3900000|  0%| F|  |TAMS 0x00000000e3800000| PB 0x00000000e3800000| Untracked |  0
|  57|0x00000000e3900000, 0x00000000e3900000, 0x00000000e3a00000|  0%| F|  |TAMS 0x00000000e3900000| PB 0x00000000e3900000| Untracked |  0
|  58|0x00000000e3a00000, 0x00000000e3a00000, 0x00000000e3b00000|  0%| F|  |TAMS 0x00000000e3a00000| PB 0x00000000e3a00000| Untracked |  0
|  59|0x00000000e3b00000, 0x00000000e3b00000, 0x00000000e3c00000|  0%| F|  |TAMS 0x00000000e3b00000| PB 0x00000000e3b00000| Untracked |  0
|  60|0x00000000e3c00000, 0x00000000e3c00000, 0x00000000e3d00000|  0%| F|  |TAMS 0x00000000e3c00000| PB 0x00000000e3c00000| Untracked |  0
|  61|0x00000000e3d00000, 0x00000000e3d00000, 0x00000000e3e00000|  0%| F|  |TAMS 0x00000000e3d00000| PB 0x00000000e3d00000| Untracked |  0
|  62|0x00000000e3e00000, 0x00000000e3e00000, 0x00000000e3f00000|  0%| F|  |TAMS 0x00000000e3e00000| PB 0x00000000e3e00000| Untracked |  0
|  63|0x00000000e3f00000, 0x00000000e3f00000, 0x00000000e4000000|  0%| F|  |TAMS 0x00000000e3f00000| PB 0x00000000e3f00000| Untracked |  0
|  64|0x00000000e4000000, 0x00000000e4000000, 0x00000000e4100000|  0%| F|  |TAMS 0x00000000e4000000| PB 0x00000000e4000000| Untracked |  0
|  65|0x00000000e4100000, 0x00000000e4100000, 0x00000000e4200000|  0%| F|  |TAMS 0x00000000e4100000| PB 0x00000000e4100000| Untracked |  0
|  66|0x00000000e4200000, 0x00000000e4200000, 0x00000000e4300000|  0%| F|  |TAMS 0x00000000e4200000| PB 0x00000000e4200000| Untracked |  0
|  67|0x00000000e4300000, 0x00000000e4300000, 0x00000000e4400000|  0%| F|  |TAMS 0x00000000e4300000| PB 0x00000000e4300000| Untracked |  0
|  68|0x00000000e4400000, 0x00000000e4400000, 0x00000000e4500000|  0%| F|  |TAMS 0x00000000e4400000| PB 0x00000000e4400000| Untracked |  0
|  69|0x00000000e4500000, 0x00000000e4500000, 0x00000000e4600000|  0%| F|  |TAMS 0x00000000e4500000| PB 0x00000000e4500000| Untracked |  0
|  70|0x00000000e4600000, 0x00000000e4600000, 0x00000000e4700000|  0%| F|  |TAMS 0x00000000e4600000| PB 0x00000000e4600000| Untracked |  0
|  71|0x00000000e4700000, 0x00000000e4700000, 0x00000000e4800000|  0%| F|  |TAMS 0x00000000e4700000| PB 0x00000000e4700000| Untracked |  0
|  72|0x00000000e4800000, 0x00000000e4800000, 0x00000000e4900000|  0%| F|  |TAMS 0x00000000e4800000| PB 0x00000000e4800000| Untracked |  0
|  73|0x00000000e4900000, 0x00000000e4900000, 0x00000000e4a00000|  0%| F|  |TAMS 0x00000000e4900000| PB 0x00000000e4900000| Untracked |  0
|  74|0x00000000e4a00000, 0x00000000e4a00000, 0x00000000e4b00000|  0%| F|  |TAMS 0x00000000e4a00000| PB 0x00000000e4a00000| Untracked |  0
|  75|0x00000000e4b00000, 0x00000000e4b00000, 0x00000000e4c00000|  0%| F|  |TAMS 0x00000000e4b00000| PB 0x00000000e4b00000| Untracked |  0
|  76|0x00000000e4c00000, 0x00000000e4c00000, 0x00000000e4d00000|  0%| F|  |TAMS 0x00000000e4c00000| PB 0x00000000e4c00000| Untracked |  0
|  77|0x00000000e4d00000, 0x00000000e4d00000, 0x00000000e4e00000|  0%| F|  |TAMS 0x00000000e4d00000| PB 0x00000000e4d00000| Untracked |  0
|  78|0x00000000e4e00000, 0x00000000e4e00000, 0x00000000e4f00000|  0%| F|  |TAMS 0x00000000e4e00000| PB 0x00000000e4e00000| Untracked |  0
|  79|0x00000000e4f00000, 0x00000000e4f00000, 0x00000000e5000000|  0%| F|  |TAMS 0x00000000e4f00000| PB 0x00000000e4f00000| Untracked |  0
|  80|0x00000000e5000000, 0x00000000e5000000, 0x00000000e5100000|  0%| F|  |TAMS 0x00000000e5000000| PB 0x00000000e5000000| Untracked |  0
|  81|0x00000000e5100000, 0x00000000e5100000, 0x00000000e5200000|  0%| F|  |TAMS 0x00000000e5100000| PB 0x00000000e5100000| Untracked |  0
|  82|0x00000000e5200000, 0x00000000e5200000, 0x00000000e5300000|  0%| F|  |TAMS 0x00000000e5200000| PB 0x00000000e5200000| Untracked |  0
|  83|0x00000000e5300000, 0x00000000e5300000, 0x00000000e5400000|  0%| F|  |TAMS 0x00000000e5300000| PB 0x00000000e5300000| Untracked |  0
|  84|0x00000000e5400000, 0x00000000e5400000, 0x00000000e5500000|  0%| F|  |TAMS 0x00000000e5400000| PB 0x00000000e5400000| Untracked |  0
|  85|0x00000000e5500000, 0x00000000e5500000, 0x00000000e5600000|  0%| F|  |TAMS 0x00000000e5500000| PB 0x00000000e5500000| Untracked |  0
|  86|0x00000000e5600000, 0x00000000e5600000, 0x00000000e5700000|  0%| F|  |TAMS 0x00000000e5600000| PB 0x00000000e5600000| Untracked |  0
|  87|0x00000000e5700000, 0x00000000e5700000, 0x00000000e5800000|  0%| F|  |TAMS 0x00000000e5700000| PB 0x00000000e5700000| Untracked |  0
|  88|0x00000000e5800000, 0x00000000e5800000, 0x00000000e5900000|  0%| F|  |TAMS 0x00000000e5800000| PB 0x00000000e5800000| Untracked |  0
|  89|0x00000000e5900000, 0x00000000e5900000, 0x00000000e5a00000|  0%| F|  |TAMS 0x00000000e5900000| PB 0x00000000e5900000| Untracked |  0
|  90|0x00000000e5a00000, 0x00000000e5aedc88, 0x00000000e5b00000| 92%| S|CS|TAMS 0x00000000e5a00000| PB 0x00000000e5a00000| Complete |  0
|  91|0x00000000e5b00000, 0x00000000e5b00000, 0x00000000e5c00000|  0%| F|  |TAMS 0x00000000e5b00000| PB 0x00000000e5b00000| Untracked |  0
|  92|0x00000000e5c00000, 0x00000000e5c00000, 0x00000000e5d00000|  0%| F|  |TAMS 0x00000000e5c00000| PB 0x00000000e5c00000| Untracked |  0
|  93|0x00000000e5d00000, 0x00000000e5d00000, 0x00000000e5e00000|  0%| F|  |TAMS 0x00000000e5d00000| PB 0x00000000e5d00000| Untracked |  0
|  94|0x00000000e5e00000, 0x00000000e5ed9410, 0x00000000e5f00000| 84%| E|  |TAMS 0x00000000e5e00000| PB 0x00000000e5e00000| Complete |  0
|  95|0x00000000e5f00000, 0x00000000e6000000, 0x00000000e6000000|100%| E|CS|TAMS 0x00000000e5f00000| PB 0x00000000e5f00000| Complete |  0

Card table byte_map: [0x000002e265d50000,0x000002e265e50000] _byte_map_base: 0x000002e265650000

Marking Bits: (CMBitMap*) 0x000002e2660bb5a0
 Bits: [0x000002e27d7c0000, 0x000002e27dfc0000)

Polling page: 0x000002e263ef0000

Metaspace:

Usage:
  Non-class:      5.41 MB used.
      Class:    715.66 KB used.
       Both:      6.10 MB used.

Virtual space:
  Non-class space:       64.00 MB reserved,       5.50 MB (  9%) committed,  1 nodes.
      Class space:        1.00 GB reserved,     832.00 KB ( <1%) committed,  1 nodes.
             Both:        1.06 GB reserved,       6.31 MB ( <1%) committed. 

Chunk freelists:
   Non-Class:  10.28 MB
       Class:  15.10 MB
        Both:  25.38 MB

MaxMetaspaceSize: unlimited
CompressedClassSpaceSize: 1.00 GB
Initial GC threshold: 21.00 MB
Current GC threshold: 21.00 MB
CDS: on
 - commit_granule_bytes: 65536.
 - commit_granule_words: 8192.
 - virtual_space_node_default_size: 8388608.
 - enlarge_chunks_in_place: 1.
 - use_allocation_guard: 0.


Internal statistics:

num_allocs_failed_limit: 0.
num_arena_births: 102.
num_arena_deaths: 0.
num_vsnodes_births: 2.
num_vsnodes_deaths: 0.
num_space_committed: 101.
num_space_uncommitted: 0.
num_chunks_returned_to_freelist: 0.
num_chunks_taken_from_freelist: 208.
num_chunk_merges: 0.
num_chunk_splits: 135.
num_chunks_enlarged: 97.
num_inconsistent_stats: 0.

CodeHeap 'non-profiled nmethods': size=120128Kb used=324Kb max_used=324Kb free=119803Kb
 bounds [0x000002e276270000, 0x000002e2764e0000, 0x000002e27d7c0000]
CodeHeap 'profiled nmethods': size=120000Kb used=1427Kb max_used=1427Kb free=118573Kb
 bounds [0x000002e26e7c0000, 0x000002e26ea30000, 0x000002e275cf0000]
CodeHeap 'non-nmethods': size=5632Kb used=1378Kb max_used=1392Kb free=4253Kb
 bounds [0x000002e275cf0000, 0x000002e275f60000, 0x000002e276270000]
CodeCache: size=245760Kb, used=3129Kb, max_used=3143Kb, free=242629Kb
 total_blobs=1652, nmethods=1165, adapters=393, full_count=0
Compilation: enabled, stopped_count=0, restarted_count=0

Compilation events (20 events):
Event: 1.939 Thread 0x000002e2002db3c0 1157       1       jdk.internal.classfile.impl.AbstractPseudoInstruction$ExceptionCatchImpl::tryStart (5 bytes)
Event: 1.939 Thread 0x000002e2002db3c0 nmethod 1157 0x000002e2762bfe88 code [0x000002e2762bffa0, 0x000002e2762c0068]
Event: 1.939 Thread 0x000002e2002db3c0 1158       1       jdk.internal.classfile.impl.AbstractPseudoInstruction$ExceptionCatchImpl::tryEnd (5 bytes)
Event: 1.939 Thread 0x000002e2002db3c0 nmethod 1158 0x000002e2762c0188 code [0x000002e2762c02a0, 0x000002e2762c0368]
Event: 1.939 Thread 0x000002e2002db3c0 1159       1       jdk.internal.classfile.impl.AbstractPseudoInstruction$ExceptionCatchImpl::handler (5 bytes)
Event: 1.939 Thread 0x000002e200267c90 nmethod 1160 0x000002e2762c0488 code [0x000002e2762c0580, 0x000002e2762c05f0]
Event: 1.939 Thread 0x000002e2002db3c0 nmethod 1159 0x000002e2762c0788 code [0x000002e2762c08a0, 0x000002e2762c0968]
Event: 1.939 Thread 0x000002e2002db3c0 1154       1       java.nio.Buffer::capacity (5 bytes)
Event: 1.939 Thread 0x000002e2002db3c0 nmethod 1154 0x000002e2762c0a88 code [0x000002e2762c0ba0, 0x000002e2762c0c68]
Event: 1.939 Thread 0x000002e2002db3c0 1161       1       java.util.ImmutableCollections$List12::isEmpty (2 bytes)
Event: 1.939 Thread 0x000002e2002db3c0 nmethod 1161 0x000002e2762c0d88 code [0x000002e2762c0ea0, 0x000002e2762c0f68]
Event: 1.939 Thread 0x000002e2002db3c0 1162       3       java.lang.Integer::compareTo (9 bytes)
Event: 1.940 Thread 0x000002e2002db3c0 nmethod 1162 0x000002e26e923c08 code [0x000002e26e923d40, 0x000002e26e9240c0]
Event: 1.940 Thread 0x000002e2002db3c0 1163       3       java.nio.ByteBuffer::<init> (47 bytes)
Event: 1.940 Thread 0x000002e2002db3c0 nmethod 1163 0x000002e26e924108 code [0x000002e26e924240, 0x000002e26e924460]
Event: 1.940 Thread 0x000002e2002db3c0 1164       1       jdk.internal.classfile.impl.BufWriterImpl::setLabelContext (6 bytes)
Event: 1.940 Thread 0x000002e2002db3c0 nmethod 1164 0x000002e2762c1088 code [0x000002e2762c11a0, 0x000002e2762c12b0]
Event: 1.940 Thread 0x000002e2002db3c0 1165       3       jdk.internal.classfile.impl.AbstractPoolEntry$AbstractRefsEntry::writeTo (41 bytes)
Event: 1.940 Thread 0x000002e2002db3c0 nmethod 1165 0x000002e26e924488 code [0x000002e26e924620, 0x000002e26e924b98]
Event: 1.941 Thread 0x000002e2002db3c0 1166       3       java.net.URLStreamHandler::parseURL (1124 bytes)

GC Heap History (4 events):
Event: 0.742 GC heap before
{Heap before GC invocations=0 (full 0):
 garbage-first heap   total reserved 524288K, committed 98304K, used 12288K [0x00000000e0000000, 0x0000000100000000)
  region size 1024K, 7 young (7168K), 0 survivors (0K)
 Metaspace       used 2128K, committed 2304K, reserved 1114112K
  class space    used 228K, committed 320K, reserved 1048576K
}
Event: 0.748 GC heap after
{Heap after GC invocations=1 (full 0):
 garbage-first heap   total reserved 524288K, committed 98304K, used 9942K [0x00000000e0000000, 0x0000000100000000)
  region size 1024K, 1 young (1024K), 1 survivors (1024K)
 Metaspace       used 2128K, committed 2304K, reserved 1114112K
  class space    used 228K, committed 320K, reserved 1048576K
}
Event: 1.803 GC heap before
{Heap before GC invocations=1 (full 0):
 garbage-first heap   total reserved 524288K, committed 98304K, used 14038K [0x00000000e0000000, 0x0000000100000000)
  region size 1024K, 6 young (6144K), 1 survivors (1024K)
 Metaspace       used 5686K, committed 5952K, reserved 1114112K
  class space    used 651K, committed 768K, reserved 1048576K
}
Event: 1.807 GC heap after
{Heap after GC invocations=2 (full 0):
 garbage-first heap   total reserved 524288K, committed 98304K, used 10778K [0x00000000e0000000, 0x0000000100000000)
  region size 1024K, 1 young (1024K), 1 survivors (1024K)
 Metaspace       used 5686K, committed 5952K, reserved 1114112K
  class space    used 651K, committed 768K, reserved 1048576K
}

Dll operation events (7 events):
Event: 0.033 Loaded shared library C:\Program Files\Java\jdk-23\bin\java.dll
Event: 0.131 Loaded shared library C:\Program Files\Java\jdk-23\bin\jsvml.dll
Event: 0.265 Loaded shared library C:\Program Files\Java\jdk-23\bin\net.dll
Event: 0.267 Loaded shared library C:\Program Files\Java\jdk-23\bin\nio.dll
Event: 0.278 Loaded shared library C:\Program Files\Java\jdk-23\bin\zip.dll
Event: 0.577 Loaded shared library C:\Program Files\Java\jdk-23\bin\jimage.dll
Event: 0.802 Loaded shared library C:\Program Files\Java\jdk-23\bin\extnet.dll

Deoptimization events (20 events):
Event: 0.942 Thread 0x000002e263e11760 DEOPT PACKING pc=0x000002e26e8a2e43 sp=0x000000feb4cfc830
Event: 0.942 Thread 0x000002e263e11760 DEOPT UNPACKING pc=0x000002e275d44b22 sp=0x000000feb4cfbce0 mode 0
Event: 1.076 Thread 0x000002e263e11760 Uncommon trap: trap_request=0xffffff45 fr.pc=0x000002e2762945e4 relative=0x00000000000001c4
Event: 1.076 Thread 0x000002e263e11760 Uncommon trap: reason=unstable_if action=reinterpret pc=0x000002e2762945e4 method=java.lang.String.startsWith(Ljava/lang/String;I)Z @ 1 c2
Event: 1.076 Thread 0x000002e263e11760 DEOPT PACKING pc=0x000002e2762945e4 sp=0x000000feb4cfcbe0
Event: 1.076 Thread 0x000002e263e11760 DEOPT UNPACKING pc=0x000002e275d44402 sp=0x000000feb4cfcb70 mode 2
Event: 1.379 Thread 0x000002e263e11760 DEOPT PACKING pc=0x000002e26e8aad5e sp=0x000000feb4cfd400
Event: 1.379 Thread 0x000002e263e11760 DEOPT UNPACKING pc=0x000002e275d44b22 sp=0x000000feb4cfc838 mode 0
Event: 1.601 Thread 0x000002e263e11760 DEOPT PACKING pc=0x000002e26e8aad5e sp=0x000000feb4cfd3f0
Event: 1.601 Thread 0x000002e263e11760 DEOPT UNPACKING pc=0x000002e275d44b22 sp=0x000000feb4cfc828 mode 0
Event: 1.629 Thread 0x000002e263e11760 Uncommon trap: trap_request=0xffffff45 fr.pc=0x000002e2762b80c8 relative=0x0000000000000048
Event: 1.629 Thread 0x000002e263e11760 Uncommon trap: reason=unstable_if action=reinterpret pc=0x000002e2762b80c8 method=jdk.internal.misc.Unsafe.convEndian(ZI)I @ 4 c2
Event: 1.629 Thread 0x000002e263e11760 DEOPT PACKING pc=0x000002e2762b80c8 sp=0x000000feb4cfe490
Event: 1.629 Thread 0x000002e263e11760 DEOPT UNPACKING pc=0x000002e275d44402 sp=0x000000feb4cfe428 mode 2
Event: 1.785 Thread 0x000002e263e11760 DEOPT PACKING pc=0x000002e26e7e4d0d sp=0x000000feb4cfd5a0
Event: 1.785 Thread 0x000002e263e11760 DEOPT UNPACKING pc=0x000002e275d44b22 sp=0x000000feb4cfc9f0 mode 0
Event: 1.829 Thread 0x000002e263e11760 Uncommon trap: trap_request=0xffffff45 fr.pc=0x000002e27629a614 relative=0x0000000000000074
Event: 1.829 Thread 0x000002e263e11760 Uncommon trap: reason=unstable_if action=reinterpret pc=0x000002e27629a614 method=java.lang.Integer.compare(II)I @ 11 c2
Event: 1.829 Thread 0x000002e263e11760 DEOPT PACKING pc=0x000002e27629a614 sp=0x000000feb4cfdc10
Event: 1.829 Thread 0x000002e263e11760 DEOPT UNPACKING pc=0x000002e275d44402 sp=0x000000feb4cfdac8 mode 2

Classes loaded (20 events):
Event: 1.708 Loading class java/util/Currency
Event: 1.709 Loading class java/util/Currency done
Event: 1.782 Loading class java/util/concurrent/atomic/AtomicLongArray
Event: 1.782 Loading class java/util/concurrent/atomic/AtomicLongArray done
Event: 1.814 Loading class java/lang/reflect/WildcardType
Event: 1.815 Loading class java/lang/reflect/WildcardType done
Event: 1.821 Loading class java/lang/reflect/AnnotatedType
Event: 1.821 Loading class java/lang/reflect/AnnotatedType done
Event: 1.824 Loading class java/lang/annotation/Documented
Event: 1.825 Loading class java/lang/annotation/Documented done
Event: 1.839 Loading class jdk/internal/reflect/MethodHandleIntegerFieldAccessorImpl
Event: 1.841 Loading class jdk/internal/reflect/MethodHandleIntegerFieldAccessorImpl done
Event: 1.842 Loading class jdk/internal/event/SocketWriteEvent
Event: 1.842 Loading class jdk/internal/event/SocketWriteEvent done
Event: 1.864 Loading class java/lang/NoSuchFieldError
Event: 1.864 Loading class java/lang/NoSuchFieldError done
Event: 1.924 Loading class java/lang/Class$2
Event: 1.924 Loading class java/lang/Class$2 done
Event: 1.932 Loading class java/lang/TypeNotPresentException
Event: 1.932 Loading class java/lang/TypeNotPresentException done

Classes unloaded (0 events):
No events

Classes redefined (0 events):
No events

Internal exceptions (14 events):
Event: 0.424 Thread 0x000002e263e11760 Exception <a 'java/lang/NoSuchMethodError'{0x00000000e5d33740}: 'void java.lang.invoke.DirectMethodHandle$Holder.invokeSpecial(java.lang.Object, java.lang.Object, java.lang.Object)'> (0x00000000e5d33740) 
thrown [s\open\src\hotspot\share\interpreter\linkResolver.cpp, line 796]
Event: 0.429 Thread 0x000002e263e11760 Exception <a 'java/lang/NoSuchMethodError'{0x00000000e5d3d0f0}: 'void java.lang.invoke.DirectMethodHandle$Holder.invokeStatic(java.lang.Object, int, java.lang.Object)'> (0x00000000e5d3d0f0) 
thrown [s\open\src\hotspot\share\interpreter\linkResolver.cpp, line 796]
Event: 0.518 Thread 0x000002e263e11760 Exception <a 'java/lang/NoSuchMethodError'{0x00000000e5c079d8}: 'int java.lang.invoke.DirectMethodHandle$Holder.invokeSpecial(java.lang.Object, java.lang.Object, java.lang.Object)'> (0x00000000e5c079d8) 
thrown [s\open\src\hotspot\share\interpreter\linkResolver.cpp, line 796]
Event: 0.526 Thread 0x000002e263e11760 Exception <a 'java/lang/NoSuchMethodError'{0x00000000e5c121d8}: 'void java.lang.invoke.DelegatingMethodHandle$Holder.reinvoke_L(java.lang.Object, java.lang.Object, int)'> (0x00000000e5c121d8) 
thrown [s\open\src\hotspot\share\interpreter\linkResolver.cpp, line 796]
Event: 0.527 Thread 0x000002e263e11760 Exception <a 'java/lang/NoSuchMethodError'{0x00000000e5c18b88}: 'int java.lang.invoke.Invokers$Holder.invokeExact_MT(java.lang.Object, java.lang.Object, java.lang.Object)'> (0x00000000e5c18b88) 
thrown [s\open\src\hotspot\share\interpreter\linkResolver.cpp, line 796]
Event: 0.548 Thread 0x000002e263e11760 Exception <a 'java/lang/NoSuchMethodError'{0x00000000e5c29b88}: 'void java.lang.invoke.Invokers$Holder.invokeExact_MT(java.lang.Object, java.lang.Object, java.lang.Object, java.lang.Object)'> (0x00000000e5c29b88) 
thrown [s\open\src\hotspot\share\interpreter\linkResolver.cpp, line 796]
Event: 0.720 Thread 0x000002e263e11760 Exception <a 'java/lang/NoSuchMethodError'{0x00000000e59c7c48}: 'int java.lang.invoke.DirectMethodHandle$Holder.invokeStaticInit(java.lang.Object, java.lang.Object)'> (0x00000000e59c7c48) 
thrown [s\open\src\hotspot\share\interpreter\linkResolver.cpp, line 796]
Event: 0.804 Thread 0x000002e263e11760 Exception <a 'java/lang/NoSuchMethodError'{0x00000000e5f9a720}: 'void java.lang.invoke.DirectMethodHandle$Holder.invokeStatic(java.lang.Object, java.lang.Object)'> (0x00000000e5f9a720) 
thrown [s\open\src\hotspot\share\interpreter\linkResolver.cpp, line 796]
Event: 0.831 Thread 0x000002e263e11760 Exception <a 'java/lang/NoSuchMethodError'{0x00000000e5ff2580}: 'java.lang.Object java.lang.invoke.DirectMethodHandle$Holder.invokeInterface(java.lang.Object, java.lang.Object)'> (0x00000000e5ff2580) 
thrown [s\open\src\hotspot\share\interpreter\linkResolver.cpp, line 796]
Event: 0.967 Thread 0x000002e263e11760 Exception <a 'java/lang/ClassNotFoundException'{0x00000000e5e5f7b0}: com/sun/org/apache/xerces/internal/impl/msg/spi/SAXMessagesProvider> (0x00000000e5e5f7b0) 
thrown [s\open\src\hotspot\share\classfile\systemDictionary.cpp, line 313]
Event: 1.301 Thread 0x000002e263e11760 Exception <a 'java/lang/NoSuchMethodError'{0x00000000e5d0abd8}: 'java.lang.Object java.lang.invoke.DirectMethodHandle$Holder.invokeStaticInit(java.lang.Object, int, int, int, int)'> (0x00000000e5d0abd8) 
thrown [s\open\src\hotspot\share\interpreter\linkResolver.cpp, line 796]
Event: 1.621 Thread 0x000002e263e11760 Exception <a 'java/lang/NoSuchMethodError'{0x00000000e5dd1388}: 'java.lang.Object java.lang.invoke.DirectMethodHandle$Holder.invokeStaticInit(java.lang.Object, java.lang.Object, int, int, int, int)'> (0x00000000e5dd1388) 
thrown [s\open\src\hotspot\share\interpreter\linkResolver.cpp, line 796]
Event: 1.872 Thread 0x000002e263e11760 Exception <a 'java/lang/NoSuchMethodError'{0x00000000e5fa36d8}: 'int java.lang.invoke.DirectMethodHandle$Holder.invokeVirtual(java.lang.Object, java.lang.Object)'> (0x00000000e5fa36d8) 
thrown [s\open\src\hotspot\share\interpreter\linkResolver.cpp, line 796]
Event: 1.902 Thread 0x000002e263e11760 Exception <a 'java/lang/NoSuchMethodError'{0x00000000e5e0a068}: 'int java.lang.invoke.DirectMethodHandle$Holder.invokeStaticInit(java.lang.Object, java.lang.Object, java.lang.Object)'> (0x00000000e5e0a068) 
thrown [s\open\src\hotspot\share\interpreter\linkResolver.cpp, line 796]

VM Operations (18 events):
Event: 0.279 Executing VM operation: HandshakeAllThreads (Deoptimize)
Event: 0.279 Executing VM operation: HandshakeAllThreads (Deoptimize) done
Event: 0.566 Executing VM operation: HandshakeAllThreads (Deoptimize)
Event: 0.566 Executing VM operation: HandshakeAllThreads (Deoptimize) done
Event: 0.675 Executing VM operation: HandshakeAllThreads (Deoptimize)
Event: 0.675 Executing VM operation: HandshakeAllThreads (Deoptimize) done
Event: 0.742 Executing VM operation: G1CollectForAllocation (G1 Evacuation Pause)
Event: 0.748 Executing VM operation: G1CollectForAllocation (G1 Evacuation Pause) done
Event: 0.758 Executing VM operation: HandshakeAllThreads (Deoptimize)
Event: 0.758 Executing VM operation: HandshakeAllThreads (Deoptimize) done
Event: 0.779 Executing VM operation: HandshakeAllThreads (Deoptimize)
Event: 0.779 Executing VM operation: HandshakeAllThreads (Deoptimize) done
Event: 0.928 Executing VM operation: HandshakeAllThreads (Deoptimize)
Event: 0.928 Executing VM operation: HandshakeAllThreads (Deoptimize) done
Event: 1.069 Executing VM operation: HandshakeAllThreads (Deoptimize)
Event: 1.069 Executing VM operation: HandshakeAllThreads (Deoptimize) done
Event: 1.803 Executing VM operation: G1CollectForAllocation (G1 Evacuation Pause)
Event: 1.807 Executing VM operation: G1CollectForAllocation (G1 Evacuation Pause) done

Memory protections (0 events):
No events

Nmethod flushes (0 events):
No events

Events (12 events):
Event: 0.080 Thread 0x000002e263e11760 Thread added: 0x000002e263e11760
Event: 0.125 Thread 0x000002e263e11760 Thread added: 0x000002e20025a800
Event: 0.126 Thread 0x000002e263e11760 Thread added: 0x000002e200260bd0
Event: 0.127 Thread 0x000002e263e11760 Thread added: 0x000002e200264fe0
Event: 0.127 Thread 0x000002e263e11760 Thread added: 0x000002e200265a40
Event: 0.127 Thread 0x000002e263e11760 Thread added: 0x000002e2002664a0
Event: 0.127 Thread 0x000002e263e11760 Thread added: 0x000002e200266f00
Event: 0.129 Thread 0x000002e263e11760 Thread added: 0x000002e200267c90
Event: 0.146 Thread 0x000002e263e11760 Thread added: 0x000002e2002db3c0
Event: 0.258 Thread 0x000002e263e11760 Thread added: 0x000002e2003bd850
Event: 0.261 Thread 0x000002e263e11760 Thread added: 0x000002e2003cbfb0
Event: 0.814 Thread 0x000002e263e11760 Thread added: 0x000002e246045ab0


Dynamic libraries:
0x00007ff6820f0000 - 0x00007ff682100000 	C:\Program Files\Java\jdk-23\bin\javaw.exe
0x00007ffa360c0000 - 0x00007ffa36323000 	C:\WINDOWS\SYSTEM32\ntdll.dll
0x00007ffa35e40000 - 0x00007ffa35f08000 	C:\WINDOWS\System32\KERNEL32.DLL
0x00007ffa337c0000 - 0x00007ffa33b72000 	C:\WINDOWS\System32\KERNELBASE.dll
0x00007ffa33670000 - 0x00007ffa337bb000 	C:\WINDOWS\System32\ucrtbase.dll
0x00007ffa2d6f0000 - 0x00007ffa2d707000 	C:\Program Files\Java\jdk-23\bin\jli.dll
0x00007ffa35650000 - 0x00007ffa35818000 	C:\WINDOWS\System32\USER32.dll
0x00007ffa33ef0000 - 0x00007ffa33f17000 	C:\WINDOWS\System32\win32u.dll
0x00007ffa34e30000 - 0x00007ffa34e5a000 	C:\WINDOWS\System32\GDI32.dll
0x00007ffa33490000 - 0x00007ffa335bb000 	C:\WINDOWS\System32\gdi32full.dll
0x00007ffa335c0000 - 0x00007ffa33663000 	C:\WINDOWS\System32\msvcp_win.dll
0x00007ffa2be00000 - 0x00007ffa2be1b000 	C:\Program Files\Java\jdk-23\bin\VCRUNTIME140.dll
0x00007ffa180c0000 - 0x00007ffa18350000 	C:\WINDOWS\WinSxS\amd64_microsoft.windows.common-controls_6595b64144ccf1df_6.0.26100.2454_none_3e0b68a2e331ad60\COMCTL32.dll
0x00007ffa34040000 - 0x00007ffa340e9000 	C:\WINDOWS\System32\msvcrt.dll
0x00007ffa346d0000 - 0x00007ffa346ff000 	C:\WINDOWS\System32\IMM32.DLL
0x00007ffa2d7a0000 - 0x00007ffa2d7ac000 	C:\Program Files\Java\jdk-23\bin\vcruntime140_1.dll
0x00007ffa24fe0000 - 0x00007ffa2506e000 	C:\Program Files\Java\jdk-23\bin\msvcp140.dll
0x00007ff9d2f40000 - 0x00007ff9d3c8f000 	C:\Program Files\Java\jdk-23\bin\server\jvm.dll
0x00007ffa35cc0000 - 0x00007ffa35d74000 	C:\WINDOWS\System32\ADVAPI32.dll
0x00007ffa35a50000 - 0x00007ffa35af6000 	C:\WINDOWS\System32\sechost.dll
0x00007ffa33f20000 - 0x00007ffa34036000 	C:\WINDOWS\System32\RPCRT4.dll
0x00007ffa35030000 - 0x00007ffa350a4000 	C:\WINDOWS\System32\WS2_32.dll
0x00007ffa33320000 - 0x00007ffa3336e000 	C:\WINDOWS\SYSTEM32\POWRPROF.dll
0x00007ffa2b0e0000 - 0x00007ffa2b116000 	C:\WINDOWS\SYSTEM32\WINMM.dll
0x00007ffa2b120000 - 0x00007ffa2b12b000 	C:\WINDOWS\SYSTEM32\VERSION.dll
0x00007ffa33300000 - 0x00007ffa33314000 	C:\WINDOWS\SYSTEM32\UMPDC.dll
0x00007ffa322d0000 - 0x00007ffa322ea000 	C:\WINDOWS\SYSTEM32\kernel.appcore.dll
0x00007ffa26170000 - 0x00007ffa2617a000 	C:\Program Files\Java\jdk-23\bin\jimage.dll
0x00007ffa27080000 - 0x00007ffa272c1000 	C:\WINDOWS\SYSTEM32\DBGHELP.DLL
0x00007ffa342e0000 - 0x00007ffa3465e000 	C:\WINDOWS\System32\combase.dll
0x00007ffa350c0000 - 0x00007ffa35196000 	C:\WINDOWS\System32\OLEAUT32.dll
0x00007ffa18360000 - 0x00007ffa18399000 	C:\WINDOWS\SYSTEM32\dbgcore.DLL
0x00007ffa33c10000 - 0x00007ffa33ca9000 	C:\WINDOWS\System32\bcryptPrimitives.dll
0x00007ffa26150000 - 0x00007ffa2616e000 	C:\Program Files\Java\jdk-23\bin\java.dll
0x00007ffa35820000 - 0x00007ffa359b9000 	C:\WINDOWS\System32\ole32.dll
0x00007ffa34720000 - 0x00007ffa34e20000 	C:\WINDOWS\System32\SHELL32.dll
0x00007ffa311e0000 - 0x00007ffa31a11000 	C:\WINDOWS\SYSTEM32\windows.storage.dll
0x00007ffa35fa0000 - 0x00007ffa3607a000 	C:\WINDOWS\System32\SHCORE.dll
0x00007ffa35f40000 - 0x00007ffa35f9d000 	C:\WINDOWS\System32\shlwapi.dll
0x00007ffa333a0000 - 0x00007ffa333ce000 	C:\WINDOWS\SYSTEM32\profapi.dll
0x00007ffa25c00000 - 0x00007ffa25cd7000 	C:\Program Files\Java\jdk-23\bin\jsvml.dll
0x00007ffa26140000 - 0x00007ffa26150000 	C:\Program Files\Java\jdk-23\bin\net.dll
0x00007ffa327d0000 - 0x00007ffa32838000 	C:\WINDOWS\system32\mswsock.dll
0x00007ffa26120000 - 0x00007ffa26136000 	C:\Program Files\Java\jdk-23\bin\nio.dll
0x00007ffa260e0000 - 0x00007ffa260f7000 	C:\Program Files\Java\jdk-23\bin\zip.dll
0x00007ffa31e00000 - 0x00007ffa31f25000 	C:\WINDOWS\SYSTEM32\DNSAPI.dll
0x00007ffa31dc0000 - 0x00007ffa31df2000 	C:\WINDOWS\SYSTEM32\IPHLPAPI.DLL
0x00007ffa350b0000 - 0x00007ffa350ba000 	C:\WINDOWS\System32\NSI.dll
0x00007ffa2d630000 - 0x00007ffa2d63b000 	C:\Windows\System32\rasadhlp.dll
0x00007ffa26aa0000 - 0x00007ffa26b25000 	C:\WINDOWS\System32\fwpuclnt.dll
0x00007ffa2af60000 - 0x00007ffa2af69000 	C:\Program Files\Java\jdk-23\bin\extnet.dll
0x00007ffa32a70000 - 0x00007ffa32a8c000 	C:\WINDOWS\SYSTEM32\CRYPTSP.dll
0x00007ffa32230000 - 0x00007ffa32268000 	C:\WINDOWS\system32\rsaenh.dll
0x00007ffa32870000 - 0x00007ffa3289b000 	C:\WINDOWS\SYSTEM32\USERENV.dll
0x00007ffa32cb0000 - 0x00007ffa32cd6000 	C:\WINDOWS\SYSTEM32\bcrypt.dll
0x00007ffa32a90000 - 0x00007ffa32a9c000 	C:\WINDOWS\SYSTEM32\CRYPTBASE.dll

dbghelp: loaded successfully - version: 4.0.5 - missing functions: none
symbol engine: initialized successfully - sym options: 0x614 - pdb path: .;C:\Program Files\Java\jdk-23\bin;C:\WINDOWS\SYSTEM32;C:\WINDOWS\WinSxS\amd64_microsoft.windows.common-controls_6595b64144ccf1df_6.0.26100.2454_none_3e0b68a2e331ad60;C:\Program Files\Java\jdk-23\bin\server

VM Arguments:
jvm_args: -ea -Xmx512m -Dfile.encoding=UTF-8 -Dstdout.encoding=UTF-8 -Dstderr.encoding=UTF-8 -XX:+ShowCodeDetailsInExceptionMessages 
java_command: org.testng.remote.RemoteTestNG -serport 61869 -protocol json -d C:\Users\nagar\git\repository\Seleniumfirstprojcet\test-output C:\Users\nagar\AppData\Local\Temp\testng-eclipse--1055379210\testng-customsuite.xml
java_class_path (initial): C:\Users\nagar\eclipse\jee-2024-09\eclipse\configuration\org.eclipse.osgi\1029\0\.cp\lib\testng-remote.jar;C:\Users\nagar\git\repository\Seleniumfirstprojcet\bin;C:\Users\nagar\.p2\pool\plugins\org.testng_7.4.0.r202105021533.jar;C:\Users\nagar\.p2\pool\plugins\com.beust.jcommander_1.78.0.jar;C:\Users\nagar\.p2\pool\plugins\org.apache-extras.beanshell.bsh_2.0.0.b6.jar;C:\Users\nagar\.p2\pool\plugins\org.yaml.snakeyaml_1.21.0.jar;C:\Users\nagar\.p2\pool\plugins\org.webjars.jquery_3.5.1.jar;C:\Users\nagar\eclipse-workspace\Weddriver\selenium-server-4.26.0.jar;C:\Users\nagar\eclipse-workspace\Weddriver\Not used\poi-bin-5.2.3-20220909\poi-bin-5.2.3\poi-5.2.3.jar;C:\Users\nagar\eclipse-workspace\Weddriver\Not used\poi-bin-5.2.3-20220909\poi-bin-5.2.3\poi-examples-5.2.3.jar;C:\Users\nagar\eclipse-workspace\Weddriver\Not used\poi-bin-5.2.3-20220909\poi-bin-5.2.3\poi-excelant-5.2.3.jar;C:\Users\nagar\eclipse-workspace\Weddriver\Not used\poi-bin-5.2.3-20220909\poi-bin-5.2.3\poi-javadoc-5.2.3.jar;C:\Users\nagar\eclipse-workspace\Weddriver\Not used\poi-bin-5.2.3-20220909\poi-bin-5.2.3\poi-ooxml-5.2.3.jar;C:\Users\nagar\eclipse-workspace\Weddriver\Not used\poi-bin-5.2.3-20220909\poi-bin-5.2.3\poi-ooxml-full-5.2.3.jar;C:\Users\nagar\eclipse-workspace\Weddriver\Not used\poi-bin-5.2.3-20220909\poi-bin-5.2.3\poi-ooxml-lite-5.2.3.jar;C:\Users\nagar\eclipse-workspace\Weddriver\Not used\poi-bin-5.2.3-20220909\poi-bin-5.2.3\poi-scratchpad-5.2.3.jar;C:\Users\nagar\eclipse-workspace\Weddriver\Not used\poi-bin-5.2.3-20220909\poi-bin-5.2.3\lib\commons-codec-1.15.jar;C:\Users\nagar\eclipse-workspace\Weddriver\Not used\poi-bin-5.2.3-20220909\poi-bin-5.2.3\lib\commons-collections4-4.4.jar;C:\Users\nagar\eclipse-workspace\Weddriver\Not used\poi-bin-5.2.3-20220909\poi-bin-5.2.3\lib\commons-io-2.11.0.jar;C:\Users\nagar\eclipse-workspace\Weddriver\Not used\poi-bin-5.2.3-20220909\poi-bin-5.2.3\lib\commons-math3-3.6.1.jar;C:\Users\nagar\eclipse-workspace\Weddriver\Not used\poi-bin-5.2.3-20220909\poi-bin-5.2.3\lib\log4j-api-2.18.0.jar;C:\Users\nagar\eclipse-workspace\Weddriver\Not used\poi-bin-5.2.3-20220909\poi-bin-5.2.3\lib\SparseBitSet-1.2.jar;C:\Users\nagar\eclipse-workspace\Weddriver\Not used\poi-bin-5.2.3-20220909\poi-bin-5.2.3\ooxml-lib\commons-compress-1.21.jar;C:\Users\nagar\eclipse-workspace\Weddriver\Not used\poi-bin-5.2.3-20220909\poi-bin-5.2.3\ooxml-lib\commons-logging-1.2.jar;C:\Users\nagar\eclipse-workspace\Weddriver\Not used\poi-bin-5.2.3-20220909\poi-bin-5.2.3\ooxml-lib\curvesapi-1.07.jar;C:\Users\nagar\eclipse-workspace\Weddriver\Not used\poi-bin-5.2.3-20220909\poi-bin-5.2.3\ooxml-lib\jakarta.activation-2.0.1.jar;C:\Users\nagar\eclipse-workspace\Weddriver\Not used\poi-bin-5.2.3-20220909\poi-bin-5.2.3\ooxml-lib\jakarta.xml.bind-api-3.0.1.jar;C:\Users\nagar\eclipse-workspace\Weddriver\Not used\poi-bin-5.2.3-20220909\poi-bin-5.2.3\ooxml-lib\slf4j-api-1.7.36.jar;C:\Users\nagar\eclipse-workspace\Weddriver\Not used\poi-bin-5.2.3-20220909\poi-bin-5.2.3\ooxml-lib\xmlbeans-5.1.1.jar
Launcher Type: SUN_STANDARD

[Global flags]
     intx CICompilerCount                          = 2                                         {product} {ergonomic}
     uint ConcGCThreads                            = 1                                         {product} {ergonomic}
     uint G1ConcRefinementThreads                  = 2                                         {product} {ergonomic}
   size_t G1HeapRegionSize                         = 1048576                                   {product} {ergonomic}
   size_t InitialHeapSize                          = 100663296                                 {product} {ergonomic}
   size_t MarkStackSize                            = 4194304                                   {product} {ergonomic}
   size_t MarkStackSizeMax                         = 536870912                                 {product} {ergonomic}
   size_t MaxHeapSize                              = 536870912                                 {product} {command line}
   size_t MaxNewSize                               = 321912832                                 {product} {ergonomic}
   size_t MinHeapDeltaBytes                        = 1048576                                   {product} {ergonomic}
   size_t MinHeapSize                              = 8388608                                   {product} {ergonomic}
    uintx NonNMethodCodeHeapSize                   = 5767168                                {pd product} {ergonomic}
    uintx NonProfiledCodeHeapSize                  = 123011072                              {pd product} {ergonomic}
    uintx ProfiledCodeHeapSize                     = 122880000                              {pd product} {ergonomic}
    uintx ReservedCodeCacheSize                    = 251658240                              {pd product} {ergonomic}
     bool SegmentedCodeCache                       = true                                      {product} {ergonomic}
     bool ShowCodeDetailsInExceptionMessages       = true                                   {manageable} {command line}
   size_t SoftMaxHeapSize                          = 536870912                              {manageable} {ergonomic}
     bool UseCompressedOops                        = true                           {product lp64_product} {ergonomic}
     bool UseG1GC                                  = true                                      {product} {ergonomic}
     bool UseLargePagesIndividualAllocation        = false                                  {pd product} {ergonomic}

Logging:
Log output configuration:
 #0: stdout all=warning uptime,level,tags foldmultilines=false
 #1: stderr all=off uptime,level,tags foldmultilines=false

Environment Variables:
JAVA_HOME=C:\Program Files\Java\jdk-23
PATH=C:/Program Files/Java/jdk-23/bin/server;C:/Program Files/Java/jdk-23/bin;C:\Users\nagar\Python\Scripts\;C:\Users\nagar\Python\;C:\Program Files\Common Files\Oracle\Java\javapath;C:\windows\system32;C:\windows;C:\windows\System32\Wbem;C:\windows\System32\WindowsPowerShell\v1.0\;C:\windows\System32\OpenSSH\;C:\Program Files\HP\HP One Agent;C:\Program Files\MySQL\MySQL Server 8.0\bin;C:\Program Files\Java\jdk-23\bin;C:\Users\nagar\apache-maven-3.9.9\bin;C:\Program Files\nodejs\;C:\Users\nagar\git\Git\cmd;C:\WINDOWS\system32;C:\WINDOWS;C:\WINDOWS\System32\Wbem;C:\WINDOWS\System32\WindowsPowerShell\v1.0\;C:\WINDOWS\System32\OpenSSH\;C:\Users\nagar\Python;C:\Users\nagar\Python;C:\Users\nagar\eclipse-workspace\Weddriver\chromedriver-win64 (3)\chromedriver-win64;C:\Program Files\MySQL\MySQL Shell 8.0\bin\;C:\Users\nagar\AppData\Local\Microsoft\WindowsApps;C:\Users\nagar\AppData\Local\Programs\Microsoft VS Code\bin;C:\Users\nagar\eclipse-workspace\chromedriver-win64;C:\Users\nagar\AppData\Roaming\npm;C:\Users\nagar\node-v20.18.0-x64.msi;;C:\WINDOWS\system32;
USERNAME=nagar
OS=Windows_NT
PROCESSOR_IDENTIFIER=AMD64 Family 23 Model 24 Stepping 1, AuthenticAMD
TMP=C:\Users\nagar\AppData\Local\Temp
TEMP=C:\Users\nagar\AppData\Local\Temp




Periodic native trim disabled

---------------  S Y S T E M  ---------------

OS:
 Windows 11 , 64 bit Build 26100 (10.0.26100.2454)
OS uptime: 1 days 15:00 hours

CPU: total 2 (initial active 2) (2 cores per cpu, 1 threads per core) family 23 model 24 stepping 1 microcode 0x8108109, cx8, cmov, fxsr, mmx, 3dnowpref, sse, sse2, sse3, ssse3, sse4a, sse4.1, sse4.2, popcnt, lzcnt, tsc, tscinvbit, avx, avx2, aes, clmul, bmi1, bmi2, adx, sha, fma, vzeroupper, clflush, clflushopt, rdtscp, f16c
Processor Information for the first 2 processors :
  Max Mhz: 2300, Current Mhz: 2300, Mhz Limit: 2300

Memory: 4k page, system-wide physical 6063M (487M free)
TotalPageFile size 24495M (AvailPageFile size 1M)
current process WorkingSet (physical memory assigned to process): 70M, peak: 70M
current process commit charge ("private bytes"): 176M, peak: 176M

vm_info: Java HotSpot(TM) 64-Bit Server VM (23.0.1+11-39) for windows-amd64 JRE (23.0.1+11-39), built on 2024-09-30T07:20:43Z with MS VC++ 17.6 (VS2022)

END.
