#
# There is insufficient memory for the Java Runtime Environment to continue.
# Native memory allocation (malloc) failed to allocate 32744 bytes. Error detail: Chunk::new
# Possible reasons:
#   The system is out of physical RAM or swap space
#   This process is running with CompressedOops enabled, and the Java Heap may be blocking the growth of the native heap
# Possible solutions:
#   Reduce memory load on the system
#   Increase physical memory or swap space
#   Check if swap backing store is full
#   Decrease Java heap size (-Xmx/-Xms)
#     to set the Java Heap base and to place the Java Heap above 4GB virtual address.
# This output file may be truncated or incomplete.
#
#  Out of Memory Error (arena.cpp:149), pid=8100, tid=14520
#
# JRE version: Java(TM) SE Runtime Environment (23.0.1+11) (build 23.0.1+11-39)
# Java VM: Java HotSpot(TM) 64-Bit Server VM (23.0.1+11-39, mixed mode, sharing, tiered, compressed oops, compressed class ptrs, g1 gc, windows-amd64)
# No core dump will be written. Minidumps are not enabled by default on client versions of Windows
#

---------------  S U M M A R Y ------------

Command Line: -ea -Dfile.encoding=UTF-8 -Dstdout.encoding=UTF-8 -Dstderr.encoding=UTF-8 -XX:+ShowCodeDetailsInExceptionMessages org.testng.remote.RemoteTestNG -serport 61679 -protocol json -d C:\Users\nagar\git\repository\Seleniumfirstprojcet\test-output C:\Users\nagar\AppData\Local\Temp\testng-eclipse-1945605324\testng-customsuite.xml

Host: AMD Athlon Silver 3050U with Radeon Graphics   , 2 cores, 5G,  Windows 11 , 64 bit Build 26100 (10.0.26100.2454)
Time: Wed Dec 25 11:26:16 2024 India Standard Time elapsed time: 30117.596644 seconds (0d 8h 21m 57s)

---------------  T H R E A D  ---------------

Current thread (0x000002af35e5ed20):  JavaThread "C1 CompilerThread0" daemon [_thread_in_native, id=14520, stack(0x000000fd1c000000,0x000000fd1c100000) (1024K)]


Current CompileTask:
C1:30117596 1628       3       java.lang.invoke.InvokerBytecodeGenerator::isStaticallyInvocable (165 bytes)

Stack: [0x000000fd1c000000,0x000000fd1c100000]
Native frames: (J=compiled Java code, j=interpreted, Vv=VM code, C=native code)
V  [jvm.dll+0x6e08b9]  (no source info available)
V  [jvm.dll+0x87dc83]  (no source info available)
V  [jvm.dll+0x88010e]  (no source info available)
V  [jvm.dll+0x8807e3]  (no source info available)
V  [jvm.dll+0x27aee6]  (no source info available)
V  [jvm.dll+0xbc06f]  (no source info available)
V  [jvm.dll+0xbc2cb]  (no source info available)
V  [jvm.dll+0x15e140]  (no source info available)
V  [jvm.dll+0x160d8f]  (no source info available)
V  [jvm.dll+0x153f4c]  (no source info available)
V  [jvm.dll+0x1602f6]  (no source info available)
V  [jvm.dll+0x1635e6]  (no source info available)
V  [jvm.dll+0x162fc1]  (no source info available)
V  [jvm.dll+0x15a852]  (no source info available)
V  [jvm.dll+0x15caca]  (no source info available)
V  [jvm.dll+0x15b0f5]  (no source info available)
V  [jvm.dll+0x15463f]  (no source info available)
V  [jvm.dll+0x164c46]  (no source info available)
V  [jvm.dll+0x14fd7b]  (no source info available)
V  [jvm.dll+0x150173]  (no source info available)
V  [jvm.dll+0x1504db]  (no source info available)
V  [jvm.dll+0x14f8a8]  (no source info available)
V  [jvm.dll+0x1516ed]  (no source info available)
V  [jvm.dll+0x253cf1]  (no source info available)
V  [jvm.dll+0x251faa]  (no source info available)
V  [jvm.dll+0x3ee036]  (no source info available)
V  [jvm.dll+0x824f8b]  (no source info available)
V  [jvm.dll+0x6df065]  (no source info available)
C  [ucrtbase.dll+0x14ea0]  (no source info available)
C  [KERNEL32.DLL+0x2e8d7]  (no source info available)
C  [ntdll.dll+0xdfbcc]  (no source info available)

Lock stack of current Java thread (top to bottom):


---------------  P R O C E S S  ---------------

Threads class SMR info:
_java_thread_list=0x000002af7bad57d0, length=12, elements={
0x000002af185b2de0, 0x000002af35dde9f0, 0x000002af35de2eb0, 0x000002af35de73c0,
0x000002af35de7e20, 0x000002af35dee960, 0x000002af35def3c0, 0x000002af35df0150,
0x000002af35e5ed20, 0x000002af7b0c1a50, 0x000002af7b0c28d0, 0x000002af7b5fe980
}

Java Threads: ( => current thread )
  0x000002af185b2de0 JavaThread "main"                              [_thread_blocked, id=7620, stack(0x000000fd1b100000,0x000000fd1b200000) (1024K)]
  0x000002af35dde9f0 JavaThread "Reference Handler"          daemon [_thread_blocked, id=11252, stack(0x000000fd1b900000,0x000000fd1ba00000) (1024K)]
  0x000002af35de2eb0 JavaThread "Finalizer"                  daemon [_thread_blocked, id=14380, stack(0x000000fd1ba00000,0x000000fd1bb00000) (1024K)]
  0x000002af35de73c0 JavaThread "Signal Dispatcher"          daemon [_thread_blocked, id=20008, stack(0x000000fd1bb00000,0x000000fd1bc00000) (1024K)]
  0x000002af35de7e20 JavaThread "Attach Listener"            daemon [_thread_blocked, id=22984, stack(0x000000fd1bc00000,0x000000fd1bd00000) (1024K)]
  0x000002af35dee960 JavaThread "Service Thread"             daemon [_thread_blocked, id=23436, stack(0x000000fd1bd00000,0x000000fd1be00000) (1024K)]
  0x000002af35def3c0 JavaThread "Monitor Deflation Thread"   daemon [_thread_blocked, id=9404, stack(0x000000fd1be00000,0x000000fd1bf00000) (1024K)]
  0x000002af35df0150 JavaThread "C2 CompilerThread0"         daemon [_thread_blocked, id=8568, stack(0x000000fd1bf00000,0x000000fd1c000000) (1024K)]
=>0x000002af35e5ed20 JavaThread "C1 CompilerThread0"         daemon [_thread_in_native, id=14520, stack(0x000000fd1c000000,0x000000fd1c100000) (1024K)]
  0x000002af7b0c1a50 JavaThread "Notification Thread"        daemon [_thread_blocked, id=17520, stack(0x000000fd1c100000,0x000000fd1c200000) (1024K)]
  0x000002af7b0c28d0 JavaThread "Common-Cleaner"             daemon [_thread_blocked, id=17996, stack(0x000000fd1c200000,0x000000fd1c300000) (1024K)]
  0x000002af7b5fe980 JavaThread "External Process Output Forwarder - C:\Users\nagar\.cache\selenium\manager\0.4.26\selenium-manager.exe" daemon [_thread_in_vm, id=13064, stack(0x000000fd1c600000,0x000000fd1c700000) (1024K)]
Total: 12

Other Threads:
  0x000002af35dc5c10 VMThread "VM Thread"                           [id=13168, stack(0x000000fd1b800000,0x000000fd1b900000) (1024K)]
  0x000002af35db0b10 WatcherThread "VM Periodic Task Thread"        [id=14696, stack(0x000000fd1b700000,0x000000fd1b800000) (1024K)]
  0x000002af1a8c4e40 WorkerThread "GC Thread#0"                     [id=16728, stack(0x000000fd1b200000,0x000000fd1b300000) (1024K)]
  0x000002af7b447fe0 WorkerThread "GC Thread#1"                     [id=17744, stack(0x000000fd1c300000,0x000000fd1c400000) (1024K)]
  0x000002af1a8d4a80 ConcurrentGCThread "G1 Main Marker"            [id=11088, stack(0x000000fd1b300000,0x000000fd1b400000) (1024K)]
  0x000002af1a8d6b60 WorkerThread "G1 Conc#0"                       [id=5148, stack(0x000000fd1b400000,0x000000fd1b500000) (1024K)]
  0x000002af1a93ddd0 ConcurrentGCThread "G1 Refine#0"               [id=18840, stack(0x000000fd1b500000,0x000000fd1b600000) (1024K)]
  0x000002af1a93e860 ConcurrentGCThread "G1 Service"                [id=7316, stack(0x000000fd1b600000,0x000000fd1b700000) (1024K)]
Total: 8

Threads with active compile tasks:
C1 CompilerThread0  30117724 1628       3       java.lang.invoke.InvokerBytecodeGenerator::isStaticallyInvocable (165 bytes)
Total: 1

VM state: not at safepoint (normal execution)

VM Mutex/Monitor currently owned by a thread: None

Heap address: 0x00000000a1400000, size: 1516 MB, Compressed Oops mode: 32-bit

CDS archive(s) mapped at: [0x000002af36000000-0x000002af36d70000-0x000002af36d70000), size 14090240, SharedBaseAddress: 0x000002af36000000, ArchiveRelocationMode: 1.
Compressed class space mapped at: 0x000002af37000000-0x000002af77000000, reserved size: 1073741824
Narrow klass base: 0x000002af36000000, Narrow klass shift: 0, Narrow klass range: 0x41000000

GC Precious Log:
 CardTable entry size: 512
 Card Set container configuration: InlinePtr #cards 5 size 8 Array Of Cards #cards 10 size 36 Howl #buckets 4 coarsen threshold 1843 Howl Bitmap #cards 512 size 80 coarsen threshold 460 Card regions per heap region 1 cards per card region 2048
 CPUs: 2 total, 2 available
 Memory: 6063M
 Large Page Support: Disabled
 NUMA Support: Disabled
 Compressed Oops: Enabled (32-bit)
 Heap Region Size: 1M
 Heap Min Capacity: 8M
 Heap Initial Capacity: 96M
 Heap Max Capacity: 1516M
 Pre-touch: Disabled
 Parallel Workers: 2
 Concurrent Workers: 1
 Concurrent Refinement Workers: 2
 Periodic GC: Disabled

Heap:
 garbage-first heap   total reserved 1552384K, committed 98304K, used 19068K [0x00000000a1400000, 0x0000000100000000)
  region size 1024K, 10 young (10240K), 1 survivors (1024K)
 Metaspace       used 8596K, committed 8832K, reserved 1114112K
  class space    used 1022K, committed 1152K, reserved 1048576K

Heap Regions: E=young(eden), S=young(survivor), O=old, HS=humongous(starts), HC=humongous(continues), CS=collection set, F=free, TAMS=top-at-mark-start, PB=parsable bottom
|   0|0x00000000a1400000, 0x00000000a1500000, 0x00000000a1500000|100%|HS|  |TAMS 0x00000000a1400000| PB 0x00000000a1400000| Complete |  0
|   1|0x00000000a1500000, 0x00000000a1600000, 0x00000000a1600000|100%|HC|  |TAMS 0x00000000a1500000| PB 0x00000000a1500000| Complete |  0
|   2|0x00000000a1600000, 0x00000000a1700000, 0x00000000a1700000|100%|HC|  |TAMS 0x00000000a1600000| PB 0x00000000a1600000| Complete |  0
|   3|0x00000000a1700000, 0x00000000a1800000, 0x00000000a1800000|100%|HS|  |TAMS 0x00000000a1700000| PB 0x00000000a1700000| Complete |  0
|   4|0x00000000a1800000, 0x00000000a1900000, 0x00000000a1900000|100%|HS|  |TAMS 0x00000000a1800000| PB 0x00000000a1800000| Complete |  0
|   5|0x00000000a1900000, 0x00000000a1a00000, 0x00000000a1a00000|100%|HC|  |TAMS 0x00000000a1900000| PB 0x00000000a1900000| Complete |  0
|   6|0x00000000a1a00000, 0x00000000a1b00000, 0x00000000a1b00000|100%| O|  |TAMS 0x00000000a1a00000| PB 0x00000000a1a00000| Untracked |  0
|   7|0x00000000a1b00000, 0x00000000a1c00000, 0x00000000a1c00000|100%| O|  |TAMS 0x00000000a1b00000| PB 0x00000000a1b00000| Untracked |  0
|   8|0x00000000a1c00000, 0x00000000a1d00000, 0x00000000a1d00000|100%| O|  |TAMS 0x00000000a1c00000| PB 0x00000000a1c00000| Untracked |  0
|   9|0x00000000a1d00000, 0x00000000a1dbad40, 0x00000000a1e00000| 72%| O|  |TAMS 0x00000000a1d00000| PB 0x00000000a1d00000| Untracked |  0
|  10|0x00000000a1e00000, 0x00000000a1e00000, 0x00000000a1f00000|  0%| F|  |TAMS 0x00000000a1e00000| PB 0x00000000a1e00000| Untracked |  0
|  11|0x00000000a1f00000, 0x00000000a1f00000, 0x00000000a2000000|  0%| F|  |TAMS 0x00000000a1f00000| PB 0x00000000a1f00000| Untracked |  0
|  12|0x00000000a2000000, 0x00000000a2000000, 0x00000000a2100000|  0%| F|  |TAMS 0x00000000a2000000| PB 0x00000000a2000000| Untracked |  0
|  13|0x00000000a2100000, 0x00000000a2100000, 0x00000000a2200000|  0%| F|  |TAMS 0x00000000a2100000| PB 0x00000000a2100000| Untracked |  0
|  14|0x00000000a2200000, 0x00000000a2200000, 0x00000000a2300000|  0%| F|  |TAMS 0x00000000a2200000| PB 0x00000000a2200000| Untracked |  0
|  15|0x00000000a2300000, 0x00000000a2300000, 0x00000000a2400000|  0%| F|  |TAMS 0x00000000a2300000| PB 0x00000000a2300000| Untracked |  0
|  16|0x00000000a2400000, 0x00000000a2400000, 0x00000000a2500000|  0%| F|  |TAMS 0x00000000a2400000| PB 0x00000000a2400000| Untracked |  0
|  17|0x00000000a2500000, 0x00000000a2500000, 0x00000000a2600000|  0%| F|  |TAMS 0x00000000a2500000| PB 0x00000000a2500000| Untracked |  0
|  18|0x00000000a2600000, 0x00000000a2600000, 0x00000000a2700000|  0%| F|  |TAMS 0x00000000a2600000| PB 0x00000000a2600000| Untracked |  0
|  19|0x00000000a2700000, 0x00000000a2700000, 0x00000000a2800000|  0%| F|  |TAMS 0x00000000a2700000| PB 0x00000000a2700000| Untracked |  0
|  20|0x00000000a2800000, 0x00000000a2800000, 0x00000000a2900000|  0%| F|  |TAMS 0x00000000a2800000| PB 0x00000000a2800000| Untracked |  0
|  21|0x00000000a2900000, 0x00000000a2900000, 0x00000000a2a00000|  0%| F|  |TAMS 0x00000000a2900000| PB 0x00000000a2900000| Untracked |  0
|  22|0x00000000a2a00000, 0x00000000a2a00000, 0x00000000a2b00000|  0%| F|  |TAMS 0x00000000a2a00000| PB 0x00000000a2a00000| Untracked |  0
|  23|0x00000000a2b00000, 0x00000000a2b00000, 0x00000000a2c00000|  0%| F|  |TAMS 0x00000000a2b00000| PB 0x00000000a2b00000| Untracked |  0
|  24|0x00000000a2c00000, 0x00000000a2c00000, 0x00000000a2d00000|  0%| F|  |TAMS 0x00000000a2c00000| PB 0x00000000a2c00000| Untracked |  0
|  25|0x00000000a2d00000, 0x00000000a2d00000, 0x00000000a2e00000|  0%| F|  |TAMS 0x00000000a2d00000| PB 0x00000000a2d00000| Untracked |  0
|  26|0x00000000a2e00000, 0x00000000a2e00000, 0x00000000a2f00000|  0%| F|  |TAMS 0x00000000a2e00000| PB 0x00000000a2e00000| Untracked |  0
|  27|0x00000000a2f00000, 0x00000000a2f00000, 0x00000000a3000000|  0%| F|  |TAMS 0x00000000a2f00000| PB 0x00000000a2f00000| Untracked |  0
|  28|0x00000000a3000000, 0x00000000a3000000, 0x00000000a3100000|  0%| F|  |TAMS 0x00000000a3000000| PB 0x00000000a3000000| Untracked |  0
|  29|0x00000000a3100000, 0x00000000a3100000, 0x00000000a3200000|  0%| F|  |TAMS 0x00000000a3100000| PB 0x00000000a3100000| Untracked |  0
|  30|0x00000000a3200000, 0x00000000a3200000, 0x00000000a3300000|  0%| F|  |TAMS 0x00000000a3200000| PB 0x00000000a3200000| Untracked |  0
|  31|0x00000000a3300000, 0x00000000a3300000, 0x00000000a3400000|  0%| F|  |TAMS 0x00000000a3300000| PB 0x00000000a3300000| Untracked |  0
|  32|0x00000000a3400000, 0x00000000a3400000, 0x00000000a3500000|  0%| F|  |TAMS 0x00000000a3400000| PB 0x00000000a3400000| Untracked |  0
|  33|0x00000000a3500000, 0x00000000a3500000, 0x00000000a3600000|  0%| F|  |TAMS 0x00000000a3500000| PB 0x00000000a3500000| Untracked |  0
|  34|0x00000000a3600000, 0x00000000a3600000, 0x00000000a3700000|  0%| F|  |TAMS 0x00000000a3600000| PB 0x00000000a3600000| Untracked |  0
|  35|0x00000000a3700000, 0x00000000a3700000, 0x00000000a3800000|  0%| F|  |TAMS 0x00000000a3700000| PB 0x00000000a3700000| Untracked |  0
|  36|0x00000000a3800000, 0x00000000a3800000, 0x00000000a3900000|  0%| F|  |TAMS 0x00000000a3800000| PB 0x00000000a3800000| Untracked |  0
|  37|0x00000000a3900000, 0x00000000a3900000, 0x00000000a3a00000|  0%| F|  |TAMS 0x00000000a3900000| PB 0x00000000a3900000| Untracked |  0
|  38|0x00000000a3a00000, 0x00000000a3a00000, 0x00000000a3b00000|  0%| F|  |TAMS 0x00000000a3a00000| PB 0x00000000a3a00000| Untracked |  0
|  39|0x00000000a3b00000, 0x00000000a3b00000, 0x00000000a3c00000|  0%| F|  |TAMS 0x00000000a3b00000| PB 0x00000000a3b00000| Untracked |  0
|  40|0x00000000a3c00000, 0x00000000a3c00000, 0x00000000a3d00000|  0%| F|  |TAMS 0x00000000a3c00000| PB 0x00000000a3c00000| Untracked |  0
|  41|0x00000000a3d00000, 0x00000000a3d00000, 0x00000000a3e00000|  0%| F|  |TAMS 0x00000000a3d00000| PB 0x00000000a3d00000| Untracked |  0
|  42|0x00000000a3e00000, 0x00000000a3e00000, 0x00000000a3f00000|  0%| F|  |TAMS 0x00000000a3e00000| PB 0x00000000a3e00000| Untracked |  0
|  43|0x00000000a3f00000, 0x00000000a3f00000, 0x00000000a4000000|  0%| F|  |TAMS 0x00000000a3f00000| PB 0x00000000a3f00000| Untracked |  0
|  44|0x00000000a4000000, 0x00000000a4000000, 0x00000000a4100000|  0%| F|  |TAMS 0x00000000a4000000| PB 0x00000000a4000000| Untracked |  0
|  45|0x00000000a4100000, 0x00000000a4100000, 0x00000000a4200000|  0%| F|  |TAMS 0x00000000a4100000| PB 0x00000000a4100000| Untracked |  0
|  46|0x00000000a4200000, 0x00000000a4200000, 0x00000000a4300000|  0%| F|  |TAMS 0x00000000a4200000| PB 0x00000000a4200000| Untracked |  0
|  47|0x00000000a4300000, 0x00000000a4300000, 0x00000000a4400000|  0%| F|  |TAMS 0x00000000a4300000| PB 0x00000000a4300000| Untracked |  0
|  48|0x00000000a4400000, 0x00000000a4400000, 0x00000000a4500000|  0%| F|  |TAMS 0x00000000a4400000| PB 0x00000000a4400000| Untracked |  0
|  49|0x00000000a4500000, 0x00000000a4500000, 0x00000000a4600000|  0%| F|  |TAMS 0x00000000a4500000| PB 0x00000000a4500000| Untracked |  0
|  50|0x00000000a4600000, 0x00000000a4600000, 0x00000000a4700000|  0%| F|  |TAMS 0x00000000a4600000| PB 0x00000000a4600000| Untracked |  0
|  51|0x00000000a4700000, 0x00000000a4700000, 0x00000000a4800000|  0%| F|  |TAMS 0x00000000a4700000| PB 0x00000000a4700000| Untracked |  0
|  52|0x00000000a4800000, 0x00000000a4800000, 0x00000000a4900000|  0%| F|  |TAMS 0x00000000a4800000| PB 0x00000000a4800000| Untracked |  0
|  53|0x00000000a4900000, 0x00000000a4900000, 0x00000000a4a00000|  0%| F|  |TAMS 0x00000000a4900000| PB 0x00000000a4900000| Untracked |  0
|  54|0x00000000a4a00000, 0x00000000a4a00000, 0x00000000a4b00000|  0%| F|  |TAMS 0x00000000a4a00000| PB 0x00000000a4a00000| Untracked |  0
|  55|0x00000000a4b00000, 0x00000000a4b00000, 0x00000000a4c00000|  0%| F|  |TAMS 0x00000000a4b00000| PB 0x00000000a4b00000| Untracked |  0
|  56|0x00000000a4c00000, 0x00000000a4c00000, 0x00000000a4d00000|  0%| F|  |TAMS 0x00000000a4c00000| PB 0x00000000a4c00000| Untracked |  0
|  57|0x00000000a4d00000, 0x00000000a4d00000, 0x00000000a4e00000|  0%| F|  |TAMS 0x00000000a4d00000| PB 0x00000000a4d00000| Untracked |  0
|  58|0x00000000a4e00000, 0x00000000a4e00000, 0x00000000a4f00000|  0%| F|  |TAMS 0x00000000a4e00000| PB 0x00000000a4e00000| Untracked |  0
|  59|0x00000000a4f00000, 0x00000000a4f00000, 0x00000000a5000000|  0%| F|  |TAMS 0x00000000a4f00000| PB 0x00000000a4f00000| Untracked |  0
|  60|0x00000000a5000000, 0x00000000a5000000, 0x00000000a5100000|  0%| F|  |TAMS 0x00000000a5000000| PB 0x00000000a5000000| Untracked |  0
|  61|0x00000000a5100000, 0x00000000a5100000, 0x00000000a5200000|  0%| F|  |TAMS 0x00000000a5100000| PB 0x00000000a5100000| Untracked |  0
|  62|0x00000000a5200000, 0x00000000a5200000, 0x00000000a5300000|  0%| F|  |TAMS 0x00000000a5200000| PB 0x00000000a5200000| Untracked |  0
|  63|0x00000000a5300000, 0x00000000a5300000, 0x00000000a5400000|  0%| F|  |TAMS 0x00000000a5300000| PB 0x00000000a5300000| Untracked |  0
|  64|0x00000000a5400000, 0x00000000a5400000, 0x00000000a5500000|  0%| F|  |TAMS 0x00000000a5400000| PB 0x00000000a5400000| Untracked |  0
|  65|0x00000000a5500000, 0x00000000a5500000, 0x00000000a5600000|  0%| F|  |TAMS 0x00000000a5500000| PB 0x00000000a5500000| Untracked |  0
|  66|0x00000000a5600000, 0x00000000a5600000, 0x00000000a5700000|  0%| F|  |TAMS 0x00000000a5600000| PB 0x00000000a5600000| Untracked |  0
|  67|0x00000000a5700000, 0x00000000a5700000, 0x00000000a5800000|  0%| F|  |TAMS 0x00000000a5700000| PB 0x00000000a5700000| Untracked |  0
|  68|0x00000000a5800000, 0x00000000a5800000, 0x00000000a5900000|  0%| F|  |TAMS 0x00000000a5800000| PB 0x00000000a5800000| Untracked |  0
|  69|0x00000000a5900000, 0x00000000a5900000, 0x00000000a5a00000|  0%| F|  |TAMS 0x00000000a5900000| PB 0x00000000a5900000| Untracked |  0
|  70|0x00000000a5a00000, 0x00000000a5a00000, 0x00000000a5b00000|  0%| F|  |TAMS 0x00000000a5a00000| PB 0x00000000a5a00000| Untracked |  0
|  71|0x00000000a5b00000, 0x00000000a5b00000, 0x00000000a5c00000|  0%| F|  |TAMS 0x00000000a5b00000| PB 0x00000000a5b00000| Untracked |  0
|  72|0x00000000a5c00000, 0x00000000a5c00000, 0x00000000a5d00000|  0%| F|  |TAMS 0x00000000a5c00000| PB 0x00000000a5c00000| Untracked |  0
|  73|0x00000000a5d00000, 0x00000000a5d00000, 0x00000000a5e00000|  0%| F|  |TAMS 0x00000000a5d00000| PB 0x00000000a5d00000| Untracked |  0
|  74|0x00000000a5e00000, 0x00000000a5e00000, 0x00000000a5f00000|  0%| F|  |TAMS 0x00000000a5e00000| PB 0x00000000a5e00000| Untracked |  0
|  75|0x00000000a5f00000, 0x00000000a5f00000, 0x00000000a6000000|  0%| F|  |TAMS 0x00000000a5f00000| PB 0x00000000a5f00000| Untracked |  0
|  76|0x00000000a6000000, 0x00000000a6000000, 0x00000000a6100000|  0%| F|  |TAMS 0x00000000a6000000| PB 0x00000000a6000000| Untracked |  0
|  77|0x00000000a6100000, 0x00000000a6100000, 0x00000000a6200000|  0%| F|  |TAMS 0x00000000a6100000| PB 0x00000000a6100000| Untracked |  0
|  78|0x00000000a6200000, 0x00000000a6200000, 0x00000000a6300000|  0%| F|  |TAMS 0x00000000a6200000| PB 0x00000000a6200000| Untracked |  0
|  79|0x00000000a6300000, 0x00000000a6300000, 0x00000000a6400000|  0%| F|  |TAMS 0x00000000a6300000| PB 0x00000000a6300000| Untracked |  0
|  80|0x00000000a6400000, 0x00000000a6400000, 0x00000000a6500000|  0%| F|  |TAMS 0x00000000a6400000| PB 0x00000000a6400000| Untracked |  0
|  81|0x00000000a6500000, 0x00000000a6500000, 0x00000000a6600000|  0%| F|  |TAMS 0x00000000a6500000| PB 0x00000000a6500000| Untracked |  0
|  82|0x00000000a6600000, 0x00000000a6600000, 0x00000000a6700000|  0%| F|  |TAMS 0x00000000a6600000| PB 0x00000000a6600000| Untracked |  0
|  83|0x00000000a6700000, 0x00000000a6700000, 0x00000000a6800000|  0%| F|  |TAMS 0x00000000a6700000| PB 0x00000000a6700000| Untracked |  0
|  84|0x00000000a6800000, 0x00000000a6800000, 0x00000000a6900000|  0%| F|  |TAMS 0x00000000a6800000| PB 0x00000000a6800000| Untracked |  0
|  85|0x00000000a6900000, 0x00000000a6900000, 0x00000000a6a00000|  0%| F|  |TAMS 0x00000000a6900000| PB 0x00000000a6900000| Untracked |  0
|  86|0x00000000a6a00000, 0x00000000a6a82098, 0x00000000a6b00000| 50%| E|  |TAMS 0x00000000a6a00000| PB 0x00000000a6a00000| Complete |  0
|  87|0x00000000a6b00000, 0x00000000a6c00000, 0x00000000a6c00000|100%| E|CS|TAMS 0x00000000a6b00000| PB 0x00000000a6b00000| Complete |  0
|  88|0x00000000a6c00000, 0x00000000a6d00000, 0x00000000a6d00000|100%| E|CS|TAMS 0x00000000a6c00000| PB 0x00000000a6c00000| Complete |  0
|  89|0x00000000a6d00000, 0x00000000a6e00000, 0x00000000a6e00000|100%| E|CS|TAMS 0x00000000a6d00000| PB 0x00000000a6d00000| Complete |  0
|  90|0x00000000a6e00000, 0x00000000a6ee4450, 0x00000000a6f00000| 89%| S|CS|TAMS 0x00000000a6e00000| PB 0x00000000a6e00000| Complete |  0
|  91|0x00000000a6f00000, 0x00000000a7000000, 0x00000000a7000000|100%| E|CS|TAMS 0x00000000a6f00000| PB 0x00000000a6f00000| Complete |  0
|  92|0x00000000a7000000, 0x00000000a7100000, 0x00000000a7100000|100%| E|CS|TAMS 0x00000000a7000000| PB 0x00000000a7000000| Complete |  0
|  93|0x00000000a7100000, 0x00000000a7200000, 0x00000000a7200000|100%| E|CS|TAMS 0x00000000a7100000| PB 0x00000000a7100000| Complete |  0
|  94|0x00000000a7200000, 0x00000000a7300000, 0x00000000a7300000|100%| E|CS|TAMS 0x00000000a7200000| PB 0x00000000a7200000| Complete |  0
|  95|0x00000000a7300000, 0x00000000a7400000, 0x00000000a7400000|100%| E|CS|TAMS 0x00000000a7300000| PB 0x00000000a7300000| Complete |  0

Card table byte_map: [0x000002af31fb0000,0x000002af322b0000] _byte_map_base: 0x000002af31aa6000

Marking Bits: (CMBitMap*) 0x000002af1a8c5460
 Bits: [0x000002af322b0000, 0x000002af33a60000)

Polling page: 0x000002af18570000

Metaspace:

Usage:
  Non-class:      7.40 MB used.
      Class:   1022.91 KB used.
       Both:      8.40 MB used.

Virtual space:
  Non-class space:       64.00 MB reserved,       7.50 MB ( 12%) committed,  1 nodes.
      Class space:        1.00 GB reserved,       1.12 MB ( <1%) committed,  1 nodes.
             Both:        1.06 GB reserved,       8.62 MB ( <1%) committed. 

Chunk freelists:
   Non-Class:  8.12 MB
       Class:  14.87 MB
        Both:  23.00 MB

MaxMetaspaceSize: unlimited
CompressedClassSpaceSize: 1.00 GB
Initial GC threshold: 21.00 MB
Current GC threshold: 21.00 MB
CDS: on
 - commit_granule_bytes: 65536.
 - commit_granule_words: 8192.
 - virtual_space_node_default_size: 8388608.
 - enlarge_chunks_in_place: 1.
 - use_allocation_guard: 0.


Internal statistics:

num_allocs_failed_limit: 0.
num_arena_births: 174.
num_arena_deaths: 0.
num_vsnodes_births: 2.
num_vsnodes_deaths: 0.
num_space_committed: 138.
num_space_uncommitted: 0.
num_chunks_returned_to_freelist: 0.
num_chunks_taken_from_freelist: 356.
num_chunk_merges: 0.
num_chunk_splits: 226.
num_chunks_enlarged: 163.
num_inconsistent_stats: 0.

CodeHeap 'non-profiled nmethods': size=120128Kb used=457Kb max_used=457Kb free=119670Kb
 bounds [0x000002af2aa60000, 0x000002af2acd0000, 0x000002af31fb0000]
CodeHeap 'profiled nmethods': size=120000Kb used=2175Kb max_used=2175Kb free=117824Kb
 bounds [0x000002af22fb0000, 0x000002af23220000, 0x000002af2a4e0000]
CodeHeap 'non-nmethods': size=5632Kb used=1409Kb max_used=1422Kb free=4222Kb
 bounds [0x000002af2a4e0000, 0x000002af2a750000, 0x000002af2aa60000]
CodeCache: size=245760Kb, used=4041Kb, max_used=4054Kb, free=241716Kb
 total_blobs=2139, nmethods=1627, adapters=417, full_count=0
Compilation: enabled, stopped_count=0, restarted_count=0

Compilation events (20 events):
Event: 3.198 Thread 0x000002af35e5ed20 1613       1       java.util.logging.LogManager$LoggerContext::getOwner (5 bytes)
Event: 3.198 Thread 0x000002af35e5ed20 nmethod 1613 0x000002af2aacfe88 code [0x000002af2aacffa0, 0x000002af2aad0068]
Event: 3.200 Thread 0x000002af35e5ed20 1614       3       java.lang.reflect.Modifier::isPrivate (12 bytes)
Event: 3.200 Thread 0x000002af35e5ed20 nmethod 1614 0x000002af231ce808 code [0x000002af231ce920, 0x000002af231cea58]
Event: 3.200 Thread 0x000002af35df0150 nmethod 1611 0x000002af2aad0188 code [0x000002af2aad02a0, 0x000002af2aad04b0]
Event: 3.200 Thread 0x000002af35df0150 1612       4       java.util.HashMap::putVal (300 bytes)
Event: 3.201 Thread 0x000002af35e5ed20 1615       3       java.lang.Math::abs (13 bytes)
Event: 3.201 Thread 0x000002af35e5ed20 nmethod 1615 0x000002af231ceb08 code [0x000002af231cec20, 0x000002af231ced80]
Event: 3.210 Thread 0x000002af35df0150 nmethod 1612 0x000002af2aad0508 code [0x000002af2aad06a0, 0x000002af2aad0fb0]
Event: 997.758 Thread 0x000002af35e5ed20 1618       3       java.lang.ThreadLocal::getMap (5 bytes)
Event: 997.760 Thread 0x000002af35e5ed20 nmethod 1618 0x000002af231cee08 code [0x000002af231cef20, 0x000002af231cf038]
Event: 30115.963 Thread 0x000002af35e5ed20 1619       3       java.lang.invoke.LambdaFormBuffer::ownedCount (7 bytes)
Event: 30115.965 Thread 0x000002af35e5ed20 nmethod 1619 0x000002af231cf108 code [0x000002af231cf220, 0x000002af231cf330]
Event: 30116.424 Thread 0x000002af35e5ed20 1625       3       java.lang.invoke.InvokerBytecodeGenerator::emitStoreResult (27 bytes)
Event: 30116.427 Thread 0x000002af35e5ed20 nmethod 1625 0x000002af231cf408 code [0x000002af231cf540, 0x000002af231cf708]
Event: 30116.569 Thread 0x000002af35e5ed20 1626       3       java.lang.invoke.LambdaForm$NamedFunction::intrinsicName (21 bytes)
Event: 30116.570 Thread 0x000002af35e5ed20 nmethod 1626 0x000002af231cf788 code [0x000002af231cf8c0, 0x000002af231cfb08]
Event: 30116.671 Thread 0x000002af35e5ed20 1627       3       java.lang.invoke.LambdaForm$NamedFunction::member (26 bytes)
Event: 30116.671 Thread 0x000002af35e5ed20 nmethod 1627 0x000002af231cfb88 code [0x000002af231cfca0, 0x000002af231cfdc0]
Event: 30117.126 Thread 0x000002af35e5ed20 1628       3       java.lang.invoke.InvokerBytecodeGenerator::isStaticallyInvocable (165 bytes)

GC Heap History (4 events):
Event: 1.456 GC heap before
{Heap before GC invocations=0 (full 0):
 garbage-first heap   total reserved 1552384K, committed 98304K, used 12288K [0x00000000a1400000, 0x0000000100000000)
  region size 1024K, 7 young (7168K), 0 survivors (0K)
 Metaspace       used 2144K, committed 2368K, reserved 1114112K
  class space    used 227K, committed 320K, reserved 1048576K
}
Event: 1.463 GC heap after
{Heap after GC invocations=1 (full 0):
 garbage-first heap   total reserved 1552384K, committed 98304K, used 9945K [0x00000000a1400000, 0x0000000100000000)
  region size 1024K, 1 young (1024K), 1 survivors (1024K)
 Metaspace       used 2144K, committed 2368K, reserved 1114112K
  class space    used 227K, committed 320K, reserved 1048576K
}
Event: 2.213 GC heap before
{Heap before GC invocations=1 (full 0):
 garbage-first heap   total reserved 1552384K, committed 98304K, used 15065K [0x00000000a1400000, 0x0000000100000000)
  region size 1024K, 6 young (6144K), 1 survivors (1024K)
 Metaspace       used 5740K, committed 5952K, reserved 1114112K
  class space    used 652K, committed 768K, reserved 1048576K
}
Event: 2.216 GC heap after
{Heap after GC invocations=2 (full 0):
 garbage-first heap   total reserved 1552384K, committed 98304K, used 10876K [0x00000000a1400000, 0x0000000100000000)
  region size 1024K, 1 young (1024K), 1 survivors (1024K)
 Metaspace       used 5740K, committed 5952K, reserved 1114112K
  class space    used 652K, committed 768K, reserved 1048576K
}

Dll operation events (7 events):
Event: 0.087 Loaded shared library C:\Program Files\Java\jdk-23\bin\java.dll
Event: 0.327 Loaded shared library C:\Program Files\Java\jdk-23\bin\jsvml.dll
Event: 0.518 Loaded shared library C:\Program Files\Java\jdk-23\bin\net.dll
Event: 0.521 Loaded shared library C:\Program Files\Java\jdk-23\bin\nio.dll
Event: 0.537 Loaded shared library C:\Program Files\Java\jdk-23\bin\zip.dll
Event: 1.131 Loaded shared library C:\Program Files\Java\jdk-23\bin\jimage.dll
Event: 1.550 Loaded shared library C:\Program Files\Java\jdk-23\bin\extnet.dll

Deoptimization events (20 events):
Event: 3.087 Thread 0x000002af185b2de0 Uncommon trap: trap_request=0xffffffde fr.pc=0x000002af2aacca20 relative=0x0000000000000100
Event: 3.087 Thread 0x000002af185b2de0 Uncommon trap: reason=class_check action=maybe_recompile pc=0x000002af2aacca20 method=jdk.internal.misc.Unsafe.allocateUninitializedArray(Ljava/lang/Class;I)Ljava/lang/Object; @ 51 c2
Event: 3.087 Thread 0x000002af185b2de0 DEOPT PACKING pc=0x000002af2aacca20 sp=0x000000fd1b1fb930
Event: 3.087 Thread 0x000002af185b2de0 DEOPT UNPACKING pc=0x000002af2a534402 sp=0x000000fd1b1fb8a8 mode 2
Event: 3.130 Thread 0x000002af185b2de0 Uncommon trap: trap_request=0xffffffc6 fr.pc=0x000002af2aaca858 relative=0x00000000000011d8
Event: 3.130 Thread 0x000002af185b2de0 Uncommon trap: reason=bimorphic_or_optimized_type_check action=maybe_recompile pc=0x000002af2aaca858 method=java.util.HashMap.putVal(ILjava/lang/Object;Ljava/lang/Object;ZZ)Ljava/lang/Object; @ 56 c2
Event: 3.130 Thread 0x000002af185b2de0 DEOPT PACKING pc=0x000002af2aaca858 sp=0x000000fd1b1fd420
Event: 3.130 Thread 0x000002af185b2de0 DEOPT UNPACKING pc=0x000002af2a534402 sp=0x000000fd1b1fd3b8 mode 2
Event: 3.130 Thread 0x000002af185b2de0 Uncommon trap: trap_request=0xffffffc6 fr.pc=0x000002af2aaca858 relative=0x00000000000011d8
Event: 3.130 Thread 0x000002af185b2de0 Uncommon trap: reason=bimorphic_or_optimized_type_check action=maybe_recompile pc=0x000002af2aaca858 method=java.util.HashMap.putVal(ILjava/lang/Object;Ljava/lang/Object;ZZ)Ljava/lang/Object; @ 56 c2
Event: 3.130 Thread 0x000002af185b2de0 DEOPT PACKING pc=0x000002af2aaca858 sp=0x000000fd1b1fd420
Event: 3.130 Thread 0x000002af185b2de0 DEOPT UNPACKING pc=0x000002af2a534402 sp=0x000000fd1b1fd3b8 mode 2
Event: 3.130 Thread 0x000002af185b2de0 Uncommon trap: trap_request=0xffffffc6 fr.pc=0x000002af2aaca858 relative=0x00000000000011d8
Event: 3.130 Thread 0x000002af185b2de0 Uncommon trap: reason=bimorphic_or_optimized_type_check action=maybe_recompile pc=0x000002af2aaca858 method=java.util.HashMap.putVal(ILjava/lang/Object;Ljava/lang/Object;ZZ)Ljava/lang/Object; @ 56 c2
Event: 3.130 Thread 0x000002af185b2de0 DEOPT PACKING pc=0x000002af2aaca858 sp=0x000000fd1b1fd420
Event: 3.130 Thread 0x000002af185b2de0 DEOPT UNPACKING pc=0x000002af2a534402 sp=0x000000fd1b1fd3b8 mode 2
Event: 3.130 Thread 0x000002af185b2de0 Uncommon trap: trap_request=0xffffffc6 fr.pc=0x000002af2aaca858 relative=0x00000000000011d8
Event: 3.130 Thread 0x000002af185b2de0 Uncommon trap: reason=bimorphic_or_optimized_type_check action=maybe_recompile pc=0x000002af2aaca858 method=java.util.HashMap.putVal(ILjava/lang/Object;Ljava/lang/Object;ZZ)Ljava/lang/Object; @ 56 c2
Event: 3.130 Thread 0x000002af185b2de0 DEOPT PACKING pc=0x000002af2aaca858 sp=0x000000fd1b1fd420
Event: 3.130 Thread 0x000002af185b2de0 DEOPT UNPACKING pc=0x000002af2a534402 sp=0x000000fd1b1fd3b8 mode 2

Classes loaded (20 events):
Event: 3.195 Loading class jdk/internal/logger/LazyLoggers$1
Event: 3.195 Loading class jdk/internal/logger/LazyLoggers$1 done
Event: 3.195 Loading class jdk/internal/logger/LazyLoggers$LazyLoggerFactories
Event: 3.195 Loading class jdk/internal/logger/LazyLoggers$LazyLoggerFactories done
Event: 3.196 Loading class jdk/internal/logger/LoggerFinderLoader
Event: 3.196 Loading class jdk/internal/logger/LoggerFinderLoader done
Event: 3.196 Loading class java/io/FilePermission$1
Event: 3.197 Loading class jdk/internal/access/JavaIOFilePermissionAccess
Event: 3.197 Loading class jdk/internal/access/JavaIOFilePermissionAccess done
Event: 3.197 Loading class java/io/FilePermission$1 done
Event: 3.198 Loading class jdk/internal/logger/LoggerFinderLoader$TemporaryLoggerFinder
Event: 3.198 Loading class jdk/internal/logger/LoggerFinderLoader$TemporaryLoggerFinder done
Event: 3.198 Loading class sun/util/logging/internal/LoggingProviderImpl$JULWrapper
Event: 3.199 Loading class sun/util/logging/PlatformLogger$ConfigurableBridge$LoggerConfiguration
Event: 3.199 Loading class sun/util/logging/PlatformLogger$ConfigurableBridge$LoggerConfiguration done
Event: 3.199 Loading class sun/util/logging/internal/LoggingProviderImpl$JULWrapper done
Event: 3.199 Loading class java/lang/System$Logger$Level
Event: 3.200 Loading class java/lang/System$Logger$Level done
Event: 997.730 Loading class sun/net/ConnectionResetException
Event: 997.740 Loading class sun/net/ConnectionResetException done

Classes unloaded (0 events):
No events

Classes redefined (0 events):
No events

Internal exceptions (20 events):
Event: 2.258 Thread 0x000002af185b2de0 Exception <a 'java/lang/NoSuchMethodError'{0x00000000a739d230}: 'int java.lang.invoke.DirectMethodHandle$Holder.invokeVirtual(java.lang.Object, java.lang.Object)'> (0x00000000a739d230) 
thrown [s\open\src\hotspot\share\interpreter\linkResolver.cpp, line 796]
Event: 2.292 Thread 0x000002af185b2de0 Exception <a 'java/lang/NoSuchMethodError'{0x00000000a7203780}: 'int java.lang.invoke.DirectMethodHandle$Holder.invokeStaticInit(java.lang.Object, java.lang.Object, java.lang.Object)'> (0x00000000a7203780) 
thrown [s\open\src\hotspot\share\interpreter\linkResolver.cpp, line 796]
Event: 2.611 Thread 0x000002af185b2de0 Exception <a 'java/lang/NoSuchMethodError'{0x00000000a7189608}: 'java.lang.Object java.lang.invoke.DirectMethodHandle$Holder.newInvokeSpecial(java.lang.Object, java.lang.Object, java.lang.Object, java.lang.Object, java.lang.Object, java.lang.Object, java.lang.Object, java.lang.Object, java.lang.Object)'> (0x00000000a7189608) 
thrown [s\open\src\hotspot\share\interpreter\linkResolver.cpp, line 796]
Event: 2.618 Thread 0x000002af185b2de0 Exception <a 'java/lang/NoSuchMethodError'{0x00000000a71b2050}: 'java.lang.Object java.lang.invoke.DirectMethodHandle$Holder.newInvokeSpecial(java.lang.Object, java.lang.Object, java.lang.Object, java.lang.Object, java.lang.Object, java.lang.Object, java.lang.Object)'> (0x00000000a71b2050) 
thrown [s\open\src\hotspot\share\interpreter\linkResolver.cpp, line 796]
Event: 2.620 Thread 0x000002af185b2de0 Exception <a 'java/lang/NoSuchMethodError'{0x00000000a71be840}: 'void java.lang.invoke.DirectMethodHandle$Holder.invokeStatic(java.lang.Object, java.lang.Object, java.lang.Object, java.lang.Object)'> (0x00000000a71be840) 
thrown [s\open\src\hotspot\share\interpreter\linkResolver.cpp, line 796]
Event: 2.655 Thread 0x000002af185b2de0 Exception <a 'java/lang/IncompatibleClassChangeError'{0x00000000a70668f8}: Found class java.lang.Object, but interface was expected> (0x00000000a70668f8) 
thrown [s\open\src\hotspot\share\interpreter\linkResolver.cpp, line 863]
Event: 2.672 Thread 0x000002af185b2de0 Exception <a 'java/lang/NoSuchMethodError'{0x00000000a70b3c10}: 'java.lang.Object java.lang.invoke.DirectMethodHandle$Holder.newInvokeSpecial(java.lang.Object, java.lang.Object, int, java.lang.Object, java.lang.Object)'> (0x00000000a70b3c10) 
thrown [s\open\src\hotspot\share\interpreter\linkResolver.cpp, line 796]
Event: 2.693 Thread 0x000002af185b2de0 Exception <a 'java/lang/NoSuchMethodError'{0x00000000a6f08c80}: 'java.lang.Object java.lang.invoke.DirectMethodHandle$Holder.newInvokeSpecial(java.lang.Object, int, java.lang.Object)'> (0x00000000a6f08c80) 
thrown [s\open\src\hotspot\share\interpreter\linkResolver.cpp, line 796]
Event: 2.709 Thread 0x000002af185b2de0 Exception <a 'java/lang/NoSuchMethodError'{0x00000000a6f2f0a0}: 'java.lang.Object java.lang.invoke.DirectMethodHandle$Holder.invokeStatic(java.lang.Object, java.lang.Object, int, java.lang.Object, java.lang.Object)'> (0x00000000a6f2f0a0) 
thrown [s\open\src\hotspot\share\interpreter\linkResolver.cpp, line 796]
Event: 2.710 Thread 0x000002af185b2de0 Exception <a 'java/lang/NoSuchMethodError'{0x00000000a6f36300}: 'java.lang.Object java.lang.invoke.DirectMethodHandle$Holder.newInvokeSpecial(java.lang.Object, java.lang.Object, int, java.lang.Object)'> (0x00000000a6f36300) 
thrown [s\open\src\hotspot\share\interpreter\linkResolver.cpp, line 796]
Event: 2.711 Thread 0x000002af185b2de0 Exception <a 'java/lang/NoSuchMethodError'{0x00000000a6f3a550}: 'java.lang.Object java.lang.invoke.DirectMethodHandle$Holder.invokeSpecial(java.lang.Object, java.lang.Object, java.lang.Object, int, java.lang.Object)'> (0x00000000a6f3a550) 
thrown [s\open\src\hotspot\share\interpreter\linkResolver.cpp, line 796]
Event: 2.711 Thread 0x000002af185b2de0 Exception <a 'java/lang/NoSuchMethodError'{0x00000000a6f3dec0}: 'java.lang.Object java.lang.invoke.Invokers$Holder.linkToTargetMethod(java.lang.Object, int, java.lang.Object, java.lang.Object)'> (0x00000000a6f3dec0) 
thrown [s\open\src\hotspot\share\interpreter\linkResolver.cpp, line 796]
Event: 2.944 Thread 0x000002af185b2de0 Exception <a 'java/lang/NoSuchMethodError'{0x00000000a6d6d7a0}: 'void java.lang.invoke.DirectMethodHandle$Holder.invokeVirtual(java.lang.Object, java.lang.Object)'> (0x00000000a6d6d7a0) 
thrown [s\open\src\hotspot\share\interpreter\linkResolver.cpp, line 796]
Event: 3.112 Thread 0x000002af185b2de0 Exception <a 'java/lang/NoSuchMethodError'{0x00000000a6bbf728}: 'void java.lang.invoke.DirectMethodHandle$Holder.invokeStaticInit(java.lang.Object, java.lang.Object)'> (0x00000000a6bbf728) 
thrown [s\open\src\hotspot\share\interpreter\linkResolver.cpp, line 796]
Event: 3.143 Thread 0x000002af185b2de0 Exception <a 'java/lang/NoSuchMethodError'{0x00000000a6a19ee8}: 'void java.lang.invoke.DirectMethodHandle$Holder.invokeInterface(java.lang.Object, java.lang.Object, java.lang.Object)'> (0x00000000a6a19ee8) 
thrown [s\open\src\hotspot\share\interpreter\linkResolver.cpp, line 796]
Event: 3.182 Thread 0x000002af185b2de0 Exception <a 'java/lang/NoSuchMethodError'{0x00000000a6a3f3d0}: 'void java.lang.invoke.DirectMethodHandle$Holder.invokeStatic(java.lang.Object, long)'> (0x00000000a6a3f3d0) 
thrown [s\open\src\hotspot\share\interpreter\linkResolver.cpp, line 796]
Event: 3.183 Thread 0x000002af185b2de0 Exception <a 'java/lang/NoSuchMethodError'{0x00000000a6a44268}: 'java.lang.Object java.lang.invoke.DirectMethodHandle$Holder.newInvokeSpecial(java.lang.Object, long)'> (0x00000000a6a44268) 
thrown [s\open\src\hotspot\share\interpreter\linkResolver.cpp, line 796]
Event: 3.186 Thread 0x000002af185b2de0 Exception <a 'java/lang/NoSuchMethodError'{0x00000000a6a4aa28}: 'java.lang.Object java.lang.invoke.DirectMethodHandle$Holder.invokeStatic(java.lang.Object, long, java.lang.Object)'> (0x00000000a6a4aa28) 
thrown [s\open\src\hotspot\share\interpreter\linkResolver.cpp, line 796]
Event: 3.186 Thread 0x000002af185b2de0 Exception <a 'java/lang/NoSuchMethodError'{0x00000000a6a4e1f8}: 'java.lang.Object java.lang.invoke.DirectMethodHandle$Holder.invokeStaticInit(java.lang.Object, long, java.lang.Object)'> (0x00000000a6a4e1f8) 
thrown [s\open\src\hotspot\share\interpreter\linkResolver.cpp, line 796]
Event: 997.748 Thread 0x000002af7b47fdd0 Exception <a 'sun/net/ConnectionResetException'{0x00000000a723aed0}: Connection reset> (0x00000000a723aed0) 
thrown [s\open\src\hotspot\share\prims\jni.cpp, line 539]

VM Operations (20 events):
Event: 0.538 Executing VM operation: HandshakeAllThreads (Deoptimize)
Event: 0.538 Executing VM operation: HandshakeAllThreads (Deoptimize) done
Event: 1.113 Executing VM operation: HandshakeAllThreads (Deoptimize)
Event: 1.113 Executing VM operation: HandshakeAllThreads (Deoptimize) done
Event: 1.331 Executing VM operation: HandshakeAllThreads (Deoptimize)
Event: 1.331 Executing VM operation: HandshakeAllThreads (Deoptimize) done
Event: 1.456 Executing VM operation: G1CollectForAllocation (G1 Evacuation Pause)
Event: 1.463 Executing VM operation: G1CollectForAllocation (G1 Evacuation Pause) done
Event: 1.475 Executing VM operation: HandshakeAllThreads (Deoptimize)
Event: 1.475 Executing VM operation: HandshakeAllThreads (Deoptimize) done
Event: 1.505 Executing VM operation: HandshakeAllThreads (Deoptimize)
Event: 1.505 Executing VM operation: HandshakeAllThreads (Deoptimize) done
Event: 1.699 Executing VM operation: HandshakeAllThreads (Deoptimize)
Event: 1.699 Executing VM operation: HandshakeAllThreads (Deoptimize) done
Event: 1.812 Executing VM operation: HandshakeAllThreads (Deoptimize)
Event: 1.812 Executing VM operation: HandshakeAllThreads (Deoptimize) done
Event: 2.213 Executing VM operation: G1CollectForAllocation (G1 Evacuation Pause)
Event: 2.216 Executing VM operation: G1CollectForAllocation (G1 Evacuation Pause) done
Event: 3.130 Executing VM operation: HandshakeAllThreads (Deoptimize)
Event: 3.130 Executing VM operation: HandshakeAllThreads (Deoptimize) done

Memory protections (0 events):
No events

Nmethod flushes (0 events):
No events

Events (14 events):
Event: 0.152 Thread 0x000002af185b2de0 Thread added: 0x000002af185b2de0
Event: 0.260 Thread 0x000002af185b2de0 Thread added: 0x000002af35dde9f0
Event: 0.260 Thread 0x000002af185b2de0 Thread added: 0x000002af35de2eb0
Event: 0.294 Thread 0x000002af185b2de0 Thread added: 0x000002af35de73c0
Event: 0.294 Thread 0x000002af185b2de0 Thread added: 0x000002af35de7e20
Event: 0.323 Thread 0x000002af185b2de0 Thread added: 0x000002af35dee960
Event: 0.324 Thread 0x000002af185b2de0 Thread added: 0x000002af35def3c0
Event: 0.324 Thread 0x000002af185b2de0 Thread added: 0x000002af35df0150
Event: 0.337 Thread 0x000002af185b2de0 Thread added: 0x000002af35e5ed20
Event: 0.509 Thread 0x000002af185b2de0 Thread added: 0x000002af7b0c1a50
Event: 0.514 Thread 0x000002af185b2de0 Thread added: 0x000002af7b0c28d0
Event: 1.570 Thread 0x000002af185b2de0 Thread added: 0x000002af7b47fdd0
Event: 3.201 Thread 0x000002af185b2de0 Thread added: 0x000002af7b5fe980
Event: 997.769 Thread 0x000002af7b47fdd0 Thread exited: 0x000002af7b47fdd0


Dynamic libraries:
0x00007ff6820f0000 - 0x00007ff682100000 	C:\Program Files\Java\jdk-23\bin\javaw.exe
0x00007ffa360c0000 - 0x00007ffa36323000 	C:\WINDOWS\SYSTEM32\ntdll.dll
0x00007ffa35e40000 - 0x00007ffa35f08000 	C:\WINDOWS\System32\KERNEL32.DLL
0x00007ffa337c0000 - 0x00007ffa33b72000 	C:\WINDOWS\System32\KERNELBASE.dll
0x00007ffa33670000 - 0x00007ffa337bb000 	C:\WINDOWS\System32\ucrtbase.dll
0x00007ffa2d6f0000 - 0x00007ffa2d707000 	C:\Program Files\Java\jdk-23\bin\jli.dll
0x00007ffa35650000 - 0x00007ffa35818000 	C:\WINDOWS\System32\USER32.dll
0x00007ffa33ef0000 - 0x00007ffa33f17000 	C:\WINDOWS\System32\win32u.dll
0x00007ffa34e30000 - 0x00007ffa34e5a000 	C:\WINDOWS\System32\GDI32.dll
0x00007ffa33490000 - 0x00007ffa335bb000 	C:\WINDOWS\System32\gdi32full.dll
0x00007ffa335c0000 - 0x00007ffa33663000 	C:\WINDOWS\System32\msvcp_win.dll
0x00007ffa2be00000 - 0x00007ffa2be1b000 	C:\Program Files\Java\jdk-23\bin\VCRUNTIME140.dll
0x00007ffa180c0000 - 0x00007ffa18350000 	C:\WINDOWS\WinSxS\amd64_microsoft.windows.common-controls_6595b64144ccf1df_6.0.26100.2454_none_3e0b68a2e331ad60\COMCTL32.dll
0x00007ffa34040000 - 0x00007ffa340e9000 	C:\WINDOWS\System32\msvcrt.dll
0x00007ffa346d0000 - 0x00007ffa346ff000 	C:\WINDOWS\System32\IMM32.DLL
0x00007ffa2d7a0000 - 0x00007ffa2d7ac000 	C:\Program Files\Java\jdk-23\bin\vcruntime140_1.dll
0x00007ffa24fe0000 - 0x00007ffa2506e000 	C:\Program Files\Java\jdk-23\bin\msvcp140.dll
0x00007ff9d2f40000 - 0x00007ff9d3c8f000 	C:\Program Files\Java\jdk-23\bin\server\jvm.dll
0x00007ffa35cc0000 - 0x00007ffa35d74000 	C:\WINDOWS\System32\ADVAPI32.dll
0x00007ffa35a50000 - 0x00007ffa35af6000 	C:\WINDOWS\System32\sechost.dll
0x00007ffa33f20000 - 0x00007ffa34036000 	C:\WINDOWS\System32\RPCRT4.dll
0x00007ffa35030000 - 0x00007ffa350a4000 	C:\WINDOWS\System32\WS2_32.dll
0x00007ffa33320000 - 0x00007ffa3336e000 	C:\WINDOWS\SYSTEM32\POWRPROF.dll
0x00007ffa2b120000 - 0x00007ffa2b12b000 	C:\WINDOWS\SYSTEM32\VERSION.dll
0x00007ffa2b0e0000 - 0x00007ffa2b116000 	C:\WINDOWS\SYSTEM32\WINMM.dll
0x00007ffa33300000 - 0x00007ffa33314000 	C:\WINDOWS\SYSTEM32\UMPDC.dll
0x00007ffa322d0000 - 0x00007ffa322ea000 	C:\WINDOWS\SYSTEM32\kernel.appcore.dll
0x00007ffa26170000 - 0x00007ffa2617a000 	C:\Program Files\Java\jdk-23\bin\jimage.dll
0x00007ffa27080000 - 0x00007ffa272c1000 	C:\WINDOWS\SYSTEM32\DBGHELP.DLL
0x00007ffa342e0000 - 0x00007ffa3465e000 	C:\WINDOWS\System32\combase.dll
0x00007ffa350c0000 - 0x00007ffa35196000 	C:\WINDOWS\System32\OLEAUT32.dll
0x00007ffa18360000 - 0x00007ffa18399000 	C:\WINDOWS\SYSTEM32\dbgcore.DLL
0x00007ffa33c10000 - 0x00007ffa33ca9000 	C:\WINDOWS\System32\bcryptPrimitives.dll
0x00007ffa26150000 - 0x00007ffa2616e000 	C:\Program Files\Java\jdk-23\bin\java.dll
0x00007ffa35820000 - 0x00007ffa359b9000 	C:\WINDOWS\System32\ole32.dll
0x00007ffa34720000 - 0x00007ffa34e20000 	C:\WINDOWS\System32\SHELL32.dll
0x00007ffa311e0000 - 0x00007ffa31a11000 	C:\WINDOWS\SYSTEM32\windows.storage.dll
0x00007ffa35fa0000 - 0x00007ffa3607a000 	C:\WINDOWS\System32\SHCORE.dll
0x00007ffa35f40000 - 0x00007ffa35f9d000 	C:\WINDOWS\System32\shlwapi.dll
0x00007ffa333a0000 - 0x00007ffa333ce000 	C:\WINDOWS\SYSTEM32\profapi.dll
0x00007ffa25c00000 - 0x00007ffa25cd7000 	C:\Program Files\Java\jdk-23\bin\jsvml.dll
0x00007ffa26140000 - 0x00007ffa26150000 	C:\Program Files\Java\jdk-23\bin\net.dll
0x00007ffa327d0000 - 0x00007ffa32838000 	C:\WINDOWS\system32\mswsock.dll
0x00007ffa26120000 - 0x00007ffa26136000 	C:\Program Files\Java\jdk-23\bin\nio.dll
0x00007ffa260e0000 - 0x00007ffa260f7000 	C:\Program Files\Java\jdk-23\bin\zip.dll
0x00007ffa31e00000 - 0x00007ffa31f25000 	C:\WINDOWS\SYSTEM32\DNSAPI.dll
0x00007ffa31dc0000 - 0x00007ffa31df2000 	C:\WINDOWS\SYSTEM32\IPHLPAPI.DLL
0x00007ffa350b0000 - 0x00007ffa350ba000 	C:\WINDOWS\System32\NSI.dll
0x00007ffa2d630000 - 0x00007ffa2d63b000 	C:\Windows\System32\rasadhlp.dll
0x00007ffa26aa0000 - 0x00007ffa26b25000 	C:\WINDOWS\System32\fwpuclnt.dll
0x00007ffa2af60000 - 0x00007ffa2af69000 	C:\Program Files\Java\jdk-23\bin\extnet.dll
0x00007ffa32a70000 - 0x00007ffa32a8c000 	C:\WINDOWS\SYSTEM32\CRYPTSP.dll
0x00007ffa32230000 - 0x00007ffa32268000 	C:\WINDOWS\system32\rsaenh.dll
0x00007ffa32870000 - 0x00007ffa3289b000 	C:\WINDOWS\SYSTEM32\USERENV.dll
0x00007ffa32cb0000 - 0x00007ffa32cd6000 	C:\WINDOWS\SYSTEM32\bcrypt.dll
0x00007ffa32a90000 - 0x00007ffa32a9c000 	C:\WINDOWS\SYSTEM32\CRYPTBASE.dll

dbghelp: loaded successfully - version: 4.0.5 - missing functions: none
symbol engine: initialized successfully - sym options: 0x614 - pdb path: .;C:\Program Files\Java\jdk-23\bin;C:\WINDOWS\SYSTEM32;C:\WINDOWS\WinSxS\amd64_microsoft.windows.common-controls_6595b64144ccf1df_6.0.26100.2454_none_3e0b68a2e331ad60;C:\Program Files\Java\jdk-23\bin\server

VM Arguments:
jvm_args: -ea -Dfile.encoding=UTF-8 -Dstdout.encoding=UTF-8 -Dstderr.encoding=UTF-8 -XX:+ShowCodeDetailsInExceptionMessages 
java_command: org.testng.remote.RemoteTestNG -serport 61679 -protocol json -d C:\Users\nagar\git\repository\Seleniumfirstprojcet\test-output C:\Users\nagar\AppData\Local\Temp\testng-eclipse-1945605324\testng-customsuite.xml
java_class_path (initial): C:\Users\nagar\eclipse\jee-2024-09\eclipse\configuration\org.eclipse.osgi\1029\0\.cp\lib\testng-remote.jar;C:\Users\nagar\git\repository\Seleniumfirstprojcet\bin;C:\Users\nagar\.p2\pool\plugins\org.testng_7.4.0.r202105021533.jar;C:\Users\nagar\.p2\pool\plugins\com.beust.jcommander_1.78.0.jar;C:\Users\nagar\.p2\pool\plugins\org.apache-extras.beanshell.bsh_2.0.0.b6.jar;C:\Users\nagar\.p2\pool\plugins\org.yaml.snakeyaml_1.21.0.jar;C:\Users\nagar\.p2\pool\plugins\org.webjars.jquery_3.5.1.jar;C:\Users\nagar\eclipse-workspace\Weddriver\selenium-server-4.26.0.jar;C:\Users\nagar\eclipse-workspace\Weddriver\Not used\poi-bin-5.2.3-20220909\poi-bin-5.2.3\poi-5.2.3.jar;C:\Users\nagar\eclipse-workspace\Weddriver\Not used\poi-bin-5.2.3-20220909\poi-bin-5.2.3\poi-examples-5.2.3.jar;C:\Users\nagar\eclipse-workspace\Weddriver\Not used\poi-bin-5.2.3-20220909\poi-bin-5.2.3\poi-excelant-5.2.3.jar;C:\Users\nagar\eclipse-workspace\Weddriver\Not used\poi-bin-5.2.3-20220909\poi-bin-5.2.3\poi-javadoc-5.2.3.jar;C:\Users\nagar\eclipse-workspace\Weddriver\Not used\poi-bin-5.2.3-20220909\poi-bin-5.2.3\poi-ooxml-5.2.3.jar;C:\Users\nagar\eclipse-workspace\Weddriver\Not used\poi-bin-5.2.3-20220909\poi-bin-5.2.3\poi-ooxml-full-5.2.3.jar;C:\Users\nagar\eclipse-workspace\Weddriver\Not used\poi-bin-5.2.3-20220909\poi-bin-5.2.3\poi-ooxml-lite-5.2.3.jar;C:\Users\nagar\eclipse-workspace\Weddriver\Not used\poi-bin-5.2.3-20220909\poi-bin-5.2.3\poi-scratchpad-5.2.3.jar;C:\Users\nagar\eclipse-workspace\Weddriver\Not used\poi-bin-5.2.3-20220909\poi-bin-5.2.3\lib\commons-codec-1.15.jar;C:\Users\nagar\eclipse-workspace\Weddriver\Not used\poi-bin-5.2.3-20220909\poi-bin-5.2.3\lib\commons-collections4-4.4.jar;C:\Users\nagar\eclipse-workspace\Weddriver\Not used\poi-bin-5.2.3-20220909\poi-bin-5.2.3\lib\commons-io-2.11.0.jar;C:\Users\nagar\eclipse-workspace\Weddriver\Not used\poi-bin-5.2.3-20220909\poi-bin-5.2.3\lib\commons-math3-3.6.1.jar;C:\Users\nagar\eclipse-workspace\Weddriver\Not used\poi-bin-5.2.3-20220909\poi-bin-5.2.3\lib\log4j-api-2.18.0.jar;C:\Users\nagar\eclipse-workspace\Weddriver\Not used\poi-bin-5.2.3-20220909\poi-bin-5.2.3\lib\SparseBitSet-1.2.jar;C:\Users\nagar\eclipse-workspace\Weddriver\Not used\poi-bin-5.2.3-20220909\poi-bin-5.2.3\ooxml-lib\commons-compress-1.21.jar;C:\Users\nagar\eclipse-workspace\Weddriver\Not used\poi-bin-5.2.3-20220909\poi-bin-5.2.3\ooxml-lib\commons-logging-1.2.jar;C:\Users\nagar\eclipse-workspace\Weddriver\Not used\poi-bin-5.2.3-20220909\poi-bin-5.2.3\ooxml-lib\curvesapi-1.07.jar;C:\Users\nagar\eclipse-workspace\Weddriver\Not used\poi-bin-5.2.3-20220909\poi-bin-5.2.3\ooxml-lib\jakarta.activation-2.0.1.jar;C:\Users\nagar\eclipse-workspace\Weddriver\Not used\poi-bin-5.2.3-20220909\poi-bin-5.2.3\ooxml-lib\jakarta.xml.bind-api-3.0.1.jar;C:\Users\nagar\eclipse-workspace\Weddriver\Not used\poi-bin-5.2.3-20220909\poi-bin-5.2.3\ooxml-lib\slf4j-api-1.7.36.jar;C:\Users\nagar\eclipse-workspace\Weddriver\Not used\poi-bin-5.2.3-20220909\poi-bin-5.2.3\ooxml-lib\xmlbeans-5.1.1.jar
Launcher Type: SUN_STANDARD

[Global flags]
     intx CICompilerCount                          = 2                                         {product} {ergonomic}
     uint ConcGCThreads                            = 1                                         {product} {ergonomic}
     uint G1ConcRefinementThreads                  = 2                                         {product} {ergonomic}
   size_t G1HeapRegionSize                         = 1048576                                   {product} {ergonomic}
   size_t InitialHeapSize                          = 100663296                                 {product} {ergonomic}
   size_t MarkStackSize                            = 4194304                                   {product} {ergonomic}
   size_t MarkStackSizeMax                         = 536870912                                 {product} {ergonomic}
   size_t MaxHeapSize                              = 1589641216                                {product} {ergonomic}
   size_t MaxNewSize                               = 953155584                                 {product} {ergonomic}
   size_t MinHeapDeltaBytes                        = 1048576                                   {product} {ergonomic}
   size_t MinHeapSize                              = 8388608                                   {product} {ergonomic}
    uintx NonNMethodCodeHeapSize                   = 5767168                                {pd product} {ergonomic}
    uintx NonProfiledCodeHeapSize                  = 123011072                              {pd product} {ergonomic}
    uintx ProfiledCodeHeapSize                     = 122880000                              {pd product} {ergonomic}
    uintx ReservedCodeCacheSize                    = 251658240                              {pd product} {ergonomic}
     bool SegmentedCodeCache                       = true                                      {product} {ergonomic}
     bool ShowCodeDetailsInExceptionMessages       = true                                   {manageable} {command line}
   size_t SoftMaxHeapSize                          = 1589641216                             {manageable} {ergonomic}
     bool UseCompressedOops                        = true                           {product lp64_product} {ergonomic}
     bool UseG1GC                                  = true                                      {product} {ergonomic}
     bool UseLargePagesIndividualAllocation        = false                                  {pd product} {ergonomic}

Logging:
Log output configuration:
 #0: stdout all=warning uptime,level,tags foldmultilines=false
 #1: stderr all=off uptime,level,tags foldmultilines=false

Environment Variables:
JAVA_HOME=C:\Program Files\Java\jdk-23
PATH=C:/Program Files/Java/jdk-23/bin/server;C:/Program Files/Java/jdk-23/bin;C:\Users\nagar\Python\Scripts\;C:\Users\nagar\Python\;C:\Program Files\Common Files\Oracle\Java\javapath;C:\windows\system32;C:\windows;C:\windows\System32\Wbem;C:\windows\System32\WindowsPowerShell\v1.0\;C:\windows\System32\OpenSSH\;C:\Program Files\HP\HP One Agent;C:\Program Files\MySQL\MySQL Server 8.0\bin;C:\Program Files\Java\jdk-23\bin;C:\Users\nagar\eclipse-workspace\chromedriver-win64\chromedriver-win64;C:\Users\nagar\apache-maven-3.9.9\bin;C:\Program Files\nodejs\;C:\Users\nagar\git\Git\cmd;C:\WINDOWS\system32;C:\WINDOWS;C:\WINDOWS\System32\Wbem;C:\WINDOWS\System32\WindowsPowerShell\v1.0\;C:\WINDOWS\System32\OpenSSH\;C:\Users\nagar\eclipse-workspace\chromedriver-win64 (2);C:\Users\nagar\Python;C:\Users\nagar\Python;C:\Program Files\MySQL\MySQL Shell 8.0\bin\;C:\Users\nagar\AppData\Local\Microsoft\WindowsApps;C:\Users\nagar\AppData\Local\Programs\Microsoft VS Code\bin;C:\Users\nagar\eclipse-workspace\chromedriver-win64;C:\Users\nagar\AppData\Roaming\npm;C:\Users\nagar\node-v20.18.0-x64.msi;;C:\WINDOWS\system32;
USERNAME=nagar
OS=Windows_NT
PROCESSOR_IDENTIFIER=AMD64 Family 23 Model 24 Stepping 1, AuthenticAMD
TMP=C:\Users\nagar\AppData\Local\Temp
TEMP=C:\Users\nagar\AppData\Local\Temp




Periodic native trim disabled

---------------  S Y S T E M  ---------------

OS:
 Windows 11 , 64 bit Build 26100 (10.0.26100.2454)
OS uptime: 1 days 23:00 hours

CPU: total 2 (initial active 2) (2 cores per cpu, 1 threads per core) family 23 model 24 stepping 1 microcode 0x8108109, cx8, cmov, fxsr, mmx, 3dnowpref, sse, sse2, sse3, ssse3, sse4a, sse4.1, sse4.2, popcnt, lzcnt, tsc, tscinvbit, avx, avx2, aes, clmul, bmi1, bmi2, adx, sha, fma, vzeroupper, clflush, clflushopt, rdtscp, f16c
Processor Information for the first 2 processors :
  Max Mhz: 2300, Current Mhz: 2300, Mhz Limit: 2300

Memory: 4k page, system-wide physical 6063M (366M free)
TotalPageFile size 24495M (AvailPageFile size 0M)
current process WorkingSet (physical memory assigned to process): 12M, peak: 80M
current process commit charge ("private bytes"): 179M, peak: 184M

vm_info: Java HotSpot(TM) 64-Bit Server VM (23.0.1+11-39) for windows-amd64 JRE (23.0.1+11-39), built on 2024-09-30T07:20:43Z with MS VC++ 17.6 (VS2022)

END.
