#
# There is insufficient memory for the Java Runtime Environment to continue.
# Native memory allocation (malloc) failed to allocate 32744 bytes. Error detail: Chunk::new
# Possible reasons:
#   The system is out of physical RAM or swap space
#   This process is running with CompressedOops enabled, and the Java Heap may be blocking the growth of the native heap
# Possible solutions:
#   Reduce memory load on the system
#   Increase physical memory or swap space
#   Check if swap backing store is full
#   Decrease Java heap size (-Xmx/-Xms)
#   Decrease number of Java threads
#   Decrease Java thread stack sizes (-Xss)
#   Set larger code cache with -XX:ReservedCodeCacheSize=
#   JVM is running with Unscaled Compressed Oops mode in which the Java heap is
#     placed in the first 4GB address space. The Java Heap base address is the
#     maximum limit for the native heap growth. Please use -XX:HeapBaseMinAddress
#     to set the Java Heap base and to place the Java Heap above 4GB virtual address.
# This output file may be truncated or incomplete.
#
#  Out of Memory Error (arena.cpp:149), pid=1948, tid=20860
#
# JRE version: Java(TM) SE Runtime Environment (23.0.1+11) (build 23.0.1+11-39)
# Java VM: Java HotSpot(TM) 64-Bit Server VM (23.0.1+11-39, mixed mode, tiered, compressed oops, compressed class ptrs, g1 gc, windows-amd64)
# No core dump will be written. Minidumps are not enabled by default on client versions of Windows
#

---------------  S U M M A R Y ------------

Command Line: -ea -Dfile.encoding=UTF-8 -Dstdout.encoding=UTF-8 -Dstderr.encoding=UTF-8 -XX:+ShowCodeDetailsInExceptionMessages org.testng.remote.RemoteTestNG -serport 59990 -protocol json -d C:\Users\nagar\git\repository\Seleniumfirstprojcet\test-output C:\Users\nagar\AppData\Local\Temp\testng-eclipse-851128284\testng-customsuite.xml

Host: AMD Athlon Silver 3050U with Radeon Graphics   , 2 cores, 5G,  Windows 11 , 64 bit Build 26100 (10.0.26100.2454)
Time: Wed Dec 25 01:49:05 2024 India Standard Time elapsed time: 1.326669 seconds (0d 0h 0m 1s)

---------------  T H R E A D  ---------------

Current thread (0x000001cf307c3e70):  JavaThread "C1 CompilerThread0" daemon [_thread_in_native, id=20860, stack(0x0000004c43500000,0x0000004c43600000) (1024K)]


Current CompileTask:
C1:1326  446       3       jdk.internal.org.objectweb.asm.Frame::execute (2305 bytes)

Stack: [0x0000004c43500000,0x0000004c43600000]
Native frames: (J=compiled Java code, j=interpreted, Vv=VM code, C=native code)
V  [jvm.dll+0x6e08b9]  (no source info available)
V  [jvm.dll+0x87dc83]  (no source info available)
V  [jvm.dll+0x88010e]  (no source info available)
V  [jvm.dll+0x8807e3]  (no source info available)
V  [jvm.dll+0x27aee6]  (no source info available)
V  [jvm.dll+0xbc06f]  (no source info available)
V  [jvm.dll+0xbc2cb]  (no source info available)
V  [jvm.dll+0x181ad3]  (no source info available)
V  [jvm.dll+0x17a3ae]  (no source info available)
V  [jvm.dll+0x168520]  (no source info available)
V  [jvm.dll+0x1509bf]  (no source info available)
V  [jvm.dll+0x15022f]  (no source info available)
V  [jvm.dll+0x1504db]  (no source info available)
V  [jvm.dll+0x14f8a8]  (no source info available)
V  [jvm.dll+0x1516ed]  (no source info available)
V  [jvm.dll+0x253cf1]  (no source info available)
V  [jvm.dll+0x251faa]  (no source info available)
V  [jvm.dll+0x3ee036]  (no source info available)
V  [jvm.dll+0x824f8b]  (no source info available)
V  [jvm.dll+0x6df065]  (no source info available)
C  [ucrtbase.dll+0x14ea0]  (no source info available)
C  [KERNEL32.DLL+0x2e8d7]  (no source info available)
C  [ntdll.dll+0xdfbcc]  (no source info available)

Lock stack of current Java thread (top to bottom):


---------------  P R O C E S S  ---------------

Threads class SMR info:
_java_thread_list=0x000001cf308c8be0, length=11, elements={
0x000001cf12ea29b0, 0x000001cf307139c0, 0x000001cf30736090, 0x000001cf30736700,
0x000001cf30737160, 0x000001cf30737bc0, 0x000001cf30738620, 0x000001cf307393b0,
0x000001cf307c3e70, 0x000001cf308fb660, 0x000001cf3090b520
}

Java Threads: ( => current thread )
  0x000001cf12ea29b0 JavaThread "main"                              [_thread_in_vm, id=9580, stack(0x0000004c42500000,0x0000004c42600000) (1024K)]
  0x000001cf307139c0 JavaThread "Reference Handler"          daemon [_thread_blocked, id=16876, stack(0x0000004c42e00000,0x0000004c42f00000) (1024K)]
  0x000001cf30736090 JavaThread "Finalizer"                  daemon [_thread_blocked, id=15464, stack(0x0000004c42f00000,0x0000004c43000000) (1024K)]
  0x000001cf30736700 JavaThread "Signal Dispatcher"          daemon [_thread_blocked, id=4168, stack(0x0000004c43000000,0x0000004c43100000) (1024K)]
  0x000001cf30737160 JavaThread "Attach Listener"            daemon [_thread_blocked, id=14540, stack(0x0000004c43100000,0x0000004c43200000) (1024K)]
  0x000001cf30737bc0 JavaThread "Service Thread"             daemon [_thread_blocked, id=16588, stack(0x0000004c43200000,0x0000004c43300000) (1024K)]
  0x000001cf30738620 JavaThread "Monitor Deflation Thread"   daemon [_thread_blocked, id=22548, stack(0x0000004c43300000,0x0000004c43400000) (1024K)]
  0x000001cf307393b0 JavaThread "C2 CompilerThread0"         daemon [_thread_blocked, id=23536, stack(0x0000004c43400000,0x0000004c43500000) (1024K)]
=>0x000001cf307c3e70 JavaThread "C1 CompilerThread0"         daemon [_thread_in_native, id=20860, stack(0x0000004c43500000,0x0000004c43600000) (1024K)]
  0x000001cf308fb660 JavaThread "Notification Thread"        daemon [_thread_blocked, id=22816, stack(0x0000004c43600000,0x0000004c43700000) (1024K)]
  0x000001cf3090b520 JavaThread "Common-Cleaner"             daemon [_thread_blocked, id=19080, stack(0x0000004c43700000,0x0000004c43800000) (1024K)]
Total: 11

Other Threads:
  0x000001cf306d2960 VMThread "VM Thread"                           [id=15960, stack(0x0000004c42d00000,0x0000004c42e00000) (1024K)]
  0x000001cf306505e0 WatcherThread "VM Periodic Task Thread"        [id=11980, stack(0x0000004c42c00000,0x0000004c42d00000) (1024K)]
  0x000001cf149f4d90 WorkerThread "GC Thread#0"                     [id=1668, stack(0x0000004c42700000,0x0000004c42800000) (1024K)]
  0x000001cf14a049d0 ConcurrentGCThread "G1 Main Marker"            [id=2948, stack(0x0000004c42800000,0x0000004c42900000) (1024K)]
  0x000001cf14a053f0 WorkerThread "G1 Conc#0"                       [id=18176, stack(0x0000004c42900000,0x0000004c42a00000) (1024K)]
  0x000001cf14a6dd20 ConcurrentGCThread "G1 Refine#0"               [id=14584, stack(0x0000004c42a00000,0x0000004c42b00000) (1024K)]
  0x000001cf14a6e7b0 ConcurrentGCThread "G1 Service"                [id=19404, stack(0x0000004c42b00000,0x0000004c42c00000) (1024K)]
Total: 7

Threads with active compile tasks:
C1 CompilerThread0  1432  446       3       jdk.internal.org.objectweb.asm.Frame::execute (2305 bytes)
Total: 1

VM state: not at safepoint (normal execution)

VM Mutex/Monitor currently owned by a thread: None

Heap address: 0x00000000a1400000, size: 1516 MB, Compressed Oops mode: 32-bit

CDS archive(s) not mapped
Compressed class space mapped at: 0x000000002a000000-0x000000006a000000, reserved size: 1073741824
Narrow klass base: 0x0000000000000000, Narrow klass shift: 0, Narrow klass range: 0x6a000000

GC Precious Log:
 CardTable entry size: 512
 Card Set container configuration: InlinePtr #cards 5 size 8 Array Of Cards #cards 10 size 36 Howl #buckets 4 coarsen threshold 1843 Howl Bitmap #cards 512 size 80 coarsen threshold 460 Card regions per heap region 1 cards per card region 2048
 CPUs: 2 total, 2 available
 Memory: 6063M
 Large Page Support: Disabled
 NUMA Support: Disabled
 Compressed Oops: Enabled (32-bit)
 Heap Region Size: 1M
 Heap Min Capacity: 8M
 Heap Initial Capacity: 96M
 Heap Max Capacity: 1516M
 Pre-touch: Disabled
 Parallel Workers: 2
 Concurrent Workers: 1
 Concurrent Refinement Workers: 2
 Periodic GC: Disabled

Heap:
 garbage-first heap   total reserved 1552384K, committed 98304K, used 3072K [0x00000000a1400000, 0x0000000100000000)
  region size 1024K, 4 young (4096K), 0 survivors (0K)
 Metaspace       used 8517K, committed 8640K, reserved 1114112K
  class space    used 776K, committed 832K, reserved 1048576K

Heap Regions: E=young(eden), S=young(survivor), O=old, HS=humongous(starts), HC=humongous(continues), CS=collection set, F=free, TAMS=top-at-mark-start, PB=parsable bottom
|   0|0x00000000a1400000, 0x00000000a1400000, 0x00000000a1500000|  0%| F|  |TAMS 0x00000000a1400000| PB 0x00000000a1400000| Untracked |  0
|   1|0x00000000a1500000, 0x00000000a1500000, 0x00000000a1600000|  0%| F|  |TAMS 0x00000000a1500000| PB 0x00000000a1500000| Untracked |  0
|   2|0x00000000a1600000, 0x00000000a1600000, 0x00000000a1700000|  0%| F|  |TAMS 0x00000000a1600000| PB 0x00000000a1600000| Untracked |  0
|   3|0x00000000a1700000, 0x00000000a1700000, 0x00000000a1800000|  0%| F|  |TAMS 0x00000000a1700000| PB 0x00000000a1700000| Untracked |  0
|   4|0x00000000a1800000, 0x00000000a1800000, 0x00000000a1900000|  0%| F|  |TAMS 0x00000000a1800000| PB 0x00000000a1800000| Untracked |  0
|   5|0x00000000a1900000, 0x00000000a1900000, 0x00000000a1a00000|  0%| F|  |TAMS 0x00000000a1900000| PB 0x00000000a1900000| Untracked |  0
|   6|0x00000000a1a00000, 0x00000000a1a00000, 0x00000000a1b00000|  0%| F|  |TAMS 0x00000000a1a00000| PB 0x00000000a1a00000| Untracked |  0
|   7|0x00000000a1b00000, 0x00000000a1b00000, 0x00000000a1c00000|  0%| F|  |TAMS 0x00000000a1b00000| PB 0x00000000a1b00000| Untracked |  0
|   8|0x00000000a1c00000, 0x00000000a1c00000, 0x00000000a1d00000|  0%| F|  |TAMS 0x00000000a1c00000| PB 0x00000000a1c00000| Untracked |  0
|   9|0x00000000a1d00000, 0x00000000a1d00000, 0x00000000a1e00000|  0%| F|  |TAMS 0x00000000a1d00000| PB 0x00000000a1d00000| Untracked |  0
|  10|0x00000000a1e00000, 0x00000000a1e00000, 0x00000000a1f00000|  0%| F|  |TAMS 0x00000000a1e00000| PB 0x00000000a1e00000| Untracked |  0
|  11|0x00000000a1f00000, 0x00000000a1f00000, 0x00000000a2000000|  0%| F|  |TAMS 0x00000000a1f00000| PB 0x00000000a1f00000| Untracked |  0
|  12|0x00000000a2000000, 0x00000000a2000000, 0x00000000a2100000|  0%| F|  |TAMS 0x00000000a2000000| PB 0x00000000a2000000| Untracked |  0
|  13|0x00000000a2100000, 0x00000000a2100000, 0x00000000a2200000|  0%| F|  |TAMS 0x00000000a2100000| PB 0x00000000a2100000| Untracked |  0
|  14|0x00000000a2200000, 0x00000000a2200000, 0x00000000a2300000|  0%| F|  |TAMS 0x00000000a2200000| PB 0x00000000a2200000| Untracked |  0
|  15|0x00000000a2300000, 0x00000000a2300000, 0x00000000a2400000|  0%| F|  |TAMS 0x00000000a2300000| PB 0x00000000a2300000| Untracked |  0
|  16|0x00000000a2400000, 0x00000000a2400000, 0x00000000a2500000|  0%| F|  |TAMS 0x00000000a2400000| PB 0x00000000a2400000| Untracked |  0
|  17|0x00000000a2500000, 0x00000000a2500000, 0x00000000a2600000|  0%| F|  |TAMS 0x00000000a2500000| PB 0x00000000a2500000| Untracked |  0
|  18|0x00000000a2600000, 0x00000000a2600000, 0x00000000a2700000|  0%| F|  |TAMS 0x00000000a2600000| PB 0x00000000a2600000| Untracked |  0
|  19|0x00000000a2700000, 0x00000000a2700000, 0x00000000a2800000|  0%| F|  |TAMS 0x00000000a2700000| PB 0x00000000a2700000| Untracked |  0
|  20|0x00000000a2800000, 0x00000000a2800000, 0x00000000a2900000|  0%| F|  |TAMS 0x00000000a2800000| PB 0x00000000a2800000| Untracked |  0
|  21|0x00000000a2900000, 0x00000000a2900000, 0x00000000a2a00000|  0%| F|  |TAMS 0x00000000a2900000| PB 0x00000000a2900000| Untracked |  0
|  22|0x00000000a2a00000, 0x00000000a2a00000, 0x00000000a2b00000|  0%| F|  |TAMS 0x00000000a2a00000| PB 0x00000000a2a00000| Untracked |  0
|  23|0x00000000a2b00000, 0x00000000a2b00000, 0x00000000a2c00000|  0%| F|  |TAMS 0x00000000a2b00000| PB 0x00000000a2b00000| Untracked |  0
|  24|0x00000000a2c00000, 0x00000000a2c00000, 0x00000000a2d00000|  0%| F|  |TAMS 0x00000000a2c00000| PB 0x00000000a2c00000| Untracked |  0
|  25|0x00000000a2d00000, 0x00000000a2d00000, 0x00000000a2e00000|  0%| F|  |TAMS 0x00000000a2d00000| PB 0x00000000a2d00000| Untracked |  0
|  26|0x00000000a2e00000, 0x00000000a2e00000, 0x00000000a2f00000|  0%| F|  |TAMS 0x00000000a2e00000| PB 0x00000000a2e00000| Untracked |  0
|  27|0x00000000a2f00000, 0x00000000a2f00000, 0x00000000a3000000|  0%| F|  |TAMS 0x00000000a2f00000| PB 0x00000000a2f00000| Untracked |  0
|  28|0x00000000a3000000, 0x00000000a3000000, 0x00000000a3100000|  0%| F|  |TAMS 0x00000000a3000000| PB 0x00000000a3000000| Untracked |  0
|  29|0x00000000a3100000, 0x00000000a3100000, 0x00000000a3200000|  0%| F|  |TAMS 0x00000000a3100000| PB 0x00000000a3100000| Untracked |  0
|  30|0x00000000a3200000, 0x00000000a3200000, 0x00000000a3300000|  0%| F|  |TAMS 0x00000000a3200000| PB 0x00000000a3200000| Untracked |  0
|  31|0x00000000a3300000, 0x00000000a3300000, 0x00000000a3400000|  0%| F|  |TAMS 0x00000000a3300000| PB 0x00000000a3300000| Untracked |  0
|  32|0x00000000a3400000, 0x00000000a3400000, 0x00000000a3500000|  0%| F|  |TAMS 0x00000000a3400000| PB 0x00000000a3400000| Untracked |  0
|  33|0x00000000a3500000, 0x00000000a3500000, 0x00000000a3600000|  0%| F|  |TAMS 0x00000000a3500000| PB 0x00000000a3500000| Untracked |  0
|  34|0x00000000a3600000, 0x00000000a3600000, 0x00000000a3700000|  0%| F|  |TAMS 0x00000000a3600000| PB 0x00000000a3600000| Untracked |  0
|  35|0x00000000a3700000, 0x00000000a3700000, 0x00000000a3800000|  0%| F|  |TAMS 0x00000000a3700000| PB 0x00000000a3700000| Untracked |  0
|  36|0x00000000a3800000, 0x00000000a3800000, 0x00000000a3900000|  0%| F|  |TAMS 0x00000000a3800000| PB 0x00000000a3800000| Untracked |  0
|  37|0x00000000a3900000, 0x00000000a3900000, 0x00000000a3a00000|  0%| F|  |TAMS 0x00000000a3900000| PB 0x00000000a3900000| Untracked |  0
|  38|0x00000000a3a00000, 0x00000000a3a00000, 0x00000000a3b00000|  0%| F|  |TAMS 0x00000000a3a00000| PB 0x00000000a3a00000| Untracked |  0
|  39|0x00000000a3b00000, 0x00000000a3b00000, 0x00000000a3c00000|  0%| F|  |TAMS 0x00000000a3b00000| PB 0x00000000a3b00000| Untracked |  0
|  40|0x00000000a3c00000, 0x00000000a3c00000, 0x00000000a3d00000|  0%| F|  |TAMS 0x00000000a3c00000| PB 0x00000000a3c00000| Untracked |  0
|  41|0x00000000a3d00000, 0x00000000a3d00000, 0x00000000a3e00000|  0%| F|  |TAMS 0x00000000a3d00000| PB 0x00000000a3d00000| Untracked |  0
|  42|0x00000000a3e00000, 0x00000000a3e00000, 0x00000000a3f00000|  0%| F|  |TAMS 0x00000000a3e00000| PB 0x00000000a3e00000| Untracked |  0
|  43|0x00000000a3f00000, 0x00000000a3f00000, 0x00000000a4000000|  0%| F|  |TAMS 0x00000000a3f00000| PB 0x00000000a3f00000| Untracked |  0
|  44|0x00000000a4000000, 0x00000000a4000000, 0x00000000a4100000|  0%| F|  |TAMS 0x00000000a4000000| PB 0x00000000a4000000| Untracked |  0
|  45|0x00000000a4100000, 0x00000000a4100000, 0x00000000a4200000|  0%| F|  |TAMS 0x00000000a4100000| PB 0x00000000a4100000| Untracked |  0
|  46|0x00000000a4200000, 0x00000000a4200000, 0x00000000a4300000|  0%| F|  |TAMS 0x00000000a4200000| PB 0x00000000a4200000| Untracked |  0
|  47|0x00000000a4300000, 0x00000000a4300000, 0x00000000a4400000|  0%| F|  |TAMS 0x00000000a4300000| PB 0x00000000a4300000| Untracked |  0
|  48|0x00000000a4400000, 0x00000000a4400000, 0x00000000a4500000|  0%| F|  |TAMS 0x00000000a4400000| PB 0x00000000a4400000| Untracked |  0
|  49|0x00000000a4500000, 0x00000000a4500000, 0x00000000a4600000|  0%| F|  |TAMS 0x00000000a4500000| PB 0x00000000a4500000| Untracked |  0
|  50|0x00000000a4600000, 0x00000000a4600000, 0x00000000a4700000|  0%| F|  |TAMS 0x00000000a4600000| PB 0x00000000a4600000| Untracked |  0
|  51|0x00000000a4700000, 0x00000000a4700000, 0x00000000a4800000|  0%| F|  |TAMS 0x00000000a4700000| PB 0x00000000a4700000| Untracked |  0
|  52|0x00000000a4800000, 0x00000000a4800000, 0x00000000a4900000|  0%| F|  |TAMS 0x00000000a4800000| PB 0x00000000a4800000| Untracked |  0
|  53|0x00000000a4900000, 0x00000000a4900000, 0x00000000a4a00000|  0%| F|  |TAMS 0x00000000a4900000| PB 0x00000000a4900000| Untracked |  0
|  54|0x00000000a4a00000, 0x00000000a4a00000, 0x00000000a4b00000|  0%| F|  |TAMS 0x00000000a4a00000| PB 0x00000000a4a00000| Untracked |  0
|  55|0x00000000a4b00000, 0x00000000a4b00000, 0x00000000a4c00000|  0%| F|  |TAMS 0x00000000a4b00000| PB 0x00000000a4b00000| Untracked |  0
|  56|0x00000000a4c00000, 0x00000000a4c00000, 0x00000000a4d00000|  0%| F|  |TAMS 0x00000000a4c00000| PB 0x00000000a4c00000| Untracked |  0
|  57|0x00000000a4d00000, 0x00000000a4d00000, 0x00000000a4e00000|  0%| F|  |TAMS 0x00000000a4d00000| PB 0x00000000a4d00000| Untracked |  0
|  58|0x00000000a4e00000, 0x00000000a4e00000, 0x00000000a4f00000|  0%| F|  |TAMS 0x00000000a4e00000| PB 0x00000000a4e00000| Untracked |  0
|  59|0x00000000a4f00000, 0x00000000a4f00000, 0x00000000a5000000|  0%| F|  |TAMS 0x00000000a4f00000| PB 0x00000000a4f00000| Untracked |  0
|  60|0x00000000a5000000, 0x00000000a5000000, 0x00000000a5100000|  0%| F|  |TAMS 0x00000000a5000000| PB 0x00000000a5000000| Untracked |  0
|  61|0x00000000a5100000, 0x00000000a5100000, 0x00000000a5200000|  0%| F|  |TAMS 0x00000000a5100000| PB 0x00000000a5100000| Untracked |  0
|  62|0x00000000a5200000, 0x00000000a5200000, 0x00000000a5300000|  0%| F|  |TAMS 0x00000000a5200000| PB 0x00000000a5200000| Untracked |  0
|  63|0x00000000a5300000, 0x00000000a5300000, 0x00000000a5400000|  0%| F|  |TAMS 0x00000000a5300000| PB 0x00000000a5300000| Untracked |  0
|  64|0x00000000a5400000, 0x00000000a5400000, 0x00000000a5500000|  0%| F|  |TAMS 0x00000000a5400000| PB 0x00000000a5400000| Untracked |  0
|  65|0x00000000a5500000, 0x00000000a5500000, 0x00000000a5600000|  0%| F|  |TAMS 0x00000000a5500000| PB 0x00000000a5500000| Untracked |  0
|  66|0x00000000a5600000, 0x00000000a5600000, 0x00000000a5700000|  0%| F|  |TAMS 0x00000000a5600000| PB 0x00000000a5600000| Untracked |  0
|  67|0x00000000a5700000, 0x00000000a5700000, 0x00000000a5800000|  0%| F|  |TAMS 0x00000000a5700000| PB 0x00000000a5700000| Untracked |  0
|  68|0x00000000a5800000, 0x00000000a5800000, 0x00000000a5900000|  0%| F|  |TAMS 0x00000000a5800000| PB 0x00000000a5800000| Untracked |  0
|  69|0x00000000a5900000, 0x00000000a5900000, 0x00000000a5a00000|  0%| F|  |TAMS 0x00000000a5900000| PB 0x00000000a5900000| Untracked |  0
|  70|0x00000000a5a00000, 0x00000000a5a00000, 0x00000000a5b00000|  0%| F|  |TAMS 0x00000000a5a00000| PB 0x00000000a5a00000| Untracked |  0
|  71|0x00000000a5b00000, 0x00000000a5b00000, 0x00000000a5c00000|  0%| F|  |TAMS 0x00000000a5b00000| PB 0x00000000a5b00000| Untracked |  0
|  72|0x00000000a5c00000, 0x00000000a5c00000, 0x00000000a5d00000|  0%| F|  |TAMS 0x00000000a5c00000| PB 0x00000000a5c00000| Untracked |  0
|  73|0x00000000a5d00000, 0x00000000a5d00000, 0x00000000a5e00000|  0%| F|  |TAMS 0x00000000a5d00000| PB 0x00000000a5d00000| Untracked |  0
|  74|0x00000000a5e00000, 0x00000000a5e00000, 0x00000000a5f00000|  0%| F|  |TAMS 0x00000000a5e00000| PB 0x00000000a5e00000| Untracked |  0
|  75|0x00000000a5f00000, 0x00000000a5f00000, 0x00000000a6000000|  0%| F|  |TAMS 0x00000000a5f00000| PB 0x00000000a5f00000| Untracked |  0
|  76|0x00000000a6000000, 0x00000000a6000000, 0x00000000a6100000|  0%| F|  |TAMS 0x00000000a6000000| PB 0x00000000a6000000| Untracked |  0
|  77|0x00000000a6100000, 0x00000000a6100000, 0x00000000a6200000|  0%| F|  |TAMS 0x00000000a6100000| PB 0x00000000a6100000| Untracked |  0
|  78|0x00000000a6200000, 0x00000000a6200000, 0x00000000a6300000|  0%| F|  |TAMS 0x00000000a6200000| PB 0x00000000a6200000| Untracked |  0
|  79|0x00000000a6300000, 0x00000000a6300000, 0x00000000a6400000|  0%| F|  |TAMS 0x00000000a6300000| PB 0x00000000a6300000| Untracked |  0
|  80|0x00000000a6400000, 0x00000000a6400000, 0x00000000a6500000|  0%| F|  |TAMS 0x00000000a6400000| PB 0x00000000a6400000| Untracked |  0
|  81|0x00000000a6500000, 0x00000000a6500000, 0x00000000a6600000|  0%| F|  |TAMS 0x00000000a6500000| PB 0x00000000a6500000| Untracked |  0
|  82|0x00000000a6600000, 0x00000000a6600000, 0x00000000a6700000|  0%| F|  |TAMS 0x00000000a6600000| PB 0x00000000a6600000| Untracked |  0
|  83|0x00000000a6700000, 0x00000000a6700000, 0x00000000a6800000|  0%| F|  |TAMS 0x00000000a6700000| PB 0x00000000a6700000| Untracked |  0
|  84|0x00000000a6800000, 0x00000000a6800000, 0x00000000a6900000|  0%| F|  |TAMS 0x00000000a6800000| PB 0x00000000a6800000| Untracked |  0
|  85|0x00000000a6900000, 0x00000000a6900000, 0x00000000a6a00000|  0%| F|  |TAMS 0x00000000a6900000| PB 0x00000000a6900000| Untracked |  0
|  86|0x00000000a6a00000, 0x00000000a6a00000, 0x00000000a6b00000|  0%| F|  |TAMS 0x00000000a6a00000| PB 0x00000000a6a00000| Untracked |  0
|  87|0x00000000a6b00000, 0x00000000a6b00000, 0x00000000a6c00000|  0%| F|  |TAMS 0x00000000a6b00000| PB 0x00000000a6b00000| Untracked |  0
|  88|0x00000000a6c00000, 0x00000000a6c00000, 0x00000000a6d00000|  0%| F|  |TAMS 0x00000000a6c00000| PB 0x00000000a6c00000| Untracked |  0
|  89|0x00000000a6d00000, 0x00000000a6d00000, 0x00000000a6e00000|  0%| F|  |TAMS 0x00000000a6d00000| PB 0x00000000a6d00000| Untracked |  0
|  90|0x00000000a6e00000, 0x00000000a6e00000, 0x00000000a6f00000|  0%| F|  |TAMS 0x00000000a6e00000| PB 0x00000000a6e00000| Untracked |  0
|  91|0x00000000a6f00000, 0x00000000a6f00000, 0x00000000a7000000|  0%| F|  |TAMS 0x00000000a6f00000| PB 0x00000000a6f00000| Untracked |  0
|  92|0x00000000a7000000, 0x00000000a7047b18, 0x00000000a7100000| 28%| E|  |TAMS 0x00000000a7000000| PB 0x00000000a7000000| Complete |  0
|  93|0x00000000a7100000, 0x00000000a7200000, 0x00000000a7200000|100%| E|CS|TAMS 0x00000000a7100000| PB 0x00000000a7100000| Complete |  0
|  94|0x00000000a7200000, 0x00000000a7300000, 0x00000000a7300000|100%| E|CS|TAMS 0x00000000a7200000| PB 0x00000000a7200000| Complete |  0
|  95|0x00000000a7300000, 0x00000000a7400000, 0x00000000a7400000|100%| E|CS|TAMS 0x00000000a7300000| PB 0x00000000a7300000| Complete |  0

Card table byte_map: [0x000001cf2c850000,0x000001cf2cb50000] _byte_map_base: 0x000001cf2c346000

Marking Bits: (CMBitMap*) 0x000001cf149f53b0
 Bits: [0x000001cf2cb50000, 0x000001cf2e300000)

Polling page: 0x000001cf13190000

Metaspace:

Usage:
  Non-class:      7.56 MB used.
      Class:    776.76 KB used.
       Both:      8.32 MB used.

Virtual space:
  Non-class space:       64.00 MB reserved,       7.62 MB ( 12%) committed,  1 nodes.
      Class space:        1.00 GB reserved,     832.00 KB ( <1%) committed,  1 nodes.
             Both:        1.06 GB reserved,       8.44 MB ( <1%) committed. 

Chunk freelists:
   Non-Class:  8.39 MB
       Class:  15.21 MB
        Both:  23.60 MB

MaxMetaspaceSize: unlimited
CompressedClassSpaceSize: 1.00 GB
Initial GC threshold: 21.00 MB
Current GC threshold: 21.00 MB
CDS: off
 - commit_granule_bytes: 65536.
 - commit_granule_words: 8192.
 - virtual_space_node_default_size: 8388608.
 - enlarge_chunks_in_place: 1.
 - use_allocation_guard: 0.


Internal statistics:

num_allocs_failed_limit: 0.
num_arena_births: 46.
num_arena_deaths: 0.
num_vsnodes_births: 2.
num_vsnodes_deaths: 0.
num_space_committed: 135.
num_space_uncommitted: 0.
num_chunks_returned_to_freelist: 0.
num_chunks_taken_from_freelist: 73.
num_chunk_merges: 0.
num_chunk_splits: 46.
num_chunks_enlarged: 30.
num_inconsistent_stats: 0.

CodeHeap 'non-profiled nmethods': size=120128Kb used=142Kb max_used=142Kb free=119985Kb
 bounds [0x000001cf24c00000, 0x000001cf24e70000, 0x000001cf2c150000]
CodeHeap 'profiled nmethods': size=120000Kb used=404Kb max_used=404Kb free=119596Kb
 bounds [0x000001cf1d150000, 0x000001cf1d3c0000, 0x000001cf24680000]
CodeHeap 'non-nmethods': size=5632Kb used=1290Kb max_used=1304Kb free=4341Kb
 bounds [0x000001cf24680000, 0x000001cf248f0000, 0x000001cf24c00000]
CodeCache: size=245760Kb, used=1836Kb, max_used=1850Kb, free=243922Kb
 total_blobs=875, nmethods=463, adapters=318, full_count=0
Compilation: enabled, stopped_count=0, restarted_count=0

Compilation events (20 events):
Event: 1.301 Thread 0x000001cf307c3e70  437       3       jdk.internal.util.StrongReferenceKey::equals (28 bytes)
Event: 1.301 Thread 0x000001cf307c3e70 nmethod 437 0x000001cf1d1b2c88 code [0x000001cf1d1b2de0, 0x000001cf1d1b3358]
Event: 1.302 Thread 0x000001cf307c3e70  438       3       java.lang.invoke.LambdaForm::parameter (38 bytes)
Event: 1.302 Thread 0x000001cf307c3e70 nmethod 438 0x000001cf1d1b3388 code [0x000001cf1d1b34a0, 0x000001cf1d1b35e8]
Event: 1.302 Thread 0x000001cf307c3e70  439       3       jdk.internal.org.objectweb.asm.ByteVector::put122 (93 bytes)
Event: 1.302 Thread 0x000001cf307c3e70 nmethod 439 0x000001cf1d1b3688 code [0x000001cf1d1b37c0, 0x000001cf1d1b3a38]
Event: 1.302 Thread 0x000001cf307c3e70  440       3       java.util.ImmutableCollections$List12::get (35 bytes)
Event: 1.302 Thread 0x000001cf307c3e70 nmethod 440 0x000001cf1d1b3a88 code [0x000001cf1d1b3bc0, 0x000001cf1d1b3e40]
Event: 1.303 Thread 0x000001cf307c3e70  441       3       java.util.LinkedHashMap::get (29 bytes)
Event: 1.303 Thread 0x000001cf307c3e70 nmethod 441 0x000001cf1d1b3e88 code [0x000001cf1d1b3fc0, 0x000001cf1d1b4200]
Event: 1.303 Thread 0x000001cf307c3e70  442       3       java.lang.invoke.LambdaForm::forceInterpretation (14 bytes)
Event: 1.304 Thread 0x000001cf307c3e70 nmethod 442 0x000001cf1d1b4288 code [0x000001cf1d1b43a0, 0x000001cf1d1b4500]
Event: 1.304 Thread 0x000001cf307c3e70  443       3       java.lang.invoke.MethodType::parameterSlotCount (8 bytes)
Event: 1.304 Thread 0x000001cf307c3e70 nmethod 443 0x000001cf1d1b4588 code [0x000001cf1d1b46a0, 0x000001cf1d1b47d0]
Event: 1.304 Thread 0x000001cf307c3e70  444       3       java.lang.ref.SoftReference::get (29 bytes)
Event: 1.304 Thread 0x000001cf307c3e70 nmethod 444 0x000001cf1d1b4888 code [0x000001cf1d1b49a0, 0x000001cf1d1b4b58]
Event: 1.304 Thread 0x000001cf307c3e70  445       3       java.lang.invoke.LambdaForm::uncustomize (57 bytes)
Event: 1.304 Thread 0x000001cf307c3e70 nmethod 445 0x000001cf1d1b4b88 code [0x000001cf1d1b4cc0, 0x000001cf1d1b4f90]
Event: 1.304 Thread 0x000001cf307c3e70  446       3       jdk.internal.org.objectweb.asm.Frame::execute (2305 bytes)
Event: 1.306 Thread 0x000001cf307393b0  452       4       java.util.HashMap::afterNodeInsertion (1 bytes)

GC Heap History (0 events):
No events

Dll operation events (5 events):
Event: 0.074 Loaded shared library C:\Program Files\Java\jdk-23\bin\java.dll
Event: 0.289 Loaded shared library C:\Program Files\Java\jdk-23\bin\jsvml.dll
Event: 0.507 Loaded shared library C:\Program Files\Java\jdk-23\bin\net.dll
Event: 0.509 Loaded shared library C:\Program Files\Java\jdk-23\bin\nio.dll
Event: 0.536 Loaded shared library C:\Program Files\Java\jdk-23\bin\zip.dll

Deoptimization events (4 events):
Event: 0.744 Thread 0x000001cf12ea29b0 Uncommon trap: trap_request=0xffffff45 fr.pc=0x000001cf24c06e30 relative=0x0000000000000270
Event: 0.744 Thread 0x000001cf12ea29b0 Uncommon trap: reason=unstable_if action=reinterpret pc=0x000001cf24c06e30 method=jdk.internal.util.ArraysSupport.hashCodeOfUnsigned([BIII)I @ 1 c2
Event: 0.744 Thread 0x000001cf12ea29b0 DEOPT PACKING pc=0x000001cf24c06e30 sp=0x0000004c425fd590
Event: 0.744 Thread 0x000001cf12ea29b0 DEOPT UNPACKING pc=0x000001cf246d4402 sp=0x0000004c425fd450 mode 2

Classes loaded (20 events):
Event: 0.906 Loading class jdk/internal/classfile/impl/TemporaryConstantPool
Event: 0.906 Loading class jdk/internal/classfile/impl/TemporaryConstantPool done
Event: 0.915 Loading class java/lang/reflect/Proxy$ProxyBuilder$1
Event: 0.915 Loading class java/lang/reflect/Proxy$ProxyBuilder$1 done
Event: 0.917 Loading class java/lang/annotation/Target
Event: 0.917 Loading class java/lang/annotation/Target done
Event: 1.071 Loading class java/lang/reflect/UndeclaredThrowableException
Event: 1.072 Loading class java/lang/reflect/UndeclaredThrowableException done
Event: 1.284 Loading class java/lang/AssertionError
Event: 1.284 Loading class java/lang/AssertionError done
Event: 1.285 Loading class java/lang/Class$AnnotationData
Event: 1.285 Loading class java/lang/Class$AnnotationData done
Event: 1.298 Loading class jdk/internal/reflect/MethodHandleObjectFieldAccessorImpl
Event: 1.298 Loading class jdk/internal/reflect/MethodHandleFieldAccessorImpl
Event: 1.298 Loading class jdk/internal/reflect/FieldAccessorImpl
Event: 1.298 Loading class jdk/internal/reflect/FieldAccessor
Event: 1.298 Loading class jdk/internal/reflect/FieldAccessor done
Event: 1.298 Loading class jdk/internal/reflect/FieldAccessorImpl done
Event: 1.298 Loading class jdk/internal/reflect/MethodHandleFieldAccessorImpl done
Event: 1.298 Loading class jdk/internal/reflect/MethodHandleObjectFieldAccessorImpl done

Classes unloaded (0 events):
No events

Classes redefined (0 events):
No events

Internal exceptions (2 events):
Event: 0.887 Thread 0x000001cf12ea29b0 Exception <a 'java/lang/NoSuchMethodError'{0x00000000a71357b8}: 'void java.lang.invoke.DirectMethodHandle$Holder.invokeSpecial(java.lang.Object, java.lang.Object, java.lang.Object)'> (0x00000000a71357b8) 
thrown [s\open\src\hotspot\share\interpreter\linkResolver.cpp, line 796]
Event: 0.889 Thread 0x000001cf12ea29b0 Exception <a 'java/lang/NoSuchMethodError'{0x00000000a713f0b8}: 'void java.lang.invoke.DirectMethodHandle$Holder.invokeStatic(java.lang.Object, int, java.lang.Object)'> (0x00000000a713f0b8) 
thrown [s\open\src\hotspot\share\interpreter\linkResolver.cpp, line 796]

VM Operations (2 events):
Event: 0.539 Executing VM operation: HandshakeAllThreads (Deoptimize)
Event: 0.539 Executing VM operation: HandshakeAllThreads (Deoptimize) done

Memory protections (0 events):
No events

Nmethod flushes (0 events):
No events

Events (11 events):
Event: 0.107 Thread 0x000001cf12ea29b0 Thread added: 0x000001cf12ea29b0
Event: 0.283 Thread 0x000001cf12ea29b0 Thread added: 0x000001cf307139c0
Event: 0.283 Thread 0x000001cf12ea29b0 Thread added: 0x000001cf30736090
Event: 0.287 Thread 0x000001cf12ea29b0 Thread added: 0x000001cf30736700
Event: 0.287 Thread 0x000001cf12ea29b0 Thread added: 0x000001cf30737160
Event: 0.287 Thread 0x000001cf12ea29b0 Thread added: 0x000001cf30737bc0
Event: 0.287 Thread 0x000001cf12ea29b0 Thread added: 0x000001cf30738620
Event: 0.287 Thread 0x000001cf12ea29b0 Thread added: 0x000001cf307393b0
Event: 0.298 Thread 0x000001cf12ea29b0 Thread added: 0x000001cf307c3e70
Event: 0.472 Thread 0x000001cf12ea29b0 Thread added: 0x000001cf308fb660
Event: 0.485 Thread 0x000001cf12ea29b0 Thread added: 0x000001cf3090b520


Dynamic libraries:
0x00007ff6e5be0000 - 0x00007ff6e5bf0000 	C:\Program Files\Java\jdk-23\bin\javaw.exe
0x00007ffa360c0000 - 0x00007ffa36323000 	C:\WINDOWS\SYSTEM32\ntdll.dll
0x00007ffa35e40000 - 0x00007ffa35f08000 	C:\WINDOWS\System32\KERNEL32.DLL
0x00007ffa337c0000 - 0x00007ffa33b72000 	C:\WINDOWS\System32\KERNELBASE.dll
0x00007ffa33670000 - 0x00007ffa337bb000 	C:\WINDOWS\System32\ucrtbase.dll
0x00007ffa25790000 - 0x00007ffa257a7000 	C:\Program Files\Java\jdk-23\bin\jli.dll
0x00007ffa35650000 - 0x00007ffa35818000 	C:\WINDOWS\System32\USER32.dll
0x00007ffa33ef0000 - 0x00007ffa33f17000 	C:\WINDOWS\System32\win32u.dll
0x00007ffa34e30000 - 0x00007ffa34e5a000 	C:\WINDOWS\System32\GDI32.dll
0x00007ffa33490000 - 0x00007ffa335bb000 	C:\WINDOWS\System32\gdi32full.dll
0x00007ffa335c0000 - 0x00007ffa33663000 	C:\WINDOWS\System32\msvcp_win.dll
0x00007ffa24fc0000 - 0x00007ffa24fdb000 	C:\Program Files\Java\jdk-23\bin\VCRUNTIME140.dll
0x00007ffa180c0000 - 0x00007ffa18350000 	C:\WINDOWS\WinSxS\amd64_microsoft.windows.common-controls_6595b64144ccf1df_6.0.26100.2454_none_3e0b68a2e331ad60\COMCTL32.dll
0x00007ffa34040000 - 0x00007ffa340e9000 	C:\WINDOWS\System32\msvcrt.dll
0x00007ffa346d0000 - 0x00007ffa346ff000 	C:\WINDOWS\System32\IMM32.DLL
0x00007ffa257d0000 - 0x00007ffa257dc000 	C:\Program Files\Java\jdk-23\bin\vcruntime140_1.dll
0x00007ff9f6070000 - 0x00007ff9f60fe000 	C:\Program Files\Java\jdk-23\bin\msvcp140.dll
0x00007ff9d2f40000 - 0x00007ff9d3c8f000 	C:\Program Files\Java\jdk-23\bin\server\jvm.dll
0x00007ffa35cc0000 - 0x00007ffa35d74000 	C:\WINDOWS\System32\ADVAPI32.dll
0x00007ffa35a50000 - 0x00007ffa35af6000 	C:\WINDOWS\System32\sechost.dll
0x00007ffa33f20000 - 0x00007ffa34036000 	C:\WINDOWS\System32\RPCRT4.dll
0x00007ffa35030000 - 0x00007ffa350a4000 	C:\WINDOWS\System32\WS2_32.dll
0x00007ffa33320000 - 0x00007ffa3336e000 	C:\WINDOWS\SYSTEM32\POWRPROF.dll
0x00007ffa2b0e0000 - 0x00007ffa2b116000 	C:\WINDOWS\SYSTEM32\WINMM.dll
0x00007ffa2b120000 - 0x00007ffa2b12b000 	C:\WINDOWS\SYSTEM32\VERSION.dll
0x00007ffa33300000 - 0x00007ffa33314000 	C:\WINDOWS\SYSTEM32\UMPDC.dll
0x00007ffa322d0000 - 0x00007ffa322ea000 	C:\WINDOWS\SYSTEM32\kernel.appcore.dll
0x00007ffa26170000 - 0x00007ffa2617a000 	C:\Program Files\Java\jdk-23\bin\jimage.dll
0x00007ffa27080000 - 0x00007ffa272c1000 	C:\WINDOWS\SYSTEM32\DBGHELP.DLL
0x00007ffa342e0000 - 0x00007ffa3465e000 	C:\WINDOWS\System32\combase.dll
0x00007ffa350c0000 - 0x00007ffa35196000 	C:\WINDOWS\System32\OLEAUT32.dll
0x00007ffa18360000 - 0x00007ffa18399000 	C:\WINDOWS\SYSTEM32\dbgcore.DLL
0x00007ffa33c10000 - 0x00007ffa33ca9000 	C:\WINDOWS\System32\bcryptPrimitives.dll
0x00007ffa26150000 - 0x00007ffa2616e000 	C:\Program Files\Java\jdk-23\bin\java.dll
0x00007ffa35820000 - 0x00007ffa359b9000 	C:\WINDOWS\System32\ole32.dll
0x00007ffa34720000 - 0x00007ffa34e20000 	C:\WINDOWS\System32\SHELL32.dll
0x00007ffa311e0000 - 0x00007ffa31a11000 	C:\WINDOWS\SYSTEM32\windows.storage.dll
0x00007ffa35fa0000 - 0x00007ffa3607a000 	C:\WINDOWS\System32\SHCORE.dll
0x00007ffa35f40000 - 0x00007ffa35f9d000 	C:\WINDOWS\System32\shlwapi.dll
0x00007ffa333a0000 - 0x00007ffa333ce000 	C:\WINDOWS\SYSTEM32\profapi.dll
0x00007ffa25c00000 - 0x00007ffa25cd7000 	C:\Program Files\Java\jdk-23\bin\jsvml.dll
0x00007ffa26140000 - 0x00007ffa26150000 	C:\Program Files\Java\jdk-23\bin\net.dll
0x00007ffa327d0000 - 0x00007ffa32838000 	C:\WINDOWS\system32\mswsock.dll
0x00007ffa26120000 - 0x00007ffa26136000 	C:\Program Files\Java\jdk-23\bin\nio.dll
0x00007ffa260e0000 - 0x00007ffa260f7000 	C:\Program Files\Java\jdk-23\bin\zip.dll

dbghelp: loaded successfully - version: 4.0.5 - missing functions: none
symbol engine: initialized successfully - sym options: 0x614 - pdb path: .;C:\Program Files\Java\jdk-23\bin;C:\WINDOWS\SYSTEM32;C:\WINDOWS\WinSxS\amd64_microsoft.windows.common-controls_6595b64144ccf1df_6.0.26100.2454_none_3e0b68a2e331ad60;C:\Program Files\Java\jdk-23\bin\server

VM Arguments:
jvm_args: -ea -Dfile.encoding=UTF-8 -Dstdout.encoding=UTF-8 -Dstderr.encoding=UTF-8 -XX:+ShowCodeDetailsInExceptionMessages 
java_command: org.testng.remote.RemoteTestNG -serport 59990 -protocol json -d C:\Users\nagar\git\repository\Seleniumfirstprojcet\test-output C:\Users\nagar\AppData\Local\Temp\testng-eclipse-851128284\testng-customsuite.xml
java_class_path (initial): C:\Users\nagar\eclipse\jee-2024-09\eclipse\configuration\org.eclipse.osgi\1029\0\.cp\lib\testng-remote.jar;C:\Users\nagar\git\repository\Seleniumfirstprojcet\bin;C:\Users\nagar\.p2\pool\plugins\org.testng_7.4.0.r202105021533.jar;C:\Users\nagar\.p2\pool\plugins\com.beust.jcommander_1.78.0.jar;C:\Users\nagar\.p2\pool\plugins\org.apache-extras.beanshell.bsh_2.0.0.b6.jar;C:\Users\nagar\.p2\pool\plugins\org.yaml.snakeyaml_1.21.0.jar;C:\Users\nagar\.p2\pool\plugins\org.webjars.jquery_3.5.1.jar;C:\Users\nagar\eclipse-workspace\Weddriver\selenium-server-4.26.0.jar;C:\Users\nagar\eclipse-workspace\Weddriver\Not used\poi-bin-5.2.3-20220909\poi-bin-5.2.3\poi-5.2.3.jar;C:\Users\nagar\eclipse-workspace\Weddriver\Not used\poi-bin-5.2.3-20220909\poi-bin-5.2.3\poi-examples-5.2.3.jar;C:\Users\nagar\eclipse-workspace\Weddriver\Not used\poi-bin-5.2.3-20220909\poi-bin-5.2.3\poi-excelant-5.2.3.jar;C:\Users\nagar\eclipse-workspace\Weddriver\Not used\poi-bin-5.2.3-20220909\poi-bin-5.2.3\poi-javadoc-5.2.3.jar;C:\Users\nagar\eclipse-workspace\Weddriver\Not used\poi-bin-5.2.3-20220909\poi-bin-5.2.3\poi-ooxml-5.2.3.jar;C:\Users\nagar\eclipse-workspace\Weddriver\Not used\poi-bin-5.2.3-20220909\poi-bin-5.2.3\poi-ooxml-full-5.2.3.jar;C:\Users\nagar\eclipse-workspace\Weddriver\Not used\poi-bin-5.2.3-20220909\poi-bin-5.2.3\poi-ooxml-lite-5.2.3.jar;C:\Users\nagar\eclipse-workspace\Weddriver\Not used\poi-bin-5.2.3-20220909\poi-bin-5.2.3\poi-scratchpad-5.2.3.jar;C:\Users\nagar\eclipse-workspace\Weddriver\Not used\poi-bin-5.2.3-20220909\poi-bin-5.2.3\lib\commons-codec-1.15.jar;C:\Users\nagar\eclipse-workspace\Weddriver\Not used\poi-bin-5.2.3-20220909\poi-bin-5.2.3\lib\commons-collections4-4.4.jar;C:\Users\nagar\eclipse-workspace\Weddriver\Not used\poi-bin-5.2.3-20220909\poi-bin-5.2.3\lib\commons-io-2.11.0.jar;C:\Users\nagar\eclipse-workspace\Weddriver\Not used\poi-bin-5.2.3-20220909\poi-bin-5.2.3\lib\commons-math3-3.6.1.jar;C:\Users\nagar\eclipse-workspace\Weddriver\Not used\poi-bin-5.2.3-20220909\poi-bin-5.2.3\lib\log4j-api-2.18.0.jar;C:\Users\nagar\eclipse-workspace\Weddriver\Not used\poi-bin-5.2.3-20220909\poi-bin-5.2.3\lib\SparseBitSet-1.2.jar;C:\Users\nagar\eclipse-workspace\Weddriver\Not used\poi-bin-5.2.3-20220909\poi-bin-5.2.3\ooxml-lib\commons-compress-1.21.jar;C:\Users\nagar\eclipse-workspace\Weddriver\Not used\poi-bin-5.2.3-20220909\poi-bin-5.2.3\ooxml-lib\commons-logging-1.2.jar;C:\Users\nagar\eclipse-workspace\Weddriver\Not used\poi-bin-5.2.3-20220909\poi-bin-5.2.3\ooxml-lib\curvesapi-1.07.jar;C:\Users\nagar\eclipse-workspace\Weddriver\Not used\poi-bin-5.2.3-20220909\poi-bin-5.2.3\ooxml-lib\jakarta.activation-2.0.1.jar;C:\Users\nagar\eclipse-workspace\Weddriver\Not used\poi-bin-5.2.3-20220909\poi-bin-5.2.3\ooxml-lib\jakarta.xml.bind-api-3.0.1.jar;C:\Users\nagar\eclipse-workspace\Weddriver\Not used\poi-bin-5.2.3-20220909\poi-bin-5.2.3\ooxml-lib\slf4j-api-1.7.36.jar;C:\Users\nagar\eclipse-workspace\Weddriver\Not used\poi-bin-5.2.3-20220909\poi-bin-5.2.3\ooxml-lib\xmlbeans-5.1.1.jar
Launcher Type: SUN_STANDARD

[Global flags]
     intx CICompilerCount                          = 2                                         {product} {ergonomic}
     uint ConcGCThreads                            = 1                                         {product} {ergonomic}
     uint G1ConcRefinementThreads                  = 2                                         {product} {ergonomic}
   size_t G1HeapRegionSize                         = 1048576                                   {product} {ergonomic}
   size_t InitialHeapSize                          = 100663296                                 {product} {ergonomic}
   size_t MarkStackSize                            = 4194304                                   {product} {ergonomic}
   size_t MarkStackSizeMax                         = 536870912                                 {product} {ergonomic}
   size_t MaxHeapSize                              = 1589641216                                {product} {ergonomic}
   size_t MaxNewSize                               = 953155584                                 {product} {ergonomic}
   size_t MinHeapDeltaBytes                        = 1048576                                   {product} {ergonomic}
   size_t MinHeapSize                              = 8388608                                   {product} {ergonomic}
    uintx NonNMethodCodeHeapSize                   = 5767168                                {pd product} {ergonomic}
    uintx NonProfiledCodeHeapSize                  = 123011072                              {pd product} {ergonomic}
    uintx ProfiledCodeHeapSize                     = 122880000                              {pd product} {ergonomic}
    uintx ReservedCodeCacheSize                    = 251658240                              {pd product} {ergonomic}
     bool SegmentedCodeCache                       = true                                      {product} {ergonomic}
     bool ShowCodeDetailsInExceptionMessages       = true                                   {manageable} {command line}
   size_t SoftMaxHeapSize                          = 1589641216                             {manageable} {ergonomic}
     bool UseCompressedOops                        = true                           {product lp64_product} {ergonomic}
     bool UseG1GC                                  = true                                      {product} {ergonomic}
     bool UseLargePagesIndividualAllocation        = false                                  {pd product} {ergonomic}

Logging:
Log output configuration:
 #0: stdout all=warning uptime,level,tags foldmultilines=false
 #1: stderr all=off uptime,level,tags foldmultilines=false

Environment Variables:
JAVA_HOME=C:\Program Files\Java\jdk-23
PATH=C:/Program Files/Java/jdk-23/bin/server;C:/Program Files/Java/jdk-23/bin;C:\Users\nagar\Python\Scripts\;C:\Users\nagar\Python\;C:\Program Files\Common Files\Oracle\Java\javapath;C:\windows\system32;C:\windows;C:\windows\System32\Wbem;C:\windows\System32\WindowsPowerShell\v1.0\;C:\windows\System32\OpenSSH\;C:\Program Files\HP\HP One Agent;C:\Program Files\MySQL\MySQL Server 8.0\bin;C:\Program Files\Java\jdk-23\bin;C:\Users\nagar\eclipse-workspace\chromedriver-win64\chromedriver-win64;C:\Users\nagar\apache-maven-3.9.9\bin;C:\Program Files\nodejs\;C:\Users\nagar\git\Git\cmd;C:\WINDOWS\system32;C:\WINDOWS;C:\WINDOWS\System32\Wbem;C:\WINDOWS\System32\WindowsPowerShell\v1.0\;C:\WINDOWS\System32\OpenSSH\;C:\Users\nagar\eclipse-workspace\chromedriver-win64 (2);C:\Users\nagar\Python;C:\Users\nagar\Python;C:\Program Files\MySQL\MySQL Shell 8.0\bin\;C:\Users\nagar\AppData\Local\Microsoft\WindowsApps;C:\Users\nagar\AppData\Local\Programs\Microsoft VS Code\bin;C:\Users\nagar\eclipse-workspace\chromedriver-win64;C:\Users\nagar\AppData\Roaming\npm;C:\Users\nagar\node-v20.18.0-x64.msi;;C:\WINDOWS\system32;
USERNAME=nagar
OS=Windows_NT
PROCESSOR_IDENTIFIER=AMD64 Family 23 Model 24 Stepping 1, AuthenticAMD
TMP=C:\Users\nagar\AppData\Local\Temp
TEMP=C:\Users\nagar\AppData\Local\Temp




Periodic native trim disabled

---------------  S Y S T E M  ---------------

OS:
 Windows 11 , 64 bit Build 26100 (10.0.26100.2454)
OS uptime: 1 days 13:23 hours

CPU: total 2 (initial active 2) (2 cores per cpu, 1 threads per core) family 23 model 24 stepping 1 microcode 0x8108109, cx8, cmov, fxsr, mmx, 3dnowpref, sse, sse2, sse3, ssse3, sse4a, sse4.1, sse4.2, popcnt, lzcnt, tsc, tscinvbit, avx, avx2, aes, clmul, bmi1, bmi2, adx, sha, fma, vzeroupper, clflush, clflushopt, rdtscp, f16c
Processor Information for the first 2 processors :
  Max Mhz: 2300, Current Mhz: 2300, Mhz Limit: 2300

Memory: 4k page, system-wide physical 6063M (507M free)
TotalPageFile size 24495M (AvailPageFile size 2M)
current process WorkingSet (physical memory assigned to process): 41M, peak: 41M
current process commit charge ("private bytes"): 163M, peak: 163M

vm_info: Java HotSpot(TM) 64-Bit Server VM (23.0.1+11-39) for windows-amd64 JRE (23.0.1+11-39), built on 2024-09-30T07:20:43Z with MS VC++ 17.6 (VS2022)

END.
