#
# There is insufficient memory for the Java Runtime Environment to continue.
# Native memory allocation (mmap) failed to map 100663296 bytes. Error detail: G1 virtual space
# Possible reasons:
#   The system is out of physical RAM or swap space
#   This process is running with CompressedOops enabled, and the Java Heap may be blocking the growth of the native heap
# Possible solutions:
#   Reduce memory load on the system
#   Increase physical memory or swap space
#   Check if swap backing store is full
#   Decrease Java heap size (-Xmx/-Xms)
#   Decrease number of Java threads
#   Decrease Java thread stack sizes (-Xss)
#   Set larger code cache with -XX:ReservedCodeCacheSize=
#   JVM is running with Unscaled Compressed Oops mode in which the Java heap is
#     placed in the first 4GB address space. The Java Heap base address is the
#     maximum limit for the native heap growth. Please use -XX:HeapBaseMinAddress
#     to set the Java Heap base and to place the Java Heap above 4GB virtual address.
# This output file may be truncated or incomplete.
#
#  Out of Memory Error (os_windows.cpp:3703), pid=13520, tid=2940
#
# JRE version:  (23.0.1+11) (build )
# Java VM: Java HotSpot(TM) 64-Bit Server VM (23.0.1+11-39, mixed mode, sharing, tiered, compressed oops, compressed class ptrs, g1 gc, windows-amd64)
# No core dump will be written. Minidumps are not enabled by default on client versions of Windows
#

---------------  S U M M A R Y ------------

Command Line: -ea -Dfile.encoding=UTF-8 -Dstdout.encoding=UTF-8 -Dstderr.encoding=UTF-8 -XX:+ShowCodeDetailsInExceptionMessages org.testng.remote.RemoteTestNG -serport 59841 -protocol json -d C:\Users\nagar\git\repository\Seleniumfirstprojcet\test-output C:\Users\nagar\AppData\Local\Temp\testng-eclipse-492988355\testng-customsuite.xml

Host: AMD Athlon Silver 3050U with Radeon Graphics   , 2 cores, 5G,  Windows 11 , 64 bit Build 26100 (10.0.26100.2454)
Time: Wed Dec 25 01:47:31 2024 India Standard Time elapsed time: 0.626455 seconds (0d 0h 0m 0s)

---------------  T H R E A D  ---------------

Current thread (0x00000212fcd729b0):  JavaThread "Unknown thread" [_thread_in_vm, id=2940, stack(0x0000008867b00000,0x0000008867c00000) (1024K)]

Stack: [0x0000008867b00000,0x0000008867c00000]
Native frames: (J=compiled Java code, j=interpreted, Vv=VM code, C=native code)
V  [jvm.dll+0x6e08b9]  (no source info available)
V  [jvm.dll+0x87dc83]  (no source info available)
V  [jvm.dll+0x88010e]  (no source info available)
V  [jvm.dll+0x8807e3]  (no source info available)
V  [jvm.dll+0x27aee6]  (no source info available)
V  [jvm.dll+0x6dd1c5]  (no source info available)
V  [jvm.dll+0x6d104a]  (no source info available)
V  [jvm.dll+0x35b3ea]  (no source info available)
V  [jvm.dll+0x3637f6]  (no source info available)
V  [jvm.dll+0x34fd5e]  (no source info available)
V  [jvm.dll+0x34fff8]  (no source info available)
V  [jvm.dll+0x3289cc]  (no source info available)
V  [jvm.dll+0x32966e]  (no source info available)
V  [jvm.dll+0x844355]  (no source info available)
V  [jvm.dll+0x3b9848]  (no source info available)
V  [jvm.dll+0x82d14c]  (no source info available)
V  [jvm.dll+0x454d4e]  (no source info available)
V  [jvm.dll+0x456bd1]  (no source info available)
C  [jli.dll+0x52a3]  (no source info available)
C  [ucrtbase.dll+0x14ea0]  (no source info available)
C  [KERNEL32.DLL+0x2e8d7]  (no source info available)
C  [ntdll.dll+0xdfbcc]  (no source info available)

Lock stack of current Java thread (top to bottom):


---------------  P R O C E S S  ---------------

Threads class SMR info:
_java_thread_list=0x00007ff9d3b33618, length=0, elements={
}

Java Threads: ( => current thread )
Total: 0

Other Threads:
  0x00000212ff004d90 WorkerThread "GC Thread#0"                     [id=14560, stack(0x0000008867d00000,0x0000008867e00000) (1024K)]
  0x00000212ff0149d0 ConcurrentGCThread "G1 Main Marker"            [id=20668, stack(0x0000008867e00000,0x0000008867f00000) (1024K)]
  0x00000212ff016ab0 WorkerThread "G1 Conc#0"                       [id=13756, stack(0x0000008867f00000,0x0000008868000000) (1024K)]

[error occurred during error reporting (printing all threads), id 0xc0000005, EXCEPTION_ACCESS_VIOLATION (0xc0000005) at pc=0x00007ff9d327bfba]
VM state: not at safepoint (not fully initialized)

VM Mutex/Monitor currently owned by a thread:  ([mutex/lock_event])
[0x00007ff9d3bb3a10] Heap_lock - owner thread: 0x00000212fcd729b0

Heap address: 0x00000000a1400000, size: 1516 MB, Compressed Oops mode: 32-bit

CDS archive(s) mapped at: [0x0000000000000000-0x0000000000000000-0x0000000000000000), size 0, SharedBaseAddress: 0x0000000800000000, ArchiveRelocationMode: 1.
Narrow klass base: 0x0000000000000000, Narrow klass shift: 0, Narrow klass range: 0x0

GC Precious Log:
 CardTable entry size: 512
 Card Set container configuration: InlinePtr #cards 5 size 8 Array Of Cards #cards 10 size 36 Howl #buckets 4 coarsen threshold 1843 Howl Bitmap #cards 512 size 80 coarsen threshold 460 Card regions per heap region 1 cards per card region 2048

Heap:
 garbage-first heap   total reserved 1552384K, committed 0K, used 0K [0x00000000a1400000, 0x0000000100000000)
  region size 1024K, 0 young (0K), 0 survivors (0K)

[error occurred during error reporting (printing heap information), id 0xc0000005, EXCEPTION_ACCESS_VIOLATION (0xc0000005) at pc=0x00007ff9d367c3c9]
GC Heap History (0 events):
No events

Dll operation events (1 events):
Event: 0.337 Loaded shared library C:\Program Files\Java\jdk-23\bin\java.dll

Deoptimization events (0 events):
No events

Classes loaded (0 events):
No events

Classes unloaded (0 events):
No events

Classes redefined (0 events):
No events

Internal exceptions (0 events):
No events

VM Operations (0 events):
No events

Memory protections (0 events):
No events

Nmethod flushes (0 events):
No events

Events (0 events):
No events


Dynamic libraries:
0x00007ff6e5be0000 - 0x00007ff6e5bf0000 	C:\Program Files\Java\jdk-23\bin\javaw.exe
0x00007ffa360c0000 - 0x00007ffa36323000 	C:\WINDOWS\SYSTEM32\ntdll.dll
0x00007ffa35e40000 - 0x00007ffa35f08000 	C:\WINDOWS\System32\KERNEL32.DLL
0x00007ffa337c0000 - 0x00007ffa33b72000 	C:\WINDOWS\System32\KERNELBASE.dll
0x00007ffa33670000 - 0x00007ffa337bb000 	C:\WINDOWS\System32\ucrtbase.dll
0x00007ffa25790000 - 0x00007ffa257a7000 	C:\Program Files\Java\jdk-23\bin\jli.dll
0x00007ffa35650000 - 0x00007ffa35818000 	C:\WINDOWS\System32\USER32.dll
0x00007ffa33ef0000 - 0x00007ffa33f17000 	C:\WINDOWS\System32\win32u.dll
0x00007ffa34e30000 - 0x00007ffa34e5a000 	C:\WINDOWS\System32\GDI32.dll
0x00007ffa33490000 - 0x00007ffa335bb000 	C:\WINDOWS\System32\gdi32full.dll
0x00007ffa335c0000 - 0x00007ffa33663000 	C:\WINDOWS\System32\msvcp_win.dll
0x00007ffa24fc0000 - 0x00007ffa24fdb000 	C:\Program Files\Java\jdk-23\bin\VCRUNTIME140.dll
0x00007ffa180c0000 - 0x00007ffa18350000 	C:\WINDOWS\WinSxS\amd64_microsoft.windows.common-controls_6595b64144ccf1df_6.0.26100.2454_none_3e0b68a2e331ad60\COMCTL32.dll
0x00007ffa34040000 - 0x00007ffa340e9000 	C:\WINDOWS\System32\msvcrt.dll
0x00007ffa346d0000 - 0x00007ffa346ff000 	C:\WINDOWS\System32\IMM32.DLL
0x00007ffa257d0000 - 0x00007ffa257dc000 	C:\Program Files\Java\jdk-23\bin\vcruntime140_1.dll
0x00007ff9f6070000 - 0x00007ff9f60fe000 	C:\Program Files\Java\jdk-23\bin\msvcp140.dll
0x00007ff9d2f40000 - 0x00007ff9d3c8f000 	C:\Program Files\Java\jdk-23\bin\server\jvm.dll
0x00007ffa35cc0000 - 0x00007ffa35d74000 	C:\WINDOWS\System32\ADVAPI32.dll
0x00007ffa35a50000 - 0x00007ffa35af6000 	C:\WINDOWS\System32\sechost.dll
0x00007ffa33f20000 - 0x00007ffa34036000 	C:\WINDOWS\System32\RPCRT4.dll
0x00007ffa35030000 - 0x00007ffa350a4000 	C:\WINDOWS\System32\WS2_32.dll
0x00007ffa33320000 - 0x00007ffa3336e000 	C:\WINDOWS\SYSTEM32\POWRPROF.dll
0x00007ffa2b0e0000 - 0x00007ffa2b116000 	C:\WINDOWS\SYSTEM32\WINMM.dll
0x00007ffa2b120000 - 0x00007ffa2b12b000 	C:\WINDOWS\SYSTEM32\VERSION.dll
0x00007ffa33300000 - 0x00007ffa33314000 	C:\WINDOWS\SYSTEM32\UMPDC.dll
0x00007ffa322d0000 - 0x00007ffa322ea000 	C:\WINDOWS\SYSTEM32\kernel.appcore.dll
0x00007ffa26170000 - 0x00007ffa2617a000 	C:\Program Files\Java\jdk-23\bin\jimage.dll
0x00007ffa27080000 - 0x00007ffa272c1000 	C:\WINDOWS\SYSTEM32\DBGHELP.DLL
0x00007ffa342e0000 - 0x00007ffa3465e000 	C:\WINDOWS\System32\combase.dll
0x00007ffa350c0000 - 0x00007ffa35196000 	C:\WINDOWS\System32\OLEAUT32.dll
0x00007ffa18360000 - 0x00007ffa18399000 	C:\WINDOWS\SYSTEM32\dbgcore.DLL
0x00007ffa33c10000 - 0x00007ffa33ca9000 	C:\WINDOWS\System32\bcryptPrimitives.dll
0x00007ffa26150000 - 0x00007ffa2616e000 	C:\Program Files\Java\jdk-23\bin\java.dll
0x00007ffa35820000 - 0x00007ffa359b9000 	C:\WINDOWS\System32\ole32.dll
0x00007ffa34720000 - 0x00007ffa34e20000 	C:\WINDOWS\System32\SHELL32.dll

dbghelp: loaded successfully - version: 4.0.5 - missing functions: none
symbol engine: initialized successfully - sym options: 0x614 - pdb path: .;C:\Program Files\Java\jdk-23\bin;C:\WINDOWS\SYSTEM32;C:\WINDOWS\WinSxS\amd64_microsoft.windows.common-controls_6595b64144ccf1df_6.0.26100.2454_none_3e0b68a2e331ad60;C:\Program Files\Java\jdk-23\bin\server

VM Arguments:
jvm_args: -ea -Dfile.encoding=UTF-8 -Dstdout.encoding=UTF-8 -Dstderr.encoding=UTF-8 -XX:+ShowCodeDetailsInExceptionMessages 
java_command: org.testng.remote.RemoteTestNG -serport 59841 -protocol json -d C:\Users\nagar\git\repository\Seleniumfirstprojcet\test-output C:\Users\nagar\AppData\Local\Temp\testng-eclipse-492988355\testng-customsuite.xml
java_class_path (initial): C:\Users\nagar\eclipse\jee-2024-09\eclipse\configuration\org.eclipse.osgi\1029\0\.cp\lib\testng-remote.jar;C:\Users\nagar\git\repository\Seleniumfirstprojcet\bin;C:\Users\nagar\.p2\pool\plugins\org.testng_7.4.0.r202105021533.jar;C:\Users\nagar\.p2\pool\plugins\com.beust.jcommander_1.78.0.jar;C:\Users\nagar\.p2\pool\plugins\org.apache-extras.beanshell.bsh_2.0.0.b6.jar;C:\Users\nagar\.p2\pool\plugins\org.yaml.snakeyaml_1.21.0.jar;C:\Users\nagar\.p2\pool\plugins\org.webjars.jquery_3.5.1.jar;C:\Users\nagar\eclipse-workspace\Weddriver\selenium-server-4.26.0.jar;C:\Users\nagar\eclipse-workspace\Weddriver\Not used\poi-bin-5.2.3-20220909\poi-bin-5.2.3\poi-5.2.3.jar;C:\Users\nagar\eclipse-workspace\Weddriver\Not used\poi-bin-5.2.3-20220909\poi-bin-5.2.3\poi-examples-5.2.3.jar;C:\Users\nagar\eclipse-workspace\Weddriver\Not used\poi-bin-5.2.3-20220909\poi-bin-5.2.3\poi-excelant-5.2.3.jar;C:\Users\nagar\eclipse-workspace\Weddriver\Not used\poi-bin-5.2.3-20220909\poi-bin-5.2.3\poi-javadoc-5.2.3.jar;C:\Users\nagar\eclipse-workspace\Weddriver\Not used\poi-bin-5.2.3-20220909\poi-bin-5.2.3\poi-ooxml-5.2.3.jar;C:\Users\nagar\eclipse-workspace\Weddriver\Not used\poi-bin-5.2.3-20220909\poi-bin-5.2.3\poi-ooxml-full-5.2.3.jar;C:\Users\nagar\eclipse-workspace\Weddriver\Not used\poi-bin-5.2.3-20220909\poi-bin-5.2.3\poi-ooxml-lite-5.2.3.jar;C:\Users\nagar\eclipse-workspace\Weddriver\Not used\poi-bin-5.2.3-20220909\poi-bin-5.2.3\poi-scratchpad-5.2.3.jar;C:\Users\nagar\eclipse-workspace\Weddriver\Not used\poi-bin-5.2.3-20220909\poi-bin-5.2.3\lib\commons-codec-1.15.jar;C:\Users\nagar\eclipse-workspace\Weddriver\Not used\poi-bin-5.2.3-20220909\poi-bin-5.2.3\lib\commons-collections4-4.4.jar;C:\Users\nagar\eclipse-workspace\Weddriver\Not used\poi-bin-5.2.3-20220909\poi-bin-5.2.3\lib\commons-io-2.11.0.jar;C:\Users\nagar\eclipse-workspace\Weddriver\Not used\poi-bin-5.2.3-20220909\poi-bin-5.2.3\lib\commons-math3-3.6.1.jar;C:\Users\nagar\eclipse-workspace\Weddriver\Not used\poi-bin-5.2.3-20220909\poi-bin-5.2.3\lib\log4j-api-2.18.0.jar;C:\Users\nagar\eclipse-workspace\Weddriver\Not used\poi-bin-5.2.3-20220909\poi-bin-5.2.3\lib\SparseBitSet-1.2.jar;C:\Users\nagar\eclipse-workspace\Weddriver\Not used\poi-bin-5.2.3-20220909\poi-bin-5.2.3\ooxml-lib\commons-compress-1.21.jar;C:\Users\nagar\eclipse-workspace\Weddriver\Not used\poi-bin-5.2.3-20220909\poi-bin-5.2.3\ooxml-lib\commons-logging-1.2.jar;C:\Users\nagar\eclipse-workspace\Weddriver\Not used\poi-bin-5.2.3-20220909\poi-bin-5.2.3\ooxml-lib\curvesapi-1.07.jar;C:\Users\nagar\eclipse-workspace\Weddriver\Not used\poi-bin-5.2.3-20220909\poi-bin-5.2.3\ooxml-lib\jakarta.activation-2.0.1.jar;C:\Users\nagar\eclipse-workspace\Weddriver\Not used\poi-bin-5.2.3-20220909\poi-bin-5.2.3\ooxml-lib\jakarta.xml.bind-api-3.0.1.jar;C:\Users\nagar\eclipse-workspace\Weddriver\Not used\poi-bin-5.2.3-20220909\poi-bin-5.2.3\ooxml-lib\slf4j-api-1.7.36.jar;C:\Users\nagar\eclipse-workspace\Weddriver\Not used\poi-bin-5.2.3-20220909\poi-bin-5.2.3\ooxml-lib\xmlbeans-5.1.1.jar
Launcher Type: SUN_STANDARD

[Global flags]
     intx CICompilerCount                          = 2                                         {product} {ergonomic}
     uint ConcGCThreads                            = 1                                         {product} {ergonomic}
     uint G1ConcRefinementThreads                  = 2                                         {product} {ergonomic}
   size_t G1HeapRegionSize                         = 1048576                                   {product} {ergonomic}
   size_t InitialHeapSize                          = 100663296                                 {product} {ergonomic}
   size_t MarkStackSize                            = 4194304                                   {product} {ergonomic}
   size_t MarkStackSizeMax                         = 536870912                                 {product} {ergonomic}
   size_t MaxHeapSize                              = 1589641216                                {product} {ergonomic}
   size_t MinHeapDeltaBytes                        = 1048576                                   {product} {ergonomic}
   size_t MinHeapSize                              = 8388608                                   {product} {ergonomic}
    uintx NonNMethodCodeHeapSize                   = 5767168                                {pd product} {ergonomic}
    uintx NonProfiledCodeHeapSize                  = 123011072                              {pd product} {ergonomic}
    uintx ProfiledCodeHeapSize                     = 122880000                              {pd product} {ergonomic}
    uintx ReservedCodeCacheSize                    = 251658240                              {pd product} {ergonomic}
     bool SegmentedCodeCache                       = true                                      {product} {ergonomic}
     bool ShowCodeDetailsInExceptionMessages       = true                                   {manageable} {command line}
   size_t SoftMaxHeapSize                          = 1589641216                             {manageable} {ergonomic}
     bool UseCompressedOops                        = true                           {product lp64_product} {ergonomic}
     bool UseG1GC                                  = true                                      {product} {ergonomic}
     bool UseLargePagesIndividualAllocation        = false                                  {pd product} {ergonomic}

Logging:
Log output configuration:
 #0: stdout all=warning uptime,level,tags foldmultilines=false
 #1: stderr all=off uptime,level,tags foldmultilines=false

Environment Variables:
JAVA_HOME=C:\Program Files\Java\jdk-23
PATH=C:/Program Files/Java/jdk-23/bin/server;C:/Program Files/Java/jdk-23/bin;C:\Users\nagar\Python\Scripts\;C:\Users\nagar\Python\;C:\Program Files\Common Files\Oracle\Java\javapath;C:\windows\system32;C:\windows;C:\windows\System32\Wbem;C:\windows\System32\WindowsPowerShell\v1.0\;C:\windows\System32\OpenSSH\;C:\Program Files\HP\HP One Agent;C:\Program Files\MySQL\MySQL Server 8.0\bin;C:\Program Files\Java\jdk-23\bin;C:\Users\nagar\eclipse-workspace\chromedriver-win64\chromedriver-win64;C:\Users\nagar\apache-maven-3.9.9\bin;C:\Program Files\nodejs\;C:\Users\nagar\git\Git\cmd;C:\WINDOWS\system32;C:\WINDOWS;C:\WINDOWS\System32\Wbem;C:\WINDOWS\System32\WindowsPowerShell\v1.0\;C:\WINDOWS\System32\OpenSSH\;C:\Users\nagar\eclipse-workspace\chromedriver-win64 (2);C:\Users\nagar\Python;C:\Users\nagar\Python;C:\Program Files\MySQL\MySQL Shell 8.0\bin\;C:\Users\nagar\AppData\Local\Microsoft\WindowsApps;C:\Users\nagar\AppData\Local\Programs\Microsoft VS Code\bin;C:\Users\nagar\eclipse-workspace\chromedriver-win64;C:\Users\nagar\AppData\Roaming\npm;C:\Users\nagar\node-v20.18.0-x64.msi;;C:\WINDOWS\system32;
USERNAME=nagar
OS=Windows_NT
PROCESSOR_IDENTIFIER=AMD64 Family 23 Model 24 Stepping 1, AuthenticAMD
TMP=C:\Users\nagar\AppData\Local\Temp
TEMP=C:\Users\nagar\AppData\Local\Temp




Periodic native trim disabled

---------------  S Y S T E M  ---------------

OS:
 Windows 11 , 64 bit Build 26100 (10.0.26100.2454)
OS uptime: 1 days 13:21 hours

CPU: total 2 (initial active 2) (2 cores per cpu, 1 threads per core) family 23 model 24 stepping 1 microcode 0x8108109, cx8, cmov, fxsr, mmx, 3dnowpref, sse, sse2, sse3, ssse3, sse4a, sse4.1, sse4.2, popcnt, lzcnt, tsc, tscinvbit, avx, avx2, aes, clmul, bmi1, bmi2, adx, sha, fma, vzeroupper, clflush, clflushopt, rdtscp, f16c
Processor Information for the first 2 processors :
  Max Mhz: 2300, Current Mhz: 2300, Mhz Limit: 2300

Memory: 4k page, system-wide physical 6063M (363M free)
TotalPageFile size 24495M (AvailPageFile size 62M)
current process WorkingSet (physical memory assigned to process): 12M, peak: 12M
current process commit charge ("private bytes"): 48M, peak: 144M

vm_info: Java HotSpot(TM) 64-Bit Server VM (23.0.1+11-39) for windows-amd64 JRE (23.0.1+11-39), built on 2024-09-30T07:20:43Z with MS VC++ 17.6 (VS2022)

END.
